{"C:\\temp\\2025\\VonSim8\\packages\\assembler\\src\\global-store.ts": {"path":"C:\\temp\\2025\\VonSim8\\packages\\assembler\\src\\global-store.ts","all":false,"statementMap":{"0":{"start":{"line":1,"column":0},"end":{"line":1,"column":55}},"1":{"start":{"line":2,"column":0},"end":{"line":2,"column":57}},"2":{"start":{"line":3,"column":0},"end":{"line":3,"column":0}},"3":{"start":{"line":4,"column":0},"end":{"line":4,"column":41}},"4":{"start":{"line":5,"column":0},"end":{"line":5,"column":56}},"5":{"start":{"line":6,"column":0},"end":{"line":6,"column":58}},"6":{"start":{"line":7,"column":0},"end":{"line":7,"column":0}},"7":{"start":{"line":8,"column":0},"end":{"line":8,"column":21}},"8":{"start":{"line":9,"column":0},"end":{"line":9,"column":9}},"9":{"start":{"line":10,"column":0},"end":{"line":10,"column":65}},"10":{"start":{"line":11,"column":0},"end":{"line":11,"column":39}},"11":{"start":{"line":12,"column":0},"end":{"line":12,"column":2}},"12":{"start":{"line":13,"column":0},"end":{"line":13,"column":0}},"13":{"start":{"line":14,"column":0},"end":{"line":14,"column":3}},"14":{"start":{"line":15,"column":0},"end":{"line":15,"column":20}},"15":{"start":{"line":16,"column":0},"end":{"line":16,"column":2}},"16":{"start":{"line":17,"column":0},"end":{"line":17,"column":69}},"17":{"start":{"line":18,"column":0},"end":{"line":18,"column":2}},"18":{"start":{"line":19,"column":0},"end":{"line":19,"column":91}},"19":{"start":{"line":20,"column":0},"end":{"line":20,"column":95}},"20":{"start":{"line":21,"column":0},"end":{"line":21,"column":40}},"21":{"start":{"line":22,"column":0},"end":{"line":22,"column":2}},"22":{"start":{"line":23,"column":0},"end":{"line":23,"column":92}},"23":{"start":{"line":24,"column":0},"end":{"line":24,"column":62}},"24":{"start":{"line":25,"column":0},"end":{"line":25,"column":2}},"25":{"start":{"line":26,"column":0},"end":{"line":26,"column":21}},"26":{"start":{"line":27,"column":0},"end":{"line":27,"column":2}},"27":{"start":{"line":28,"column":0},"end":{"line":28,"column":12}},"28":{"start":{"line":29,"column":0},"end":{"line":29,"column":16}},"29":{"start":{"line":30,"column":0},"end":{"line":30,"column":6}},"30":{"start":{"line":31,"column":0},"end":{"line":31,"column":2}},"31":{"start":{"line":32,"column":0},"end":{"line":32,"column":73}},"32":{"start":{"line":33,"column":0},"end":{"line":33,"column":92}},"33":{"start":{"line":34,"column":0},"end":{"line":34,"column":2}},"34":{"start":{"line":35,"column":0},"end":{"line":35,"column":89}},"35":{"start":{"line":36,"column":0},"end":{"line":36,"column":69}},"36":{"start":{"line":37,"column":0},"end":{"line":37,"column":2}},"37":{"start":{"line":38,"column":0},"end":{"line":38,"column":75}},"38":{"start":{"line":39,"column":0},"end":{"line":39,"column":2}},"39":{"start":{"line":40,"column":0},"end":{"line":40,"column":94}},"40":{"start":{"line":41,"column":0},"end":{"line":41,"column":93}},"41":{"start":{"line":42,"column":0},"end":{"line":42,"column":2}},"42":{"start":{"line":43,"column":0},"end":{"line":43,"column":84}},"43":{"start":{"line":44,"column":0},"end":{"line":44,"column":2}},"44":{"start":{"line":45,"column":0},"end":{"line":45,"column":90}},"45":{"start":{"line":46,"column":0},"end":{"line":46,"column":54}},"46":{"start":{"line":47,"column":0},"end":{"line":47,"column":3}},"47":{"start":{"line":48,"column":0},"end":{"line":48,"column":26}},"48":{"start":{"line":49,"column":0},"end":{"line":49,"column":50}},"49":{"start":{"line":50,"column":0},"end":{"line":50,"column":49}},"50":{"start":{"line":51,"column":0},"end":{"line":51,"column":85}},"51":{"start":{"line":52,"column":0},"end":{"line":52,"column":0}},"52":{"start":{"line":53,"column":0},"end":{"line":53,"column":28}},"53":{"start":{"line":54,"column":0},"end":{"line":54,"column":29}},"54":{"start":{"line":55,"column":0},"end":{"line":55,"column":0}},"55":{"start":{"line":56,"column":0},"end":{"line":56,"column":5}},"56":{"start":{"line":57,"column":0},"end":{"line":57,"column":52}},"57":{"start":{"line":58,"column":0},"end":{"line":58,"column":64}},"58":{"start":{"line":59,"column":0},"end":{"line":59,"column":5}},"59":{"start":{"line":60,"column":0},"end":{"line":60,"column":66}},"60":{"start":{"line":61,"column":0},"end":{"line":61,"column":33}},"61":{"start":{"line":62,"column":0},"end":{"line":62,"column":56}},"62":{"start":{"line":63,"column":0},"end":{"line":63,"column":5}},"63":{"start":{"line":64,"column":0},"end":{"line":64,"column":0}},"64":{"start":{"line":65,"column":0},"end":{"line":65,"column":34}},"65":{"start":{"line":66,"column":0},"end":{"line":66,"column":24}},"66":{"start":{"line":67,"column":0},"end":{"line":67,"column":45}},"67":{"start":{"line":68,"column":0},"end":{"line":68,"column":0}},"68":{"start":{"line":69,"column":0},"end":{"line":69,"column":41}},"69":{"start":{"line":70,"column":0},"end":{"line":70,"column":44}},"70":{"start":{"line":71,"column":0},"end":{"line":71,"column":37}},"71":{"start":{"line":72,"column":0},"end":{"line":72,"column":0}},"72":{"start":{"line":73,"column":0},"end":{"line":73,"column":45}},"73":{"start":{"line":74,"column":0},"end":{"line":74,"column":100}},"74":{"start":{"line":75,"column":0},"end":{"line":75,"column":17}},"75":{"start":{"line":76,"column":0},"end":{"line":76,"column":7}},"76":{"start":{"line":77,"column":0},"end":{"line":77,"column":0}},"77":{"start":{"line":78,"column":0},"end":{"line":78,"column":38}},"78":{"start":{"line":79,"column":0},"end":{"line":79,"column":42}},"79":{"start":{"line":80,"column":0},"end":{"line":80,"column":30}},"80":{"start":{"line":81,"column":0},"end":{"line":81,"column":41}},"81":{"start":{"line":82,"column":0},"end":{"line":82,"column":11}},"82":{"start":{"line":83,"column":0},"end":{"line":83,"column":49}},"83":{"start":{"line":84,"column":0},"end":{"line":84,"column":42}},"84":{"start":{"line":85,"column":0},"end":{"line":85,"column":22}},"85":{"start":{"line":86,"column":0},"end":{"line":86,"column":30}},"86":{"start":{"line":87,"column":0},"end":{"line":87,"column":11}},"87":{"start":{"line":88,"column":0},"end":{"line":88,"column":14}},"88":{"start":{"line":89,"column":0},"end":{"line":89,"column":42}},"89":{"start":{"line":90,"column":0},"end":{"line":90,"column":36}},"90":{"start":{"line":91,"column":0},"end":{"line":91,"column":41}},"91":{"start":{"line":92,"column":0},"end":{"line":92,"column":11}},"92":{"start":{"line":93,"column":0},"end":{"line":93,"column":7}},"93":{"start":{"line":94,"column":0},"end":{"line":94,"column":5}},"94":{"start":{"line":95,"column":0},"end":{"line":95,"column":0}},"95":{"start":{"line":96,"column":0},"end":{"line":96,"column":18}},"96":{"start":{"line":97,"column":0},"end":{"line":97,"column":3}},"97":{"start":{"line":98,"column":0},"end":{"line":98,"column":0}},"98":{"start":{"line":99,"column":0},"end":{"line":99,"column":68}},"99":{"start":{"line":100,"column":0},"end":{"line":100,"column":34}},"100":{"start":{"line":101,"column":0},"end":{"line":101,"column":58}},"101":{"start":{"line":102,"column":0},"end":{"line":102,"column":5}},"102":{"start":{"line":103,"column":0},"end":{"line":103,"column":0}},"103":{"start":{"line":104,"column":0},"end":{"line":104,"column":35}},"104":{"start":{"line":105,"column":0},"end":{"line":105,"column":28}},"105":{"start":{"line":106,"column":0},"end":{"line":106,"column":45}},"106":{"start":{"line":107,"column":0},"end":{"line":107,"column":0}},"107":{"start":{"line":108,"column":0},"end":{"line":108,"column":59}},"108":{"start":{"line":109,"column":0},"end":{"line":109,"column":35}},"109":{"start":{"line":110,"column":0},"end":{"line":110,"column":80}},"110":{"start":{"line":111,"column":0},"end":{"line":111,"column":6}},"111":{"start":{"line":112,"column":0},"end":{"line":112,"column":0}},"112":{"start":{"line":113,"column":0},"end":{"line":113,"column":57}},"113":{"start":{"line":114,"column":0},"end":{"line":114,"column":75}},"114":{"start":{"line":115,"column":0},"end":{"line":115,"column":0}},"115":{"start":{"line":116,"column":0},"end":{"line":116,"column":87}},"116":{"start":{"line":117,"column":0},"end":{"line":117,"column":57}},"117":{"start":{"line":118,"column":0},"end":{"line":118,"column":73}},"118":{"start":{"line":119,"column":0},"end":{"line":119,"column":5}},"119":{"start":{"line":120,"column":0},"end":{"line":120,"column":0}},"120":{"start":{"line":121,"column":0},"end":{"line":121,"column":49}},"121":{"start":{"line":122,"column":0},"end":{"line":122,"column":86}},"122":{"start":{"line":123,"column":0},"end":{"line":123,"column":68}},"123":{"start":{"line":124,"column":0},"end":{"line":124,"column":45}},"124":{"start":{"line":125,"column":0},"end":{"line":125,"column":80}},"125":{"start":{"line":126,"column":0},"end":{"line":126,"column":42}},"126":{"start":{"line":127,"column":0},"end":{"line":127,"column":46}},"127":{"start":{"line":128,"column":0},"end":{"line":128,"column":0}},"128":{"start":{"line":129,"column":0},"end":{"line":129,"column":44}},"129":{"start":{"line":130,"column":0},"end":{"line":130,"column":50}},"130":{"start":{"line":131,"column":0},"end":{"line":131,"column":48}},"131":{"start":{"line":132,"column":0},"end":{"line":132,"column":43}},"132":{"start":{"line":133,"column":0},"end":{"line":133,"column":0}},"133":{"start":{"line":134,"column":0},"end":{"line":134,"column":41}},"134":{"start":{"line":135,"column":0},"end":{"line":135,"column":38}},"135":{"start":{"line":136,"column":0},"end":{"line":136,"column":46}},"136":{"start":{"line":137,"column":0},"end":{"line":137,"column":46}},"137":{"start":{"line":138,"column":0},"end":{"line":138,"column":44}},"138":{"start":{"line":139,"column":0},"end":{"line":139,"column":47}},"139":{"start":{"line":140,"column":0},"end":{"line":140,"column":39}},"140":{"start":{"line":141,"column":0},"end":{"line":141,"column":7}},"141":{"start":{"line":142,"column":0},"end":{"line":142,"column":5}},"142":{"start":{"line":143,"column":0},"end":{"line":143,"column":0}},"143":{"start":{"line":144,"column":0},"end":{"line":144,"column":22}},"144":{"start":{"line":145,"column":0},"end":{"line":145,"column":47}},"145":{"start":{"line":146,"column":0},"end":{"line":146,"column":79}},"146":{"start":{"line":147,"column":0},"end":{"line":147,"column":79}},"147":{"start":{"line":148,"column":0},"end":{"line":148,"column":47}},"148":{"start":{"line":149,"column":0},"end":{"line":149,"column":26}},"149":{"start":{"line":150,"column":0},"end":{"line":150,"column":0}},"150":{"start":{"line":151,"column":0},"end":{"line":151,"column":24}},"151":{"start":{"line":152,"column":0},"end":{"line":152,"column":19}},"152":{"start":{"line":153,"column":0},"end":{"line":153,"column":22}},"153":{"start":{"line":154,"column":0},"end":{"line":154,"column":40}},"154":{"start":{"line":155,"column":0},"end":{"line":155,"column":83}},"155":{"start":{"line":156,"column":0},"end":{"line":156,"column":0}},"156":{"start":{"line":157,"column":0},"end":{"line":157,"column":43}},"157":{"start":{"line":158,"column":0},"end":{"line":158,"column":49}},"158":{"start":{"line":159,"column":0},"end":{"line":159,"column":34}},"159":{"start":{"line":160,"column":0},"end":{"line":160,"column":19}},"160":{"start":{"line":161,"column":0},"end":{"line":161,"column":11}},"161":{"start":{"line":162,"column":0},"end":{"line":162,"column":0}},"162":{"start":{"line":163,"column":0},"end":{"line":163,"column":38}},"163":{"start":{"line":164,"column":0},"end":{"line":164,"column":33}},"164":{"start":{"line":165,"column":0},"end":{"line":165,"column":66}},"165":{"start":{"line":166,"column":0},"end":{"line":166,"column":11}},"166":{"start":{"line":167,"column":0},"end":{"line":167,"column":0}},"167":{"start":{"line":168,"column":0},"end":{"line":168,"column":42}},"168":{"start":{"line":169,"column":0},"end":{"line":169,"column":32}},"169":{"start":{"line":170,"column":0},"end":{"line":170,"column":43}},"170":{"start":{"line":171,"column":0},"end":{"line":171,"column":0}},"171":{"start":{"line":172,"column":0},"end":{"line":172,"column":61}},"172":{"start":{"line":173,"column":0},"end":{"line":173,"column":46}},"173":{"start":{"line":174,"column":0},"end":{"line":174,"column":75}},"174":{"start":{"line":175,"column":0},"end":{"line":175,"column":26}},"175":{"start":{"line":176,"column":0},"end":{"line":176,"column":96}},"176":{"start":{"line":177,"column":0},"end":{"line":177,"column":16}},"177":{"start":{"line":178,"column":0},"end":{"line":178,"column":47}},"178":{"start":{"line":179,"column":0},"end":{"line":179,"column":13}},"179":{"start":{"line":180,"column":0},"end":{"line":180,"column":11}},"180":{"start":{"line":181,"column":0},"end":{"line":181,"column":56}},"181":{"start":{"line":182,"column":0},"end":{"line":182,"column":30}},"182":{"start":{"line":183,"column":0},"end":{"line":183,"column":0}},"183":{"start":{"line":184,"column":0},"end":{"line":184,"column":44}},"184":{"start":{"line":185,"column":0},"end":{"line":185,"column":54}},"185":{"start":{"line":186,"column":0},"end":{"line":186,"column":94}},"186":{"start":{"line":187,"column":0},"end":{"line":187,"column":13}},"187":{"start":{"line":188,"column":0},"end":{"line":188,"column":60}},"188":{"start":{"line":189,"column":0},"end":{"line":189,"column":0}},"189":{"start":{"line":190,"column":0},"end":{"line":190,"column":52}},"190":{"start":{"line":191,"column":0},"end":{"line":191,"column":82}},"191":{"start":{"line":192,"column":0},"end":{"line":192,"column":13}},"192":{"start":{"line":193,"column":0},"end":{"line":193,"column":0}},"193":{"start":{"line":194,"column":0},"end":{"line":194,"column":25}},"194":{"start":{"line":195,"column":0},"end":{"line":195,"column":68}},"195":{"start":{"line":196,"column":0},"end":{"line":196,"column":84}},"196":{"start":{"line":197,"column":0},"end":{"line":197,"column":15}},"197":{"start":{"line":198,"column":0},"end":{"line":198,"column":13}},"198":{"start":{"line":199,"column":0},"end":{"line":199,"column":0}},"199":{"start":{"line":200,"column":0},"end":{"line":200,"column":46}},"200":{"start":{"line":201,"column":0},"end":{"line":201,"column":78}},"201":{"start":{"line":202,"column":0},"end":{"line":202,"column":11}},"202":{"start":{"line":203,"column":0},"end":{"line":203,"column":0}},"203":{"start":{"line":204,"column":0},"end":{"line":204,"column":59}},"204":{"start":{"line":205,"column":0},"end":{"line":205,"column":43}},"205":{"start":{"line":206,"column":0},"end":{"line":206,"column":32}},"206":{"start":{"line":207,"column":0},"end":{"line":207,"column":46}},"207":{"start":{"line":208,"column":0},"end":{"line":208,"column":84}},"208":{"start":{"line":209,"column":0},"end":{"line":209,"column":36}},"209":{"start":{"line":210,"column":0},"end":{"line":210,"column":15}},"210":{"start":{"line":211,"column":0},"end":{"line":211,"column":11}},"211":{"start":{"line":212,"column":0},"end":{"line":212,"column":73}},"212":{"start":{"line":213,"column":0},"end":{"line":213,"column":34}},"213":{"start":{"line":214,"column":0},"end":{"line":214,"column":123}},"214":{"start":{"line":215,"column":0},"end":{"line":215,"column":11}},"215":{"start":{"line":216,"column":0},"end":{"line":216,"column":10}},"216":{"start":{"line":217,"column":0},"end":{"line":217,"column":28}},"217":{"start":{"line":218,"column":0},"end":{"line":218,"column":8}},"218":{"start":{"line":219,"column":0},"end":{"line":219,"column":20}},"219":{"start":{"line":220,"column":0},"end":{"line":220,"column":12}},"220":{"start":{"line":221,"column":0},"end":{"line":221,"column":39}},"221":{"start":{"line":222,"column":0},"end":{"line":222,"column":134}},"222":{"start":{"line":223,"column":0},"end":{"line":223,"column":21}},"223":{"start":{"line":224,"column":0},"end":{"line":224,"column":22}},"224":{"start":{"line":225,"column":0},"end":{"line":225,"column":43}},"225":{"start":{"line":226,"column":0},"end":{"line":226,"column":83}},"226":{"start":{"line":227,"column":0},"end":{"line":227,"column":0}},"227":{"start":{"line":228,"column":0},"end":{"line":228,"column":43}},"228":{"start":{"line":229,"column":0},"end":{"line":229,"column":49}},"229":{"start":{"line":230,"column":0},"end":{"line":230,"column":33}},"230":{"start":{"line":231,"column":0},"end":{"line":231,"column":36}},"231":{"start":{"line":232,"column":0},"end":{"line":232,"column":20}},"232":{"start":{"line":233,"column":0},"end":{"line":233,"column":36}},"233":{"start":{"line":234,"column":0},"end":{"line":234,"column":13}},"234":{"start":{"line":235,"column":0},"end":{"line":235,"column":19}},"235":{"start":{"line":236,"column":0},"end":{"line":236,"column":11}},"236":{"start":{"line":237,"column":0},"end":{"line":237,"column":0}},"237":{"start":{"line":238,"column":0},"end":{"line":238,"column":30}},"238":{"start":{"line":239,"column":0},"end":{"line":239,"column":44}},"239":{"start":{"line":240,"column":0},"end":{"line":240,"column":39}},"240":{"start":{"line":241,"column":0},"end":{"line":241,"column":86}},"241":{"start":{"line":242,"column":0},"end":{"line":242,"column":44}},"242":{"start":{"line":243,"column":0},"end":{"line":243,"column":13}},"243":{"start":{"line":244,"column":0},"end":{"line":244,"column":34}},"244":{"start":{"line":245,"column":0},"end":{"line":245,"column":49}},"245":{"start":{"line":246,"column":0},"end":{"line":246,"column":34}},"246":{"start":{"line":247,"column":0},"end":{"line":247,"column":18}},"247":{"start":{"line":248,"column":0},"end":{"line":248,"column":66}},"248":{"start":{"line":249,"column":0},"end":{"line":249,"column":11}},"249":{"start":{"line":250,"column":0},"end":{"line":250,"column":0}},"250":{"start":{"line":251,"column":0},"end":{"line":251,"column":42}},"251":{"start":{"line":252,"column":0},"end":{"line":252,"column":0}},"252":{"start":{"line":253,"column":0},"end":{"line":253,"column":44}},"253":{"start":{"line":254,"column":0},"end":{"line":254,"column":54}},"254":{"start":{"line":255,"column":0},"end":{"line":255,"column":94}},"255":{"start":{"line":256,"column":0},"end":{"line":256,"column":13}},"256":{"start":{"line":257,"column":0},"end":{"line":257,"column":60}},"257":{"start":{"line":258,"column":0},"end":{"line":258,"column":0}},"258":{"start":{"line":259,"column":0},"end":{"line":259,"column":52}},"259":{"start":{"line":260,"column":0},"end":{"line":260,"column":82}},"260":{"start":{"line":261,"column":0},"end":{"line":261,"column":13}},"261":{"start":{"line":262,"column":0},"end":{"line":262,"column":0}},"262":{"start":{"line":263,"column":0},"end":{"line":263,"column":25}},"263":{"start":{"line":264,"column":0},"end":{"line":264,"column":68}},"264":{"start":{"line":265,"column":0},"end":{"line":265,"column":84}},"265":{"start":{"line":266,"column":0},"end":{"line":266,"column":15}},"266":{"start":{"line":267,"column":0},"end":{"line":267,"column":13}},"267":{"start":{"line":268,"column":0},"end":{"line":268,"column":0}},"268":{"start":{"line":269,"column":0},"end":{"line":269,"column":46}},"269":{"start":{"line":270,"column":0},"end":{"line":270,"column":78}},"270":{"start":{"line":271,"column":0},"end":{"line":271,"column":11}},"271":{"start":{"line":272,"column":0},"end":{"line":272,"column":0}},"272":{"start":{"line":273,"column":0},"end":{"line":273,"column":59}},"273":{"start":{"line":274,"column":0},"end":{"line":274,"column":43}},"274":{"start":{"line":275,"column":0},"end":{"line":275,"column":32}},"275":{"start":{"line":276,"column":0},"end":{"line":276,"column":46}},"276":{"start":{"line":277,"column":0},"end":{"line":277,"column":84}},"277":{"start":{"line":278,"column":0},"end":{"line":278,"column":36}},"278":{"start":{"line":279,"column":0},"end":{"line":279,"column":15}},"279":{"start":{"line":280,"column":0},"end":{"line":280,"column":11}},"280":{"start":{"line":281,"column":0},"end":{"line":281,"column":44}},"281":{"start":{"line":282,"column":0},"end":{"line":282,"column":39}},"282":{"start":{"line":283,"column":0},"end":{"line":283,"column":54}},"283":{"start":{"line":284,"column":0},"end":{"line":284,"column":13}},"284":{"start":{"line":285,"column":0},"end":{"line":285,"column":34}},"285":{"start":{"line":286,"column":0},"end":{"line":286,"column":49}},"286":{"start":{"line":287,"column":0},"end":{"line":287,"column":34}},"287":{"start":{"line":288,"column":0},"end":{"line":288,"column":123}},"288":{"start":{"line":289,"column":0},"end":{"line":289,"column":11}},"289":{"start":{"line":290,"column":0},"end":{"line":290,"column":10}},"290":{"start":{"line":291,"column":0},"end":{"line":291,"column":28}},"291":{"start":{"line":292,"column":0},"end":{"line":292,"column":8}},"292":{"start":{"line":293,"column":0},"end":{"line":293,"column":20}},"293":{"start":{"line":294,"column":0},"end":{"line":294,"column":5}},"294":{"start":{"line":295,"column":0},"end":{"line":295,"column":3}},"295":{"start":{"line":296,"column":0},"end":{"line":296,"column":0}},"296":{"start":{"line":297,"column":0},"end":{"line":297,"column":5}},"297":{"start":{"line":298,"column":0},"end":{"line":298,"column":43}},"298":{"start":{"line":299,"column":0},"end":{"line":299,"column":5}},"299":{"start":{"line":300,"column":0},"end":{"line":300,"column":30}},"300":{"start":{"line":301,"column":0},"end":{"line":301,"column":34}},"301":{"start":{"line":302,"column":0},"end":{"line":302,"column":82}},"302":{"start":{"line":303,"column":0},"end":{"line":303,"column":5}},"303":{"start":{"line":304,"column":0},"end":{"line":304,"column":0}},"304":{"start":{"line":305,"column":0},"end":{"line":305,"column":34}},"305":{"start":{"line":306,"column":0},"end":{"line":306,"column":3}},"306":{"start":{"line":307,"column":0},"end":{"line":307,"column":0}},"307":{"start":{"line":308,"column":0},"end":{"line":308,"column":5}},"308":{"start":{"line":309,"column":0},"end":{"line":309,"column":39}},"309":{"start":{"line":310,"column":0},"end":{"line":310,"column":5}},"310":{"start":{"line":311,"column":0},"end":{"line":311,"column":31}},"311":{"start":{"line":312,"column":0},"end":{"line":312,"column":34}},"312":{"start":{"line":313,"column":0},"end":{"line":313,"column":78}},"313":{"start":{"line":314,"column":0},"end":{"line":314,"column":5}},"314":{"start":{"line":315,"column":0},"end":{"line":315,"column":0}},"315":{"start":{"line":316,"column":0},"end":{"line":316,"column":40}},"316":{"start":{"line":317,"column":0},"end":{"line":317,"column":3}},"317":{"start":{"line":318,"column":0},"end":{"line":318,"column":0}},"318":{"start":{"line":319,"column":0},"end":{"line":319,"column":5}},"319":{"start":{"line":320,"column":0},"end":{"line":320,"column":37}},"320":{"start":{"line":321,"column":0},"end":{"line":321,"column":76}},"321":{"start":{"line":322,"column":0},"end":{"line":322,"column":72}},"322":{"start":{"line":323,"column":0},"end":{"line":323,"column":5}},"323":{"start":{"line":324,"column":0},"end":{"line":324,"column":32}},"324":{"start":{"line":325,"column":0},"end":{"line":325,"column":34}},"325":{"start":{"line":326,"column":0},"end":{"line":326,"column":78}},"326":{"start":{"line":327,"column":0},"end":{"line":327,"column":5}},"327":{"start":{"line":328,"column":0},"end":{"line":328,"column":0}},"328":{"start":{"line":329,"column":0},"end":{"line":329,"column":40}},"329":{"start":{"line":330,"column":0},"end":{"line":330,"column":32}},"330":{"start":{"line":331,"column":0},"end":{"line":331,"column":0}},"331":{"start":{"line":332,"column":0},"end":{"line":332,"column":30}},"332":{"start":{"line":333,"column":0},"end":{"line":333,"column":42}},"333":{"start":{"line":334,"column":0},"end":{"line":334,"column":12}},"334":{"start":{"line":335,"column":0},"end":{"line":335,"column":37}},"335":{"start":{"line":336,"column":0},"end":{"line":336,"column":84}},"336":{"start":{"line":337,"column":0},"end":{"line":337,"column":7}},"337":{"start":{"line":338,"column":0},"end":{"line":338,"column":0}},"338":{"start":{"line":339,"column":0},"end":{"line":339,"column":32}},"339":{"start":{"line":340,"column":0},"end":{"line":340,"column":5}},"340":{"start":{"line":341,"column":0},"end":{"line":341,"column":3}},"341":{"start":{"line":342,"column":0},"end":{"line":342,"column":0}},"342":{"start":{"line":343,"column":0},"end":{"line":343,"column":5}},"343":{"start":{"line":344,"column":0},"end":{"line":344,"column":67}},"344":{"start":{"line":345,"column":0},"end":{"line":345,"column":52}},"345":{"start":{"line":346,"column":0},"end":{"line":346,"column":5}},"346":{"start":{"line":347,"column":0},"end":{"line":347,"column":63}},"347":{"start":{"line":348,"column":0},"end":{"line":348,"column":66}},"348":{"start":{"line":349,"column":0},"end":{"line":349,"column":40}},"349":{"start":{"line":350,"column":0},"end":{"line":350,"column":3}},"350":{"start":{"line":351,"column":0},"end":{"line":351,"column":0}},"351":{"start":{"line":352,"column":0},"end":{"line":352,"column":33}},"352":{"start":{"line":353,"column":0},"end":{"line":353,"column":23}},"353":{"start":{"line":354,"column":0},"end":{"line":354,"column":3}},"354":{"start":{"line":355,"column":0},"end":{"line":355,"column":1}}},"s":{"0":1,"1":1,"2":1,"3":1,"4":1,"5":1,"6":1,"7":1,"8":1,"9":1,"10":1,"11":1,"12":1,"13":1,"14":1,"15":1,"16":1,"17":1,"18":1,"19":1,"20":1,"21":1,"22":1,"23":1,"24":1,"25":1,"26":1,"27":1,"28":1,"29":1,"30":1,"31":1,"32":1,"33":1,"34":1,"35":1,"36":1,"37":1,"38":1,"39":1,"40":1,"41":1,"42":1,"43":1,"44":1,"45":1,"46":1,"47":1,"48":9,"49":9,"50":9,"51":9,"52":9,"53":9,"54":9,"55":9,"56":9,"57":9,"58":9,"59":9,"60":9,"61":0,"62":0,"63":9,"64":9,"65":9,"66":9,"67":9,"68":9,"69":228,"70":208,"71":68,"72":228,"73":0,"74":0,"75":0,"76":68,"77":228,"78":33,"79":33,"80":33,"81":33,"82":228,"83":12,"84":12,"85":12,"86":12,"87":35,"88":23,"89":23,"90":23,"91":23,"92":23,"93":228,"94":9,"95":9,"96":9,"97":9,"98":9,"99":9,"100":0,"101":0,"102":9,"103":9,"104":9,"105":9,"106":9,"107":9,"108":9,"109":9,"110":9,"111":9,"112":9,"113":9,"114":9,"115":9,"116":9,"117":0,"118":0,"119":9,"120":9,"121":9,"122":9,"123":9,"124":9,"125":9,"126":9,"127":9,"128":9,"129":9,"130":9,"131":9,"132":9,"133":9,"134":228,"135":172,"136":228,"137":20,"138":56,"139":36,"140":36,"141":228,"142":9,"143":9,"144":8,"145":8,"146":8,"147":8,"148":8,"149":8,"150":8,"151":8,"152":8,"153":221,"154":221,"155":209,"156":221,"157":20,"158":20,"159":20,"160":20,"161":189,"162":189,"163":221,"164":0,"165":0,"166":189,"167":189,"168":189,"169":189,"170":189,"171":189,"172":221,"173":2292,"174":0,"175":0,"176":0,"177":0,"178":0,"179":2292,"180":189,"181":189,"182":189,"183":221,"184":351,"185":0,"186":0,"187":351,"188":351,"189":351,"190":0,"191":0,"192":351,"193":351,"194":90,"195":0,"196":0,"197":90,"198":351,"199":351,"200":351,"201":351,"202":189,"203":189,"204":189,"205":221,"206":53,"207":53,"208":53,"209":53,"210":53,"211":221,"212":189,"213":189,"214":189,"215":221,"216":8,"217":8,"218":8,"219":9,"220":1,"221":1,"222":1,"223":1,"224":7,"225":7,"226":7,"227":7,"228":0,"229":0,"230":0,"231":0,"232":0,"233":0,"234":0,"235":0,"236":7,"237":7,"238":7,"239":3,"240":1,"241":1,"242":1,"243":3,"244":7,"245":4,"246":4,"247":0,"248":0,"249":7,"250":7,"251":7,"252":7,"253":10,"254":0,"255":0,"256":10,"257":10,"258":10,"259":0,"260":0,"261":10,"262":10,"263":0,"264":0,"265":0,"266":0,"267":10,"268":10,"269":10,"270":10,"271":7,"272":7,"273":7,"274":7,"275":3,"276":3,"277":3,"278":3,"279":3,"280":7,"281":3,"282":0,"283":0,"284":3,"285":7,"286":4,"287":4,"288":4,"289":7,"290":1,"291":1,"292":1,"293":1,"294":9,"295":9,"296":9,"297":9,"298":9,"299":9,"300":65,"301":0,"302":0,"303":65,"304":65,"305":65,"306":9,"307":9,"308":9,"309":9,"310":9,"311":103,"312":0,"313":0,"314":103,"315":103,"316":103,"317":9,"318":9,"319":9,"320":9,"321":9,"322":9,"323":9,"324":79,"325":0,"326":0,"327":79,"328":79,"329":79,"330":79,"331":79,"332":13,"333":79,"334":66,"335":0,"336":0,"337":66,"338":66,"339":66,"340":79,"341":9,"342":9,"343":9,"344":9,"345":9,"346":9,"347":19,"348":19,"349":19,"350":9,"351":9,"352":9,"353":9,"354":9},"branchMap":{"0":{"type":"branch","line":48,"loc":{"start":{"line":48,"column":25},"end":{"line":355,"column":1}},"locations":[{"start":{"line":48,"column":25},"end":{"line":355,"column":1}}]},"1":{"type":"branch","line":60,"loc":{"start":{"line":60,"column":2},"end":{"line":97,"column":3}},"locations":[{"start":{"line":60,"column":2},"end":{"line":97,"column":3}}]},"2":{"type":"branch","line":61,"loc":{"start":{"line":61,"column":32},"end":{"line":63,"column":5}},"locations":[{"start":{"line":61,"column":32},"end":{"line":63,"column":5}}]},"3":{"type":"branch","line":69,"loc":{"start":{"line":69,"column":40},"end":{"line":94,"column":5}},"locations":[{"start":{"line":69,"column":40},"end":{"line":94,"column":5}}]},"4":{"type":"branch","line":70,"loc":{"start":{"line":70,"column":35},"end":{"line":70,"column":44}},"locations":[{"start":{"line":70,"column":35},"end":{"line":70,"column":44}}]},"5":{"type":"branch","line":70,"loc":{"start":{"line":70,"column":35},"end":{"line":71,"column":37}},"locations":[{"start":{"line":70,"column":35},"end":{"line":71,"column":37}}]},"6":{"type":"branch","line":71,"loc":{"start":{"line":71,"column":28},"end":{"line":71,"column":37}},"locations":[{"start":{"line":71,"column":28},"end":{"line":71,"column":37}}]},"7":{"type":"branch","line":71,"loc":{"start":{"line":71,"column":28},"end":{"line":73,"column":44}},"locations":[{"start":{"line":71,"column":28},"end":{"line":73,"column":44}}]},"8":{"type":"branch","line":73,"loc":{"start":{"line":73,"column":44},"end":{"line":76,"column":7}},"locations":[{"start":{"line":73,"column":44},"end":{"line":76,"column":7}}]},"9":{"type":"branch","line":76,"loc":{"start":{"line":76,"column":6},"end":{"line":78,"column":37}},"locations":[{"start":{"line":76,"column":6},"end":{"line":78,"column":37}}]},"10":{"type":"branch","line":78,"loc":{"start":{"line":78,"column":37},"end":{"line":83,"column":17}},"locations":[{"start":{"line":78,"column":37},"end":{"line":83,"column":17}}]},"11":{"type":"branch","line":83,"loc":{"start":{"line":83,"column":6},"end":{"line":93,"column":7}},"locations":[{"start":{"line":83,"column":6},"end":{"line":93,"column":7}}]},"12":{"type":"branch","line":83,"loc":{"start":{"line":83,"column":48},"end":{"line":88,"column":13}},"locations":[{"start":{"line":83,"column":48},"end":{"line":88,"column":13}}]},"13":{"type":"branch","line":88,"loc":{"start":{"line":88,"column":6},"end":{"line":93,"column":7}},"locations":[{"start":{"line":88,"column":6},"end":{"line":93,"column":7}}]},"14":{"type":"branch","line":99,"loc":{"start":{"line":99,"column":2},"end":{"line":295,"column":3}},"locations":[{"start":{"line":99,"column":2},"end":{"line":295,"column":3}}]},"15":{"type":"branch","line":100,"loc":{"start":{"line":100,"column":33},"end":{"line":102,"column":5}},"locations":[{"start":{"line":100,"column":33},"end":{"line":102,"column":5}}]},"16":{"type":"branch","line":117,"loc":{"start":{"line":117,"column":13},"end":{"line":117,"column":56}},"locations":[{"start":{"line":117,"column":13},"end":{"line":117,"column":56}}]},"17":{"type":"branch","line":117,"loc":{"start":{"line":117,"column":56},"end":{"line":119,"column":5}},"locations":[{"start":{"line":117,"column":56},"end":{"line":119,"column":5}}]},"18":{"type":"branch","line":125,"loc":{"start":{"line":125,"column":22},"end":{"line":125,"column":47}},"locations":[{"start":{"line":125,"column":22},"end":{"line":125,"column":47}}]},"19":{"type":"branch","line":125,"loc":{"start":{"line":125,"column":38},"end":{"line":125,"column":54}},"locations":[{"start":{"line":125,"column":38},"end":{"line":125,"column":54}}]},"20":{"type":"branch","line":125,"loc":{"start":{"line":125,"column":59},"end":{"line":125,"column":75}},"locations":[{"start":{"line":125,"column":59},"end":{"line":125,"column":75}}]},"21":{"type":"branch","line":125,"loc":{"start":{"line":125,"column":68},"end":{"line":125,"column":80}},"locations":[{"start":{"line":125,"column":68},"end":{"line":125,"column":80}}]},"22":{"type":"branch","line":134,"loc":{"start":{"line":134,"column":40},"end":{"line":142,"column":5}},"locations":[{"start":{"line":134,"column":40},"end":{"line":142,"column":5}}]},"23":{"type":"branch","line":135,"loc":{"start":{"line":135,"column":37},"end":{"line":137,"column":17}},"locations":[{"start":{"line":135,"column":37},"end":{"line":137,"column":17}}]},"24":{"type":"branch","line":137,"loc":{"start":{"line":137,"column":6},"end":{"line":141,"column":7}},"locations":[{"start":{"line":137,"column":6},"end":{"line":141,"column":7}}]},"25":{"type":"branch","line":137,"loc":{"start":{"line":137,"column":45},"end":{"line":139,"column":17}},"locations":[{"start":{"line":137,"column":45},"end":{"line":139,"column":17}}]},"26":{"type":"branch","line":139,"loc":{"start":{"line":139,"column":6},"end":{"line":141,"column":7}},"locations":[{"start":{"line":139,"column":6},"end":{"line":141,"column":7}}]},"27":{"type":"branch","line":144,"loc":{"start":{"line":144,"column":21},"end":{"line":220,"column":11}},"locations":[{"start":{"line":144,"column":21},"end":{"line":220,"column":11}}]},"28":{"type":"branch","line":220,"loc":{"start":{"line":220,"column":4},"end":{"line":294,"column":5}},"locations":[{"start":{"line":220,"column":4},"end":{"line":294,"column":5}}]},"29":{"type":"branch","line":110,"loc":{"start":{"line":110,"column":6},"end":{"line":110,"column":80}},"locations":[{"start":{"line":110,"column":6},"end":{"line":110,"column":80}}]},"30":{"type":"branch","line":110,"loc":{"start":{"line":110,"column":43},"end":{"line":110,"column":80}},"locations":[{"start":{"line":110,"column":43},"end":{"line":110,"column":80}}]},"31":{"type":"branch","line":114,"loc":{"start":{"line":114,"column":34},"end":{"line":114,"column":73}},"locations":[{"start":{"line":114,"column":34},"end":{"line":114,"column":73}}]},"32":{"type":"branch","line":153,"loc":{"start":{"line":153,"column":8},"end":{"line":216,"column":10}},"locations":[{"start":{"line":153,"column":8},"end":{"line":216,"column":10}}]},"33":{"type":"branch","line":154,"loc":{"start":{"line":154,"column":33},"end":{"line":154,"column":40}},"locations":[{"start":{"line":154,"column":33},"end":{"line":154,"column":40}}]},"34":{"type":"branch","line":155,"loc":{"start":{"line":155,"column":40},"end":{"line":155,"column":76}},"locations":[{"start":{"line":155,"column":40},"end":{"line":155,"column":76}}]},"35":{"type":"branch","line":155,"loc":{"start":{"line":155,"column":76},"end":{"line":155,"column":83}},"locations":[{"start":{"line":155,"column":76},"end":{"line":155,"column":83}}]},"36":{"type":"branch","line":155,"loc":{"start":{"line":155,"column":76},"end":{"line":157,"column":42}},"locations":[{"start":{"line":155,"column":76},"end":{"line":157,"column":42}}]},"37":{"type":"branch","line":157,"loc":{"start":{"line":157,"column":42},"end":{"line":161,"column":11}},"locations":[{"start":{"line":157,"column":42},"end":{"line":161,"column":11}}]},"38":{"type":"branch","line":161,"loc":{"start":{"line":161,"column":10},"end":{"line":164,"column":32}},"locations":[{"start":{"line":161,"column":10},"end":{"line":164,"column":32}}]},"39":{"type":"branch","line":164,"loc":{"start":{"line":164,"column":32},"end":{"line":166,"column":11}},"locations":[{"start":{"line":164,"column":32},"end":{"line":166,"column":11}}]},"40":{"type":"branch","line":166,"loc":{"start":{"line":166,"column":10},"end":{"line":173,"column":45}},"locations":[{"start":{"line":166,"column":10},"end":{"line":173,"column":45}}]},"41":{"type":"branch","line":173,"loc":{"start":{"line":173,"column":45},"end":{"line":180,"column":11}},"locations":[{"start":{"line":173,"column":45},"end":{"line":180,"column":11}}]},"42":{"type":"branch","line":174,"loc":{"start":{"line":174,"column":74},"end":{"line":179,"column":13}},"locations":[{"start":{"line":174,"column":74},"end":{"line":179,"column":13}}]},"43":{"type":"branch","line":180,"loc":{"start":{"line":180,"column":10},"end":{"line":184,"column":43}},"locations":[{"start":{"line":180,"column":10},"end":{"line":184,"column":43}}]},"44":{"type":"branch","line":184,"loc":{"start":{"line":184,"column":43},"end":{"line":202,"column":11}},"locations":[{"start":{"line":184,"column":43},"end":{"line":202,"column":11}}]},"45":{"type":"branch","line":185,"loc":{"start":{"line":185,"column":53},"end":{"line":187,"column":13}},"locations":[{"start":{"line":185,"column":53},"end":{"line":187,"column":13}}]},"46":{"type":"branch","line":190,"loc":{"start":{"line":190,"column":51},"end":{"line":192,"column":13}},"locations":[{"start":{"line":190,"column":51},"end":{"line":192,"column":13}}]},"47":{"type":"branch","line":194,"loc":{"start":{"line":194,"column":24},"end":{"line":198,"column":13}},"locations":[{"start":{"line":194,"column":24},"end":{"line":198,"column":13}}]},"48":{"type":"branch","line":195,"loc":{"start":{"line":195,"column":67},"end":{"line":197,"column":15}},"locations":[{"start":{"line":195,"column":67},"end":{"line":197,"column":15}}]},"49":{"type":"branch","line":201,"loc":{"start":{"line":201,"column":43},"end":{"line":201,"column":78}},"locations":[{"start":{"line":201,"column":43},"end":{"line":201,"column":78}}]},"50":{"type":"branch","line":202,"loc":{"start":{"line":202,"column":10},"end":{"line":206,"column":31}},"locations":[{"start":{"line":202,"column":10},"end":{"line":206,"column":31}}]},"51":{"type":"branch","line":206,"loc":{"start":{"line":206,"column":31},"end":{"line":211,"column":11}},"locations":[{"start":{"line":206,"column":31},"end":{"line":211,"column":11}}]},"52":{"type":"branch","line":208,"loc":{"start":{"line":208,"column":44},"end":{"line":208,"column":64}},"locations":[{"start":{"line":208,"column":44},"end":{"line":208,"column":64}}]},"53":{"type":"branch","line":208,"loc":{"start":{"line":208,"column":48},"end":{"line":208,"column":84}},"locations":[{"start":{"line":208,"column":48},"end":{"line":208,"column":84}}]},"54":{"type":"branch","line":211,"loc":{"start":{"line":211,"column":10},"end":{"line":212,"column":45}},"locations":[{"start":{"line":211,"column":10},"end":{"line":212,"column":45}}]},"55":{"type":"branch","line":212,"loc":{"start":{"line":212,"column":40},"end":{"line":212,"column":72}},"locations":[{"start":{"line":212,"column":40},"end":{"line":212,"column":72}}]},"56":{"type":"branch","line":212,"loc":{"start":{"line":212,"column":72},"end":{"line":215,"column":11}},"locations":[{"start":{"line":212,"column":72},"end":{"line":215,"column":11}}]},"57":{"type":"branch","line":224,"loc":{"start":{"line":224,"column":8},"end":{"line":290,"column":10}},"locations":[{"start":{"line":224,"column":8},"end":{"line":290,"column":10}}]},"58":{"type":"branch","line":226,"loc":{"start":{"line":226,"column":40},"end":{"line":226,"column":76}},"locations":[{"start":{"line":226,"column":40},"end":{"line":226,"column":76}}]},"59":{"type":"branch","line":226,"loc":{"start":{"line":226,"column":76},"end":{"line":226,"column":83}},"locations":[{"start":{"line":226,"column":76},"end":{"line":226,"column":83}}]},"60":{"type":"branch","line":228,"loc":{"start":{"line":228,"column":42},"end":{"line":236,"column":11}},"locations":[{"start":{"line":228,"column":42},"end":{"line":236,"column":11}}]},"61":{"type":"branch","line":239,"loc":{"start":{"line":239,"column":43},"end":{"line":245,"column":21}},"locations":[{"start":{"line":239,"column":43},"end":{"line":245,"column":21}}]},"62":{"type":"branch","line":240,"loc":{"start":{"line":240,"column":38},"end":{"line":243,"column":13}},"locations":[{"start":{"line":240,"column":38},"end":{"line":243,"column":13}}]},"63":{"type":"branch","line":245,"loc":{"start":{"line":245,"column":10},"end":{"line":249,"column":11}},"locations":[{"start":{"line":245,"column":10},"end":{"line":249,"column":11}}]},"64":{"type":"branch","line":247,"loc":{"start":{"line":247,"column":10},"end":{"line":249,"column":11}},"locations":[{"start":{"line":247,"column":10},"end":{"line":249,"column":11}}]},"65":{"type":"branch","line":253,"loc":{"start":{"line":253,"column":43},"end":{"line":271,"column":11}},"locations":[{"start":{"line":253,"column":43},"end":{"line":271,"column":11}}]},"66":{"type":"branch","line":254,"loc":{"start":{"line":254,"column":53},"end":{"line":256,"column":13}},"locations":[{"start":{"line":254,"column":53},"end":{"line":256,"column":13}}]},"67":{"type":"branch","line":259,"loc":{"start":{"line":259,"column":51},"end":{"line":261,"column":13}},"locations":[{"start":{"line":259,"column":51},"end":{"line":261,"column":13}}]},"68":{"type":"branch","line":263,"loc":{"start":{"line":263,"column":24},"end":{"line":267,"column":13}},"locations":[{"start":{"line":263,"column":24},"end":{"line":267,"column":13}}]},"69":{"type":"branch","line":270,"loc":{"start":{"line":270,"column":43},"end":{"line":270,"column":78}},"locations":[{"start":{"line":270,"column":43},"end":{"line":270,"column":78}}]},"70":{"type":"branch","line":275,"loc":{"start":{"line":275,"column":31},"end":{"line":280,"column":11}},"locations":[{"start":{"line":275,"column":31},"end":{"line":280,"column":11}}]},"71":{"type":"branch","line":277,"loc":{"start":{"line":277,"column":44},"end":{"line":277,"column":64}},"locations":[{"start":{"line":277,"column":44},"end":{"line":277,"column":64}}]},"72":{"type":"branch","line":281,"loc":{"start":{"line":281,"column":43},"end":{"line":286,"column":21}},"locations":[{"start":{"line":281,"column":43},"end":{"line":286,"column":21}}]},"73":{"type":"branch","line":282,"loc":{"start":{"line":282,"column":38},"end":{"line":284,"column":13}},"locations":[{"start":{"line":282,"column":38},"end":{"line":284,"column":13}}]},"74":{"type":"branch","line":286,"loc":{"start":{"line":286,"column":10},"end":{"line":289,"column":11}},"locations":[{"start":{"line":286,"column":10},"end":{"line":289,"column":11}}]},"75":{"type":"branch","line":300,"loc":{"start":{"line":300,"column":2},"end":{"line":306,"column":3}},"locations":[{"start":{"line":300,"column":2},"end":{"line":306,"column":3}}]},"76":{"type":"branch","line":301,"loc":{"start":{"line":301,"column":33},"end":{"line":303,"column":5}},"locations":[{"start":{"line":301,"column":33},"end":{"line":303,"column":5}}]},"77":{"type":"branch","line":311,"loc":{"start":{"line":311,"column":2},"end":{"line":317,"column":3}},"locations":[{"start":{"line":311,"column":2},"end":{"line":317,"column":3}}]},"78":{"type":"branch","line":312,"loc":{"start":{"line":312,"column":33},"end":{"line":314,"column":5}},"locations":[{"start":{"line":312,"column":33},"end":{"line":314,"column":5}}]},"79":{"type":"branch","line":324,"loc":{"start":{"line":324,"column":2},"end":{"line":341,"column":3}},"locations":[{"start":{"line":324,"column":2},"end":{"line":341,"column":3}}]},"80":{"type":"branch","line":325,"loc":{"start":{"line":325,"column":33},"end":{"line":327,"column":5}},"locations":[{"start":{"line":325,"column":33},"end":{"line":327,"column":5}}]},"81":{"type":"branch","line":330,"loc":{"start":{"line":330,"column":15},"end":{"line":330,"column":32}},"locations":[{"start":{"line":330,"column":15},"end":{"line":330,"column":32}}]},"82":{"type":"branch","line":332,"loc":{"start":{"line":332,"column":29},"end":{"line":334,"column":11}},"locations":[{"start":{"line":332,"column":29},"end":{"line":334,"column":11}}]},"83":{"type":"branch","line":334,"loc":{"start":{"line":334,"column":4},"end":{"line":340,"column":5}},"locations":[{"start":{"line":334,"column":4},"end":{"line":340,"column":5}}]},"84":{"type":"branch","line":335,"loc":{"start":{"line":335,"column":36},"end":{"line":337,"column":7}},"locations":[{"start":{"line":335,"column":36},"end":{"line":337,"column":7}}]},"85":{"type":"branch","line":347,"loc":{"start":{"line":347,"column":2},"end":{"line":350,"column":3}},"locations":[{"start":{"line":347,"column":2},"end":{"line":350,"column":3}}]},"86":{"type":"branch","line":352,"loc":{"start":{"line":352,"column":2},"end":{"line":354,"column":3}},"locations":[{"start":{"line":352,"column":2},"end":{"line":354,"column":3}}]}},"b":{"0":[9],"1":[9],"2":[0],"3":[228],"4":[20],"5":[208],"6":[140],"7":[68],"8":[0],"9":[68],"10":[33],"11":[35],"12":[12],"13":[23],"14":[9],"15":[0],"16":[8],"17":[0],"18":[2],"19":[0],"20":[8],"21":[1],"22":[228],"23":[172],"24":[56],"25":[20],"26":[36],"27":[8],"28":[1],"29":[220],"30":[164],"31":[15],"32":[221],"33":[0],"34":[33],"35":[12],"36":[209],"37":[20],"38":[189],"39":[0],"40":[189],"41":[2292],"42":[0],"43":[189],"44":[351],"45":[0],"46":[0],"47":[90],"48":[0],"49":[287],"50":[189],"51":[53],"52":[33],"53":[20],"54":[189],"55":[168],"56":[189],"57":[7],"58":[3],"59":[0],"60":[0],"61":[3],"62":[1],"63":[4],"64":[0],"65":[10],"66":[0],"67":[0],"68":[0],"69":[7],"70":[3],"71":[0],"72":[3],"73":[0],"74":[4],"75":[65],"76":[0],"77":[103],"78":[0],"79":[79],"80":[0],"81":[0],"82":[13],"83":[66],"84":[0],"85":[19],"86":[9]},"fnMap":{"0":{"name":"<instance_members_initializer>","decl":{"start":{"line":48,"column":25},"end":{"line":355,"column":1}},"loc":{"start":{"line":48,"column":25},"end":{"line":355,"column":1}},"line":48},"1":{"name":"loadStatements","decl":{"start":{"line":60,"column":2},"end":{"line":97,"column":3}},"loc":{"start":{"line":60,"column":2},"end":{"line":97,"column":3}},"line":60},"2":{"name":"computeAddresses","decl":{"start":{"line":99,"column":2},"end":{"line":295,"column":3}},"loc":{"start":{"line":99,"column":2},"end":{"line":295,"column":3}},"line":99},"3":{"name":"labelExists","decl":{"start":{"line":300,"column":2},"end":{"line":306,"column":3}},"loc":{"start":{"line":300,"column":2},"end":{"line":306,"column":3}},"line":300},"4":{"name":"getLabelType","decl":{"start":{"line":311,"column":2},"end":{"line":317,"column":3}},"loc":{"start":{"line":311,"column":2},"end":{"line":317,"column":3}},"line":311},"5":{"name":"getLabelValue","decl":{"start":{"line":324,"column":2},"end":{"line":341,"column":3}},"loc":{"start":{"line":324,"column":2},"end":{"line":341,"column":3}},"line":324},"6":{"name":"addressIsReserved","decl":{"start":{"line":347,"column":2},"end":{"line":350,"column":3}},"loc":{"start":{"line":347,"column":2},"end":{"line":350,"column":3}},"line":347},"7":{"name":"hasOriginDirective","decl":{"start":{"line":352,"column":2},"end":{"line":354,"column":3}},"loc":{"start":{"line":352,"column":2},"end":{"line":354,"column":3}},"line":352}},"f":{"0":9,"1":9,"2":9,"3":65,"4":103,"5":79,"6":19,"7":9}}
,"C:\\temp\\2025\\VonSim8\\packages\\assembler\\src\\index.ts": {"path":"C:\\temp\\2025\\VonSim8\\packages\\assembler\\src\\index.ts","all":false,"statementMap":{"0":{"start":{"line":1,"column":0},"end":{"line":1,"column":57}},"1":{"start":{"line":2,"column":0},"end":{"line":2,"column":0}},"2":{"start":{"line":3,"column":0},"end":{"line":3,"column":41}},"3":{"start":{"line":4,"column":0},"end":{"line":4,"column":45}},"4":{"start":{"line":5,"column":0},"end":{"line":5,"column":42}},"5":{"start":{"line":6,"column":0},"end":{"line":6,"column":34}},"6":{"start":{"line":7,"column":0},"end":{"line":7,"column":63}},"7":{"start":{"line":8,"column":0},"end":{"line":8,"column":0}},"8":{"start":{"line":9,"column":0},"end":{"line":9,"column":23}},"9":{"start":{"line":10,"column":0},"end":{"line":10,"column":15}},"10":{"start":{"line":11,"column":0},"end":{"line":11,"column":39}},"11":{"start":{"line":12,"column":0},"end":{"line":12,"column":2}},"12":{"start":{"line":13,"column":0},"end":{"line":13,"column":0}},"13":{"start":{"line":14,"column":0},"end":{"line":14,"column":86}},"14":{"start":{"line":15,"column":0},"end":{"line":15,"column":35}},"15":{"start":{"line":16,"column":0},"end":{"line":16,"column":17}},"16":{"start":{"line":17,"column":0},"end":{"line":17,"column":32}},"17":{"start":{"line":18,"column":0},"end":{"line":18,"column":2}},"18":{"start":{"line":19,"column":0},"end":{"line":19,"column":73}},"19":{"start":{"line":20,"column":0},"end":{"line":20,"column":0}},"20":{"start":{"line":21,"column":0},"end":{"line":21,"column":3}},"21":{"start":{"line":22,"column":0},"end":{"line":22,"column":44}},"22":{"start":{"line":23,"column":0},"end":{"line":23,"column":2}},"23":{"start":{"line":24,"column":0},"end":{"line":24,"column":71}},"24":{"start":{"line":25,"column":0},"end":{"line":25,"column":71}},"25":{"start":{"line":26,"column":0},"end":{"line":26,"column":2}},"26":{"start":{"line":27,"column":0},"end":{"line":27,"column":70}},"27":{"start":{"line":28,"column":0},"end":{"line":28,"column":3}},"28":{"start":{"line":29,"column":0},"end":{"line":29,"column":58}},"29":{"start":{"line":30,"column":0},"end":{"line":30,"column":7}},"30":{"start":{"line":31,"column":0},"end":{"line":31,"column":40}},"31":{"start":{"line":32,"column":0},"end":{"line":32,"column":40}},"32":{"start":{"line":33,"column":0},"end":{"line":33,"column":0}},"33":{"start":{"line":34,"column":0},"end":{"line":34,"column":38}},"34":{"start":{"line":35,"column":0},"end":{"line":35,"column":38}},"35":{"start":{"line":36,"column":0},"end":{"line":36,"column":0}},"36":{"start":{"line":37,"column":0},"end":{"line":37,"column":44}},"37":{"start":{"line":38,"column":0},"end":{"line":38,"column":0}},"38":{"start":{"line":39,"column":0},"end":{"line":39,"column":66}},"39":{"start":{"line":40,"column":0},"end":{"line":40,"column":35}},"40":{"start":{"line":41,"column":0},"end":{"line":41,"column":85}},"41":{"start":{"line":42,"column":0},"end":{"line":42,"column":7}},"42":{"start":{"line":43,"column":0},"end":{"line":43,"column":0}},"43":{"start":{"line":44,"column":0},"end":{"line":44,"column":43}},"44":{"start":{"line":45,"column":0},"end":{"line":45,"column":0}},"45":{"start":{"line":46,"column":0},"end":{"line":46,"column":36}},"46":{"start":{"line":47,"column":0},"end":{"line":47,"column":52}},"47":{"start":{"line":48,"column":0},"end":{"line":48,"column":36}},"48":{"start":{"line":49,"column":0},"end":{"line":49,"column":0}},"49":{"start":{"line":50,"column":0},"end":{"line":50,"column":75}},"50":{"start":{"line":51,"column":0},"end":{"line":51,"column":29}},"51":{"start":{"line":52,"column":0},"end":{"line":52,"column":46}},"52":{"start":{"line":53,"column":0},"end":{"line":53,"column":61}},"53":{"start":{"line":54,"column":0},"end":{"line":54,"column":0}},"54":{"start":{"line":55,"column":0},"end":{"line":55,"column":26}},"55":{"start":{"line":56,"column":0},"end":{"line":56,"column":31}},"56":{"start":{"line":57,"column":0},"end":{"line":57,"column":17}},"57":{"start":{"line":58,"column":0},"end":{"line":58,"column":20}},"58":{"start":{"line":59,"column":0},"end":{"line":59,"column":68}},"59":{"start":{"line":60,"column":0},"end":{"line":60,"column":34}},"60":{"start":{"line":61,"column":0},"end":{"line":61,"column":8}},"61":{"start":{"line":62,"column":0},"end":{"line":62,"column":26}},"62":{"start":{"line":63,"column":0},"end":{"line":63,"column":6}},"63":{"start":{"line":64,"column":0},"end":{"line":64,"column":61}},"64":{"start":{"line":65,"column":0},"end":{"line":65,"column":0}},"65":{"start":{"line":66,"column":0},"end":{"line":66,"column":68}},"66":{"start":{"line":67,"column":0},"end":{"line":67,"column":48}},"67":{"start":{"line":68,"column":0},"end":{"line":68,"column":61}},"68":{"start":{"line":69,"column":0},"end":{"line":69,"column":0}},"69":{"start":{"line":70,"column":0},"end":{"line":70,"column":77}},"70":{"start":{"line":71,"column":0},"end":{"line":71,"column":49}},"71":{"start":{"line":72,"column":0},"end":{"line":72,"column":28}},"72":{"start":{"line":73,"column":0},"end":{"line":73,"column":52}},"73":{"start":{"line":74,"column":0},"end":{"line":74,"column":31}},"74":{"start":{"line":75,"column":0},"end":{"line":75,"column":17}},"75":{"start":{"line":76,"column":0},"end":{"line":76,"column":15}},"76":{"start":{"line":77,"column":0},"end":{"line":77,"column":37}},"77":{"start":{"line":78,"column":0},"end":{"line":78,"column":41}},"78":{"start":{"line":79,"column":0},"end":{"line":79,"column":44}},"79":{"start":{"line":80,"column":0},"end":{"line":80,"column":18}},"80":{"start":{"line":81,"column":0},"end":{"line":81,"column":82}},"81":{"start":{"line":82,"column":0},"end":{"line":82,"column":28}},"82":{"start":{"line":83,"column":0},"end":{"line":83,"column":24}},"83":{"start":{"line":84,"column":0},"end":{"line":84,"column":11}},"84":{"start":{"line":85,"column":0},"end":{"line":85,"column":42}},"85":{"start":{"line":86,"column":0},"end":{"line":86,"column":42}},"86":{"start":{"line":87,"column":0},"end":{"line":87,"column":34}},"87":{"start":{"line":88,"column":0},"end":{"line":88,"column":9}},"88":{"start":{"line":89,"column":0},"end":{"line":89,"column":8}},"89":{"start":{"line":90,"column":0},"end":{"line":90,"column":26}},"90":{"start":{"line":91,"column":0},"end":{"line":91,"column":6}},"91":{"start":{"line":92,"column":0},"end":{"line":92,"column":61}},"92":{"start":{"line":93,"column":0},"end":{"line":93,"column":0}},"93":{"start":{"line":94,"column":0},"end":{"line":94,"column":85}},"94":{"start":{"line":95,"column":0},"end":{"line":95,"column":19}},"95":{"start":{"line":96,"column":0},"end":{"line":96,"column":68}},"96":{"start":{"line":97,"column":0},"end":{"line":97,"column":3}},"97":{"start":{"line":98,"column":0},"end":{"line":98,"column":1}},"98":{"start":{"line":99,"column":0},"end":{"line":99,"column":0}},"99":{"start":{"line":100,"column":0},"end":{"line":100,"column":34}},"100":{"start":{"line":101,"column":0},"end":{"line":101,"column":42}},"101":{"start":{"line":102,"column":0},"end":{"line":102,"column":27}},"102":{"start":{"line":103,"column":0},"end":{"line":103,"column":24}}},"s":{"0":1,"1":1,"2":1,"3":1,"4":1,"5":1,"6":1,"7":1,"8":1,"9":1,"10":1,"11":1,"12":1,"13":1,"14":1,"15":1,"16":1,"17":1,"18":1,"19":1,"20":1,"21":1,"22":1,"23":1,"24":1,"25":1,"26":1,"27":1,"28":1,"29":9,"30":9,"31":9,"32":9,"33":9,"34":9,"35":9,"36":9,"37":9,"38":9,"39":9,"40":9,"41":9,"42":9,"43":9,"44":9,"45":9,"46":9,"47":9,"48":9,"49":9,"50":9,"51":9,"52":9,"53":9,"54":9,"55":9,"56":9,"57":9,"58":228,"59":208,"60":228,"61":9,"62":9,"63":9,"64":9,"65":9,"66":9,"67":9,"68":9,"69":9,"70":9,"71":9,"72":9,"73":9,"74":9,"75":9,"76":228,"77":36,"78":12,"79":36,"80":24,"81":24,"82":24,"83":24,"84":228,"85":172,"86":172,"87":172,"88":228,"89":9,"90":9,"91":9,"92":9,"93":9,"94":9,"95":0,"96":0,"97":9,"98":1,"99":1,"100":1,"101":1,"102":1},"branchMap":{"0":{"type":"branch","line":29,"loc":{"start":{"line":29,"column":7},"end":{"line":98,"column":1}},"locations":[{"start":{"line":29,"column":7},"end":{"line":98,"column":1}}]},"1":{"type":"branch","line":39,"loc":{"start":{"line":39,"column":24},"end":{"line":39,"column":66}},"locations":[{"start":{"line":39,"column":24},"end":{"line":39,"column":66}}]},"2":{"type":"branch","line":53,"loc":{"start":{"line":53,"column":27},"end":{"line":53,"column":61}},"locations":[{"start":{"line":53,"column":27},"end":{"line":53,"column":61}}]},"3":{"type":"branch","line":64,"loc":{"start":{"line":64,"column":27},"end":{"line":64,"column":61}},"locations":[{"start":{"line":64,"column":27},"end":{"line":64,"column":61}}]},"4":{"type":"branch","line":68,"loc":{"start":{"line":68,"column":27},"end":{"line":68,"column":61}},"locations":[{"start":{"line":68,"column":27},"end":{"line":68,"column":61}}]},"5":{"type":"branch","line":92,"loc":{"start":{"line":92,"column":27},"end":{"line":92,"column":61}},"locations":[{"start":{"line":92,"column":27},"end":{"line":92,"column":61}}]},"6":{"type":"branch","line":95,"loc":{"start":{"line":95,"column":2},"end":{"line":97,"column":3}},"locations":[{"start":{"line":95,"column":2},"end":{"line":97,"column":3}}]},"7":{"type":"branch","line":58,"loc":{"start":{"line":58,"column":6},"end":{"line":61,"column":8}},"locations":[{"start":{"line":58,"column":6},"end":{"line":61,"column":8}}]},"8":{"type":"branch","line":59,"loc":{"start":{"line":59,"column":37},"end":{"line":59,"column":61}},"locations":[{"start":{"line":59,"column":37},"end":{"line":59,"column":61}}]},"9":{"type":"branch","line":59,"loc":{"start":{"line":59,"column":61},"end":{"line":59,"column":68}},"locations":[{"start":{"line":59,"column":61},"end":{"line":59,"column":68}}]},"10":{"type":"branch","line":59,"loc":{"start":{"line":59,"column":61},"end":{"line":60,"column":34}},"locations":[{"start":{"line":59,"column":61},"end":{"line":60,"column":34}}]},"11":{"type":"branch","line":76,"loc":{"start":{"line":76,"column":6},"end":{"line":89,"column":8}},"locations":[{"start":{"line":76,"column":6},"end":{"line":89,"column":8}}]},"12":{"type":"branch","line":77,"loc":{"start":{"line":77,"column":36},"end":{"line":85,"column":19}},"locations":[{"start":{"line":77,"column":36},"end":{"line":85,"column":19}}]},"13":{"type":"branch","line":78,"loc":{"start":{"line":78,"column":40},"end":{"line":80,"column":17}},"locations":[{"start":{"line":78,"column":40},"end":{"line":80,"column":17}}]},"14":{"type":"branch","line":80,"loc":{"start":{"line":80,"column":10},"end":{"line":84,"column":11}},"locations":[{"start":{"line":80,"column":10},"end":{"line":84,"column":11}}]},"15":{"type":"branch","line":85,"loc":{"start":{"line":85,"column":8},"end":{"line":88,"column":9}},"locations":[{"start":{"line":85,"column":8},"end":{"line":88,"column":9}}]},"16":{"type":"branch","line":85,"loc":{"start":{"line":85,"column":41},"end":{"line":88,"column":9}},"locations":[{"start":{"line":85,"column":41},"end":{"line":88,"column":9}}]}},"b":{"0":[9],"1":[0],"2":[0],"3":[0],"4":[0],"5":[0],"6":[0],"7":[228],"8":[208],"9":[20],"10":[208],"11":[228],"12":[36],"13":[12],"14":[24],"15":[192],"16":[172]},"fnMap":{"0":{"name":"assemble","decl":{"start":{"line":29,"column":7},"end":{"line":98,"column":1}},"loc":{"start":{"line":29,"column":7},"end":{"line":98,"column":1}},"line":29}},"f":{"0":9}}
,"C:\\temp\\2025\\VonSim8\\packages\\assembler\\src\\number-expression.ts": {"path":"C:\\temp\\2025\\VonSim8\\packages\\assembler\\src\\number-expression.ts","all":false,"statementMap":{"0":{"start":{"line":1,"column":0},"end":{"line":1,"column":56}},"1":{"start":{"line":2,"column":0},"end":{"line":2,"column":0}},"2":{"start":{"line":3,"column":0},"end":{"line":3,"column":41}},"3":{"start":{"line":4,"column":0},"end":{"line":4,"column":50}},"4":{"start":{"line":5,"column":0},"end":{"line":5,"column":0}},"5":{"start":{"line":6,"column":0},"end":{"line":6,"column":3}},"6":{"start":{"line":7,"column":0},"end":{"line":7,"column":77}},"7":{"start":{"line":8,"column":0},"end":{"line":8,"column":41}},"8":{"start":{"line":9,"column":0},"end":{"line":9,"column":2}},"9":{"start":{"line":10,"column":0},"end":{"line":10,"column":13}},"10":{"start":{"line":11,"column":0},"end":{"line":11,"column":21}},"11":{"start":{"line":12,"column":0},"end":{"line":12,"column":12}},"12":{"start":{"line":13,"column":0},"end":{"line":13,"column":22}},"13":{"start":{"line":14,"column":0},"end":{"line":14,"column":23}},"14":{"start":{"line":15,"column":0},"end":{"line":15,"column":2}},"15":{"start":{"line":16,"column":0},"end":{"line":16,"column":12}},"16":{"start":{"line":17,"column":0},"end":{"line":17,"column":12}},"17":{"start":{"line":18,"column":0},"end":{"line":18,"column":19}},"18":{"start":{"line":19,"column":0},"end":{"line":19,"column":5}},"19":{"start":{"line":20,"column":0},"end":{"line":20,"column":14}},"20":{"start":{"line":21,"column":0},"end":{"line":21,"column":36}},"21":{"start":{"line":22,"column":0},"end":{"line":22,"column":6}},"22":{"start":{"line":23,"column":0},"end":{"line":23,"column":2}},"23":{"start":{"line":24,"column":0},"end":{"line":24,"column":79}},"24":{"start":{"line":25,"column":0},"end":{"line":25,"column":66}},"25":{"start":{"line":26,"column":0},"end":{"line":26,"column":2}},"26":{"start":{"line":27,"column":0},"end":{"line":27,"column":6}},"27":{"start":{"line":28,"column":0},"end":{"line":28,"column":27}},"28":{"start":{"line":29,"column":0},"end":{"line":29,"column":3}},"29":{"start":{"line":30,"column":0},"end":{"line":30,"column":40}},"30":{"start":{"line":31,"column":0},"end":{"line":31,"column":94}},"31":{"start":{"line":32,"column":0},"end":{"line":32,"column":0}},"32":{"start":{"line":33,"column":0},"end":{"line":33,"column":45}},"33":{"start":{"line":34,"column":0},"end":{"line":34,"column":0}},"34":{"start":{"line":35,"column":0},"end":{"line":35,"column":48}},"35":{"start":{"line":36,"column":0},"end":{"line":36,"column":0}},"36":{"start":{"line":37,"column":0},"end":{"line":37,"column":44}},"37":{"start":{"line":38,"column":0},"end":{"line":38,"column":42}},"38":{"start":{"line":39,"column":0},"end":{"line":39,"column":3}},"39":{"start":{"line":40,"column":0},"end":{"line":40,"column":0}},"40":{"start":{"line":41,"column":0},"end":{"line":41,"column":28}},"41":{"start":{"line":42,"column":0},"end":{"line":42,"column":33}},"42":{"start":{"line":43,"column":0},"end":{"line":43,"column":3}},"43":{"start":{"line":44,"column":0},"end":{"line":44,"column":0}},"44":{"start":{"line":45,"column":0},"end":{"line":45,"column":46}},"45":{"start":{"line":46,"column":0},"end":{"line":46,"column":43}},"46":{"start":{"line":47,"column":0},"end":{"line":47,"column":3}},"47":{"start":{"line":48,"column":0},"end":{"line":48,"column":0}},"48":{"start":{"line":49,"column":0},"end":{"line":49,"column":48}},"49":{"start":{"line":50,"column":0},"end":{"line":50,"column":44}},"50":{"start":{"line":51,"column":0},"end":{"line":51,"column":3}},"51":{"start":{"line":52,"column":0},"end":{"line":52,"column":0}},"52":{"start":{"line":53,"column":0},"end":{"line":53,"column":12}},"53":{"start":{"line":54,"column":0},"end":{"line":54,"column":12}},"54":{"start":{"line":55,"column":0},"end":{"line":55,"column":22}},"55":{"start":{"line":56,"column":0},"end":{"line":56,"column":39}},"56":{"start":{"line":57,"column":0},"end":{"line":57,"column":6}},"57":{"start":{"line":58,"column":0},"end":{"line":58,"column":3}},"58":{"start":{"line":59,"column":0},"end":{"line":59,"column":0}},"59":{"start":{"line":60,"column":0},"end":{"line":60,"column":56}},"60":{"start":{"line":61,"column":0},"end":{"line":61,"column":0}},"61":{"start":{"line":62,"column":0},"end":{"line":62,"column":93}},"62":{"start":{"line":63,"column":0},"end":{"line":63,"column":33}},"63":{"start":{"line":64,"column":0},"end":{"line":64,"column":0}},"64":{"start":{"line":65,"column":0},"end":{"line":65,"column":99}},"65":{"start":{"line":66,"column":0},"end":{"line":66,"column":0}},"66":{"start":{"line":67,"column":0},"end":{"line":67,"column":95}},"67":{"start":{"line":68,"column":0},"end":{"line":68,"column":34}},"68":{"start":{"line":69,"column":0},"end":{"line":69,"column":0}},"69":{"start":{"line":70,"column":0},"end":{"line":70,"column":97}},"70":{"start":{"line":71,"column":0},"end":{"line":71,"column":35}},"71":{"start":{"line":72,"column":0},"end":{"line":72,"column":1}},"72":{"start":{"line":73,"column":0},"end":{"line":73,"column":0}},"73":{"start":{"line":74,"column":0},"end":{"line":74,"column":46}},"74":{"start":{"line":75,"column":0},"end":{"line":75,"column":35}},"75":{"start":{"line":76,"column":0},"end":{"line":76,"column":0}},"76":{"start":{"line":77,"column":0},"end":{"line":77,"column":14}},"77":{"start":{"line":78,"column":0},"end":{"line":78,"column":27}},"78":{"start":{"line":79,"column":0},"end":{"line":79,"column":23}},"79":{"start":{"line":80,"column":0},"end":{"line":80,"column":5}},"80":{"start":{"line":81,"column":0},"end":{"line":81,"column":20}},"81":{"start":{"line":82,"column":0},"end":{"line":82,"column":3}},"82":{"start":{"line":83,"column":0},"end":{"line":83,"column":0}},"83":{"start":{"line":84,"column":0},"end":{"line":84,"column":22}},"84":{"start":{"line":85,"column":0},"end":{"line":85,"column":22}},"85":{"start":{"line":86,"column":0},"end":{"line":86,"column":3}},"86":{"start":{"line":87,"column":0},"end":{"line":87,"column":0}},"87":{"start":{"line":88,"column":0},"end":{"line":88,"column":12}},"88":{"start":{"line":89,"column":0},"end":{"line":89,"column":12}},"89":{"start":{"line":90,"column":0},"end":{"line":90,"column":24}},"90":{"start":{"line":91,"column":0},"end":{"line":91,"column":24}},"91":{"start":{"line":92,"column":0},"end":{"line":92,"column":6}},"92":{"start":{"line":93,"column":0},"end":{"line":93,"column":3}},"93":{"start":{"line":94,"column":0},"end":{"line":94,"column":1}},"94":{"start":{"line":95,"column":0},"end":{"line":95,"column":0}},"95":{"start":{"line":96,"column":0},"end":{"line":96,"column":38}},"96":{"start":{"line":97,"column":0},"end":{"line":97,"column":26}},"97":{"start":{"line":98,"column":0},"end":{"line":98,"column":0}},"98":{"start":{"line":99,"column":0},"end":{"line":99,"column":14}},"99":{"start":{"line":100,"column":0},"end":{"line":100,"column":27}},"100":{"start":{"line":101,"column":0},"end":{"line":101,"column":29}},"101":{"start":{"line":102,"column":0},"end":{"line":102,"column":23}},"102":{"start":{"line":103,"column":0},"end":{"line":103,"column":5}},"103":{"start":{"line":104,"column":0},"end":{"line":104,"column":20}},"104":{"start":{"line":105,"column":0},"end":{"line":105,"column":3}},"105":{"start":{"line":106,"column":0},"end":{"line":106,"column":0}},"106":{"start":{"line":107,"column":0},"end":{"line":107,"column":40}},"107":{"start":{"line":108,"column":0},"end":{"line":108,"column":41}},"108":{"start":{"line":109,"column":0},"end":{"line":109,"column":80}},"109":{"start":{"line":110,"column":0},"end":{"line":110,"column":5}},"110":{"start":{"line":111,"column":0},"end":{"line":111,"column":0}},"111":{"start":{"line":112,"column":0},"end":{"line":112,"column":49}},"112":{"start":{"line":113,"column":0},"end":{"line":113,"column":0}},"113":{"start":{"line":114,"column":0},"end":{"line":114,"column":59}},"114":{"start":{"line":115,"column":0},"end":{"line":115,"column":89}},"115":{"start":{"line":116,"column":0},"end":{"line":116,"column":5}},"116":{"start":{"line":117,"column":0},"end":{"line":117,"column":0}},"117":{"start":{"line":118,"column":0},"end":{"line":118,"column":68}},"118":{"start":{"line":119,"column":0},"end":{"line":119,"column":84}},"119":{"start":{"line":120,"column":0},"end":{"line":120,"column":5}},"120":{"start":{"line":121,"column":0},"end":{"line":121,"column":0}},"121":{"start":{"line":122,"column":0},"end":{"line":122,"column":44}},"122":{"start":{"line":123,"column":0},"end":{"line":123,"column":3}},"123":{"start":{"line":124,"column":0},"end":{"line":124,"column":0}},"124":{"start":{"line":125,"column":0},"end":{"line":125,"column":12}},"125":{"start":{"line":126,"column":0},"end":{"line":126,"column":12}},"126":{"start":{"line":127,"column":0},"end":{"line":127,"column":24}},"127":{"start":{"line":128,"column":0},"end":{"line":128,"column":24}},"128":{"start":{"line":129,"column":0},"end":{"line":129,"column":26}},"129":{"start":{"line":130,"column":0},"end":{"line":130,"column":6}},"130":{"start":{"line":131,"column":0},"end":{"line":131,"column":3}},"131":{"start":{"line":132,"column":0},"end":{"line":132,"column":1}},"132":{"start":{"line":133,"column":0},"end":{"line":133,"column":0}},"133":{"start":{"line":134,"column":0},"end":{"line":134,"column":47}},"134":{"start":{"line":135,"column":0},"end":{"line":135,"column":36}},"135":{"start":{"line":136,"column":0},"end":{"line":136,"column":0}},"136":{"start":{"line":137,"column":0},"end":{"line":137,"column":14}},"137":{"start":{"line":138,"column":0},"end":{"line":138,"column":33}},"138":{"start":{"line":139,"column":0},"end":{"line":139,"column":37}},"139":{"start":{"line":140,"column":0},"end":{"line":140,"column":23}},"140":{"start":{"line":141,"column":0},"end":{"line":141,"column":5}},"141":{"start":{"line":142,"column":0},"end":{"line":142,"column":20}},"142":{"start":{"line":143,"column":0},"end":{"line":143,"column":3}},"143":{"start":{"line":144,"column":0},"end":{"line":144,"column":0}},"144":{"start":{"line":145,"column":0},"end":{"line":145,"column":40}},"145":{"start":{"line":146,"column":0},"end":{"line":146,"column":92}},"146":{"start":{"line":147,"column":0},"end":{"line":147,"column":3}},"147":{"start":{"line":148,"column":0},"end":{"line":148,"column":0}},"148":{"start":{"line":149,"column":0},"end":{"line":149,"column":12}},"149":{"start":{"line":150,"column":0},"end":{"line":150,"column":12}},"150":{"start":{"line":151,"column":0},"end":{"line":151,"column":24}},"151":{"start":{"line":152,"column":0},"end":{"line":152,"column":30}},"152":{"start":{"line":153,"column":0},"end":{"line":153,"column":33}},"153":{"start":{"line":154,"column":0},"end":{"line":154,"column":6}},"154":{"start":{"line":155,"column":0},"end":{"line":155,"column":3}},"155":{"start":{"line":156,"column":0},"end":{"line":156,"column":1}},"156":{"start":{"line":157,"column":0},"end":{"line":157,"column":0}},"157":{"start":{"line":158,"column":0},"end":{"line":158,"column":48}},"158":{"start":{"line":159,"column":0},"end":{"line":159,"column":37}},"159":{"start":{"line":160,"column":0},"end":{"line":160,"column":0}},"160":{"start":{"line":161,"column":0},"end":{"line":161,"column":14}},"161":{"start":{"line":162,"column":0},"end":{"line":162,"column":36}},"162":{"start":{"line":163,"column":0},"end":{"line":163,"column":39}},"163":{"start":{"line":164,"column":0},"end":{"line":164,"column":37}},"164":{"start":{"line":165,"column":0},"end":{"line":165,"column":23}},"165":{"start":{"line":166,"column":0},"end":{"line":166,"column":5}},"166":{"start":{"line":167,"column":0},"end":{"line":167,"column":20}},"167":{"start":{"line":168,"column":0},"end":{"line":168,"column":3}},"168":{"start":{"line":169,"column":0},"end":{"line":169,"column":0}},"169":{"start":{"line":170,"column":0},"end":{"line":170,"column":40}},"170":{"start":{"line":171,"column":0},"end":{"line":171,"column":32}},"171":{"start":{"line":172,"column":0},"end":{"line":172,"column":62}},"172":{"start":{"line":173,"column":0},"end":{"line":173,"column":29}},"173":{"start":{"line":174,"column":0},"end":{"line":174,"column":64}},"174":{"start":{"line":175,"column":0},"end":{"line":175,"column":65}},"175":{"start":{"line":176,"column":0},"end":{"line":176,"column":3}},"176":{"start":{"line":177,"column":0},"end":{"line":177,"column":0}},"177":{"start":{"line":178,"column":0},"end":{"line":178,"column":12}},"178":{"start":{"line":179,"column":0},"end":{"line":179,"column":12}},"179":{"start":{"line":180,"column":0},"end":{"line":180,"column":24}},"180":{"start":{"line":181,"column":0},"end":{"line":181,"column":30}},"181":{"start":{"line":182,"column":0},"end":{"line":182,"column":31}},"182":{"start":{"line":183,"column":0},"end":{"line":183,"column":33}},"183":{"start":{"line":184,"column":0},"end":{"line":184,"column":6}},"184":{"start":{"line":185,"column":0},"end":{"line":185,"column":3}},"185":{"start":{"line":186,"column":0},"end":{"line":186,"column":1}}},"s":{"0":1,"1":1,"2":1,"3":1,"4":1,"5":1,"6":1,"7":1,"8":1,"9":1,"10":1,"11":1,"12":1,"13":1,"14":1,"15":1,"16":1,"17":1,"18":1,"19":1,"20":1,"21":1,"22":1,"23":1,"24":1,"25":1,"26":1,"27":1,"28":1,"29":1,"30":5,"31":5,"32":5,"33":5,"34":5,"35":5,"36":5,"37":0,"38":0,"39":5,"40":5,"41":148,"42":148,"43":5,"44":5,"45":0,"46":0,"47":5,"48":5,"49":41,"50":41,"51":5,"52":5,"53":72,"54":72,"55":72,"56":72,"57":72,"58":5,"59":5,"60":5,"61":5,"62":153,"63":5,"64":5,"65":5,"66":5,"67":5,"68":5,"69":5,"70":20,"71":5,"72":1,"73":1,"74":153,"75":153,"76":153,"77":153,"78":153,"79":153,"80":153,"81":153,"82":153,"83":153,"84":113,"85":113,"86":153,"87":153,"88":36,"89":36,"90":36,"91":36,"92":36,"93":153,"94":1,"95":1,"96":114,"97":114,"98":114,"99":114,"100":114,"101":114,"102":114,"103":114,"104":114,"105":114,"106":114,"107":41,"108":0,"109":0,"110":41,"111":41,"112":41,"113":41,"114":0,"115":0,"116":41,"117":41,"118":0,"119":0,"120":41,"121":41,"122":41,"123":114,"124":114,"125":13,"126":13,"127":13,"128":13,"129":13,"130":13,"131":114,"132":1,"133":1,"134":5,"135":5,"136":5,"137":5,"138":5,"139":5,"140":5,"141":5,"142":5,"143":5,"144":5,"145":0,"146":0,"147":5,"148":5,"149":5,"150":5,"151":5,"152":5,"153":5,"154":5,"155":5,"156":1,"157":1,"158":20,"159":20,"160":20,"161":20,"162":20,"163":20,"164":20,"165":20,"166":20,"167":20,"168":20,"169":20,"170":0,"171":0,"172":0,"173":0,"174":0,"175":0,"176":20,"177":20,"178":18,"179":18,"180":18,"181":18,"182":18,"183":18,"184":18,"185":20},"branchMap":{"0":{"type":"branch","line":30,"loc":{"start":{"line":30,"column":39},"end":{"line":72,"column":1}},"locations":[{"start":{"line":30,"column":39},"end":{"line":72,"column":1}}]},"1":{"type":"branch","line":33,"loc":{"start":{"line":33,"column":2},"end":{"line":33,"column":45}},"locations":[{"start":{"line":33,"column":2},"end":{"line":33,"column":45}}]},"2":{"type":"branch","line":41,"loc":{"start":{"line":41,"column":2},"end":{"line":43,"column":3}},"locations":[{"start":{"line":41,"column":2},"end":{"line":43,"column":3}}]},"3":{"type":"branch","line":49,"loc":{"start":{"line":49,"column":2},"end":{"line":51,"column":3}},"locations":[{"start":{"line":49,"column":2},"end":{"line":51,"column":3}}]},"4":{"type":"branch","line":53,"loc":{"start":{"line":53,"column":2},"end":{"line":58,"column":3}},"locations":[{"start":{"line":53,"column":2},"end":{"line":58,"column":3}}]},"5":{"type":"branch","line":62,"loc":{"start":{"line":62,"column":34},"end":{"line":63,"column":33}},"locations":[{"start":{"line":62,"column":34},"end":{"line":63,"column":33}}]},"6":{"type":"branch","line":65,"loc":{"start":{"line":65,"column":26},"end":{"line":65,"column":99}},"locations":[{"start":{"line":65,"column":26},"end":{"line":65,"column":99}}]},"7":{"type":"branch","line":67,"loc":{"start":{"line":67,"column":35},"end":{"line":68,"column":34}},"locations":[{"start":{"line":67,"column":35},"end":{"line":68,"column":34}}]},"8":{"type":"branch","line":70,"loc":{"start":{"line":70,"column":36},"end":{"line":71,"column":35}},"locations":[{"start":{"line":70,"column":36},"end":{"line":71,"column":35}}]},"9":{"type":"branch","line":74,"loc":{"start":{"line":74,"column":45},"end":{"line":94,"column":1}},"locations":[{"start":{"line":74,"column":45},"end":{"line":94,"column":1}}]},"10":{"type":"branch","line":77,"loc":{"start":{"line":77,"column":2},"end":{"line":82,"column":3}},"locations":[{"start":{"line":77,"column":2},"end":{"line":82,"column":3}}]},"11":{"type":"branch","line":84,"loc":{"start":{"line":84,"column":2},"end":{"line":86,"column":3}},"locations":[{"start":{"line":84,"column":2},"end":{"line":86,"column":3}}]},"12":{"type":"branch","line":88,"loc":{"start":{"line":88,"column":2},"end":{"line":93,"column":3}},"locations":[{"start":{"line":88,"column":2},"end":{"line":93,"column":3}}]},"13":{"type":"branch","line":96,"loc":{"start":{"line":96,"column":37},"end":{"line":132,"column":1}},"locations":[{"start":{"line":96,"column":37},"end":{"line":132,"column":1}}]},"14":{"type":"branch","line":99,"loc":{"start":{"line":99,"column":2},"end":{"line":105,"column":3}},"locations":[{"start":{"line":99,"column":2},"end":{"line":105,"column":3}}]},"15":{"type":"branch","line":107,"loc":{"start":{"line":107,"column":2},"end":{"line":123,"column":3}},"locations":[{"start":{"line":107,"column":2},"end":{"line":123,"column":3}}]},"16":{"type":"branch","line":108,"loc":{"start":{"line":108,"column":40},"end":{"line":110,"column":5}},"locations":[{"start":{"line":108,"column":40},"end":{"line":110,"column":5}}]},"17":{"type":"branch","line":114,"loc":{"start":{"line":114,"column":18},"end":{"line":114,"column":44}},"locations":[{"start":{"line":114,"column":18},"end":{"line":114,"column":44}}]},"18":{"type":"branch","line":114,"loc":{"start":{"line":114,"column":35},"end":{"line":114,"column":58}},"locations":[{"start":{"line":114,"column":35},"end":{"line":114,"column":58}}]},"19":{"type":"branch","line":114,"loc":{"start":{"line":114,"column":58},"end":{"line":116,"column":5}},"locations":[{"start":{"line":114,"column":58},"end":{"line":116,"column":5}}]},"20":{"type":"branch","line":118,"loc":{"start":{"line":118,"column":18},"end":{"line":118,"column":54}},"locations":[{"start":{"line":118,"column":18},"end":{"line":118,"column":54}}]},"21":{"type":"branch","line":118,"loc":{"start":{"line":118,"column":36},"end":{"line":118,"column":67}},"locations":[{"start":{"line":118,"column":36},"end":{"line":118,"column":67}}]},"22":{"type":"branch","line":118,"loc":{"start":{"line":118,"column":67},"end":{"line":120,"column":5}},"locations":[{"start":{"line":118,"column":67},"end":{"line":120,"column":5}}]},"23":{"type":"branch","line":125,"loc":{"start":{"line":125,"column":2},"end":{"line":131,"column":3}},"locations":[{"start":{"line":125,"column":2},"end":{"line":131,"column":3}}]},"24":{"type":"branch","line":134,"loc":{"start":{"line":134,"column":46},"end":{"line":156,"column":1}},"locations":[{"start":{"line":134,"column":46},"end":{"line":156,"column":1}}]},"25":{"type":"branch","line":137,"loc":{"start":{"line":137,"column":2},"end":{"line":143,"column":3}},"locations":[{"start":{"line":137,"column":2},"end":{"line":143,"column":3}}]},"26":{"type":"branch","line":149,"loc":{"start":{"line":149,"column":2},"end":{"line":155,"column":3}},"locations":[{"start":{"line":149,"column":2},"end":{"line":155,"column":3}}]},"27":{"type":"branch","line":158,"loc":{"start":{"line":158,"column":47},"end":{"line":186,"column":1}},"locations":[{"start":{"line":158,"column":47},"end":{"line":186,"column":1}}]},"28":{"type":"branch","line":161,"loc":{"start":{"line":161,"column":2},"end":{"line":168,"column":3}},"locations":[{"start":{"line":161,"column":2},"end":{"line":168,"column":3}}]},"29":{"type":"branch","line":178,"loc":{"start":{"line":178,"column":2},"end":{"line":185,"column":3}},"locations":[{"start":{"line":178,"column":2},"end":{"line":185,"column":3}}]}},"b":{"0":[5],"1":[292],"2":[148],"3":[41],"4":[72],"5":[153],"6":[114],"7":[5],"8":[20],"9":[153],"10":[153],"11":[113],"12":[36],"13":[114],"14":[114],"15":[41],"16":[0],"17":[15],"18":[26],"19":[0],"20":[28],"21":[15],"22":[0],"23":[13],"24":[5],"25":[5],"26":[5],"27":[20],"28":[20],"29":[18]},"fnMap":{"0":{"name":"<static_initializer>","decl":{"start":{"line":30,"column":39},"end":{"line":72,"column":1}},"loc":{"start":{"line":30,"column":39},"end":{"line":72,"column":1}},"line":30},"1":{"name":"NumberExpression","decl":{"start":{"line":33,"column":2},"end":{"line":33,"column":45}},"loc":{"start":{"line":33,"column":2},"end":{"line":33,"column":45}},"line":33},"2":{"name":"isNumberLiteral","decl":{"start":{"line":37,"column":2},"end":{"line":39,"column":3}},"loc":{"start":{"line":37,"column":2},"end":{"line":39,"column":3}},"line":37},"3":{"name":"isLabel","decl":{"start":{"line":41,"column":2},"end":{"line":43,"column":3}},"loc":{"start":{"line":41,"column":2},"end":{"line":43,"column":3}},"line":41},"4":{"name":"isUnaryOperation","decl":{"start":{"line":45,"column":2},"end":{"line":47,"column":3}},"loc":{"start":{"line":45,"column":2},"end":{"line":47,"column":3}},"line":45},"5":{"name":"isBinaryOperation","decl":{"start":{"line":49,"column":2},"end":{"line":51,"column":3}},"loc":{"start":{"line":49,"column":2},"end":{"line":51,"column":3}},"line":49},"6":{"name":"toJSON","decl":{"start":{"line":53,"column":2},"end":{"line":58,"column":3}},"loc":{"start":{"line":53,"column":2},"end":{"line":58,"column":3}},"line":53},"7":{"name":"numberLiteral","decl":{"start":{"line":62,"column":34},"end":{"line":63,"column":33}},"loc":{"start":{"line":62,"column":34},"end":{"line":63,"column":33}},"line":62},"8":{"name":"label","decl":{"start":{"line":65,"column":26},"end":{"line":65,"column":99}},"loc":{"start":{"line":65,"column":26},"end":{"line":65,"column":99}},"line":65},"9":{"name":"unaryOperation","decl":{"start":{"line":67,"column":35},"end":{"line":68,"column":34}},"loc":{"start":{"line":67,"column":35},"end":{"line":68,"column":34}},"line":67},"10":{"name":"binaryOperation","decl":{"start":{"line":70,"column":36},"end":{"line":71,"column":35}},"loc":{"start":{"line":70,"column":36},"end":{"line":71,"column":35}},"line":70},"11":{"name":"<instance_members_initializer>","decl":{"start":{"line":74,"column":45},"end":{"line":94,"column":1}},"loc":{"start":{"line":74,"column":45},"end":{"line":94,"column":1}},"line":74},"12":{"name":"NumberLiteral","decl":{"start":
[...]
"line":164,"column":34}},"164":{"start":{"line":165,"column":0},"end":{"line":165,"column":32}},"165":{"start":{"line":166,"column":0},"end":{"line":166,"column":57}},"166":{"start":{"line":167,"column":0},"end":{"line":167,"column":7}},"167":{"start":{"line":168,"column":0},"end":{"line":168,"column":0}},"168":{"start":{"line":169,"column":0},"end":{"line":169,"column":72}},"169":{"start":{"line":170,"column":0},"end":{"line":170,"column":13}},"170":{"start":{"line":171,"column":0},"end":{"line":171,"column":5}},"171":{"start":{"line":172,"column":0},"end":{"line":172,"column":0}},"172":{"start":{"line":173,"column":0},"end":{"line":173,"column":30}},"173":{"start":{"line":174,"column":0},"end":{"line":174,"column":0}},"174":{"start":{"line":175,"column":0},"end":{"line":175,"column":56}},"175":{"start":{"line":176,"column":0},"end":{"line":176,"column":24}},"176":{"start":{"line":177,"column":0},"end":{"line":177,"column":68}},"177":{"start":{"line":178,"column":0},"end":{"line":178,"column":52}},"178":{"start":{"line":179,"column":0},"end":{"line":179,"column":0}},"179":{"start":{"line":180,"column":0},"end":{"line":180,"column":32}},"180":{"start":{"line":181,"column":0},"end":{"line":181,"column":27}},"181":{"start":{"line":182,"column":0},"end":{"line":182,"column":33}},"182":{"start":{"line":183,"column":0},"end":{"line":183,"column":81}},"183":{"start":{"line":184,"column":0},"end":{"line":184,"column":59}},"184":{"start":{"line":185,"column":0},"end":{"line":185,"column":42}},"185":{"start":{"line":186,"column":0},"end":{"line":186,"column":8}},"186":{"start":{"line":187,"column":0},"end":{"line":187,"column":13}},"187":{"start":{"line":188,"column":0},"end":{"line":188,"column":5}},"188":{"start":{"line":189,"column":0},"end":{"line":189,"column":0}},"189":{"start":{"line":190,"column":0},"end":{"line":190,"column":72}},"190":{"start":{"line":191,"column":0},"end":{"line":191,"column":3}},"191":{"start":{"line":192,"column":0},"end":{"line":192,"column":0}},"192":{"start":{"line":193,"column":0},"end":{"line":193,"column":49}},"193":{"start":{"line":194,"column":0},"end":{"line":194,"column":78}},"194":{"start":{"line":195,"column":0},"end":{"line":195,"column":73}},"195":{"start":{"line":196,"column":0},"end":{"line":196,"column":0}},"196":{"start":{"line":197,"column":0},"end":{"line":197,"column":38}},"197":{"start":{"line":198,"column":0},"end":{"line":198,"column":0}},"198":{"start":{"line":199,"column":0},"end":{"line":199,"column":22}},"199":{"start":{"line":200,"column":0},"end":{"line":200,"column":19}},"200":{"start":{"line":201,"column":0},"end":{"line":201,"column":83}},"201":{"start":{"line":202,"column":0},"end":{"line":202,"column":15}},"202":{"start":{"line":203,"column":0},"end":{"line":203,"column":7}},"203":{"start":{"line":204,"column":0},"end":{"line":204,"column":0}},"204":{"start":{"line":205,"column":0},"end":{"line":205,"column":26}},"205":{"start":{"line":206,"column":0},"end":{"line":206,"column":52}},"206":{"start":{"line":207,"column":0},"end":{"line":207,"column":47}},"207":{"start":{"line":208,"column":0},"end":{"line":208,"column":84}},"208":{"start":{"line":209,"column":0},"end":{"line":209,"column":9}},"209":{"start":{"line":210,"column":0},"end":{"line":210,"column":0}},"210":{"start":{"line":211,"column":0},"end":{"line":211,"column":53}},"211":{"start":{"line":212,"column":0},"end":{"line":212,"column":47}},"212":{"start":{"line":213,"column":0},"end":{"line":213,"column":79}},"213":{"start":{"line":214,"column":0},"end":{"line":214,"column":9}},"214":{"start":{"line":215,"column":0},"end":{"line":215,"column":0}},"215":{"start":{"line":216,"column":0},"end":{"line":216,"column":73}},"216":{"start":{"line":217,"column":0},"end":{"line":217,"column":15}},"217":{"start":{"line":218,"column":0},"end":{"line":218,"column":7}},"218":{"start":{"line":219,"column":0},"end":{"line":219,"column":0}},"219":{"start":{"line":220,"column":0},"end":{"line":220,"column":28}},"220":{"start":{"line":221,"column":0},"end":{"line":221,"column":66}},"221":{"start":{"line":222,"column":0},"end":{"line":222,"column":15}},"222":{"start":{"line":223,"column":0},"end":{"line":223,"column":7}},"223":{"start":{"line":224,"column":0},"end":{"line":224,"column":0}},"224":{"start":{"line":225,"column":0},"end":{"line":225,"column":16}},"225":{"start":{"line":226,"column":0},"end":{"line":226,"column":43}},"226":{"start":{"line":227,"column":0},"end":{"line":227,"column":32}},"227":{"start":{"line":228,"column":0},"end":{"line":228,"column":7}},"228":{"start":{"line":229,"column":0},"end":{"line":229,"column":5}},"229":{"start":{"line":230,"column":0},"end":{"line":230,"column":3}},"230":{"start":{"line":231,"column":0},"end":{"line":231,"column":1}}},"s":{"0":1,"1":1,"2":1,"3":1,"4":1,"5":1,"6":1,"7":1,"8":1,"9":1,"10":1,"11":1,"12":1,"13":1,"14":1,"15":1,"16":1,"17":1,"18":1,"19":1,"20":1,"21":1,"22":1,"23":1,"24":1,"25":1,"26":1,"27":1,"28":1,"29":1,"30":1,"31":1,"32":1,"33":1,"34":1,"35":1,"36":1,"37":1,"38":1,"39":1,"40":1,"41":1,"42":1,"43":1,"44":1,"45":1,"46":23,"47":23,"48":23,"49":23,"50":23,"51":23,"52":23,"53":23,"54":23,"55":23,"56":23,"57":23,"58":23,"59":23,"60":23,"61":23,"62":23,"63":15,"64":15,"65":15,"66":15,"67":15,"68":15,"69":15,"70":15,"71":15,"72":15,"73":0,"74":0,"75":15,"76":15,"77":15,"78":23,"79":23,"80":23,"81":23,"82":23,"83":23,"84":0,"85":0,"86":0,"87":0,"88":0,"89":0,"90":0,"91":0,"92":0,"93":0,"94":0,"95":0,"96":0,"97":0,"98":0,"99":0,"100":0,"101":0,"102":0,"103":0,"104":0,"105":0,"106":0,"107":0,"108":0,"109":0,"110":0,"111":0,"112":0,"113":0,"114":0,"115":0,"116":0,"117":0,"118":0,"119":0,"120":0,"121":0,"122":0,"123":0,"124":0,"125":23,"126":23,"127":0,"128":0,"129":0,"130":0,"131":23,"132":23,"133":23,"134":23,"135":23,"136":23,"137":23,"138":23,"139":23,"140":23,"141":15,"142":15,"143":15,"144":0,"145":0,"146":15,"147":15,"148":15,"149":15,"150":15,"151":15,"152":15,"153":0,"154":0,"155":0,"156":0,"157":0,"158":0,"159":0,"160":0,"161":0,"162":0,"163":0,"164":0,"165":0,"166":0,"167":0,"168":0,"169":0,"170":0,"171":0,"172":0,"173":0,"174":0,"175":0,"176":0,"177":0,"178":0,"179":0,"180":0,"181":0,"182":0,"183":0,"184":0,"185":0,"186":0,"187":0,"188":0,"189":0,"190":15,"191":23,"192":23,"193":15,"194":15,"195":15,"196":15,"197":15,"198":15,"199":15,"200":15,"201":15,"202":15,"203":15,"204":15,"205":0,"206":0,"207":0,"208":0,"209":0,"210":0,"211":0,"212":0,"213":0,"214":0,"215":0,"216":0,"217":0,"218":15,"219":15,"220":0,"221":0,"222":0,"223":15,"224":15,"225":0,"226":0,"227":0,"228":15,"229":15,"230":23},"branchMap":{"0":{"type":"branch","line":46,"loc":{"start":{"line":46,"column":59},"end":{"line":231,"column":1}},"locations":[{"start":{"line":46,"column":59},"end":{"line":231,"column":1}}]},"1":{"type":"branch","line":50,"loc":{"start":{"line":50,"column":2},"end":{"line":57,"column":3}},"locations":[{"start":{"line":50,"column":2},"end":{"line":57,"column":3}}]},"2":{"type":"branch","line":63,"loc":{"start":{"line":63,"column":2},"end":{"line":78,"column":3}},"locations":[{"start":{"line":63,"column":2},"end":{"line":78,"column":3}}]},"3":{"type":"branch","line":64,"loc":{"start":{"line":64,"column":33},"end":{"line":64,"column":78}},"locations":[{"start":{"line":64,"column":33},"end":{"line":64,"column":78}}]},"4":{"type":"branch","line":73,"loc":{"start":{"line":73,"column":31},"end":{"line":75,"column":5}},"locations":[{"start":{"line":73,"column":31},"end":{"line":75,"column":5}}]},"5":{"type":"branch","line":133,"loc":{"start":{"line":133,"column":2},"end":{"line":139,"column":3}},"locations":[{"start":{"line":133,"column":2},"end":{"line":139,"column":3}}]},"6":{"type":"branch","line":136,"loc":{"start":{"line":136,"column":15},"end":{"line":137,"column":34}},"locations":[{"start":{"line":136,"column":15},"end":{"line":137,"column":34}}]},"7":{"type":"branch","line":137,"loc":{"start":{"line":137,"column":13},"end":{"line":137,"column":84}},"locations":[{"start":{"line":137,"column":13},"end":{"line":137,"column":84}}]},"8":{"type":"branch","line":137,"loc":{"start":{"line":137,"column":64},"end":{"line":137,"column":79}},"locations":[{"start":{"line":137,"column":64},"end":{"line":137,"column":79}}]},"9":{"type":"branch","line":141,"loc":{"start":{"line":141,"column":2},"end":{"line":191,"column":3}},"locations":[{"start":{"line":141,"column":2},"end":{"line":191,"column":3}}]},"10":{"type":"branch","line":142,"loc":{"start":{"line":142,"column":32},"end":{"line":142,"column":81}},"locations":[{"start":{"line":142,"column":32},"end":{"line":142,"column":81}}]},"11":{"type":"branch","line":144,"loc":{"start":{"line":144,"column":36},"end":{"line":146,"column":5}},"locations":[{"start":{"line":144,"column":36},"end":{"line":146,"column":5}}]},"12":{"type":"branch","line":153,"loc":{"start":{"line":153,"column":4},"end":{"line":190,"column":72}},"locations":[{"start":{"line":153,"column":4},"end":{"line":190,"column":72}}]},"13":{"type":"branch","line":193,"loc":{"start":{"line":193,"column":2},"end":{"line":230,"column":3}},"locations":[{"start":{"line":193,"column":2},"end":{"line":230,"column":3}}]},"14":{"type":"branch","line":194,"loc":{"start":{"line":194,"column":33},"end":{"line":194,"column":78}},"locations":[{"start":{"line":194,"column":33},"end":{"line":194,"column":78}}]},"15":{"type":"branch","line":195,"loc":{"start":{"line":195,"column":25},"end":{"line":195,"column":73}},"locations":[{"start":{"line":195,"column":25},"end":{"line":195,"column":73}}]},"16":{"type":"branch","line":205,"loc":{"start":{"line":205,"column":6},"end":{"line":218,"column":7}},"locations":[{"start":{"line":205,"column":6},"end":{"line":218,"column":7}}]},"17":{"type":"branch","line":220,"loc":{"start":{"line":220,"column":6},"end":{"line":223,"column":7}},"locations":[{"start":{"line":220,"column":6},"end":{"line":223,"column":7}}]},"18":{"type":"branch","line":225,"loc":{"start":{"line":225,"column":6},"end":{"line":228,"column":7}},"locations":[{"start":{"line":225,"column":6},"end":{"line":228,"column":7}}]}},"b":{"0":[23],"1":[23],"2":[15],"3":[0],"4":[0],"5":[23],"6":[8],"7":[8],"8":[8],"9":[15],"10":[0],"11":[0],"12":[0],"13":[15],"14":[0],"15":[0],"16":[0],"17":[0],"18":[0]},"fnMap":{"0":{"name":"<instance_members_initializer>","decl":{"start":{"line":46,"column":59},"end":{"line":231,"column":1}},"loc":{"start":{"line":46,"column":59},"end":{"line":231,"column":1}},"line":46},"1":{"name":"UnaryInstruction","decl":{"start":{"line":50,"column":2},"end":{"line":57,"column":3}},"loc":{"start":{"line":50,"column":2},"end":{"line":57,"column":3}},"line":50},"2":{"name":"get length","decl":{"start":{"line":63,"column":2},"end":{"line":78,"column":3}},"loc":{"start":{"line":63,"column":2},"end":{"line":78,"column":3}},"line":63},"3":{"name":"toBytes","decl":{"start":{"line":84,"column":2},"end":{"line":125,"column":3}},"loc":{"start":{"line":84,"column":2},"end":{"line":125,"column":3}},"line":84},"4":{"name":"get operation","decl":{"start":{"line":127,"column":2},"end":{"line":131,"column":3}},"loc":{"start":{"line":127,"column":2},"end":{"line":131,"column":3}},"line":127},"5":{"name":"toJSON","decl":{"start":{"line":133,"column":2},"end":{"line":139,"column":3}},"loc":{"start":{"line":133,"column":2},"end":{"line":139,"column":3}},"line":133},"6":{"name":"validate","decl":{"start":{"line":141,"column":2},"end":{"line":191,"column":3}},"loc":{"start":{"line":141,"column":2},"end":{"line":191,"column":3}},"line":141},"7":{"name":"evaluateExpressions","decl":{"start":{"line":193,"column":2},"end":{"line":230,"column":3}},"loc":{"start":{"line":193,"column":2},"end":{"line":230,"column":3}},"line":193}},"f":{"0":23,"1":23,"2":15,"3":0,"4":0,"5":23,"6":15,"7":15}}
,"C:\\temp\\2025\\VonSim8\\packages\\assembler\\src\\statements\\instructions\\types\\zeroary.ts": {"path":"C:\\temp\\2025\\VonSim8\\packages\\assembler\\src\\statements\\instructions\\types\\zeroary.ts","all":false,"statementMap":{"0":{"start":{"line":1,"column":0},"end":{"line":1,"column":56}},"1":{"start":{"line":2,"column":0},"end":{"line":2,"column":0}},"2":{"start":{"line":3,"column":0},"end":{"line":3,"column":48}},"3":{"start":{"line":4,"column":0},"end":{"line":4,"column":43}},"4":{"start":{"line":5,"column":0},"end":{"line":5,"column":52}},"5":{"start":{"line":6,"column":0},"end":{"line":6,"column":0}},"6":{"start":{"line":7,"column":0},"end":{"line":7,"column":96}},"7":{"start":{"line":8,"column":0},"end":{"line":8,"column":0}},"8":{"start":{"line":9,"column":0},"end":{"line":9,"column":3}},"9":{"start":{"line":10,"column":0},"end":{"line":10,"column":22}},"10":{"start":{"line":11,"column":0},"end":{"line":11,"column":74}},"11":{"start":{"line":12,"column":0},"end":{"line":12,"column":72}},"12":{"start":{"line":13,"column":0},"end":{"line":13,"column":70}},"13":{"start":{"line":14,"column":0},"end":{"line":14,"column":72}},"14":{"start":{"line":15,"column":0},"end":{"line":15,"column":70}},"15":{"start":{"line":16,"column":0},"end":{"line":16,"column":70}},"16":{"start":{"line":17,"column":0},"end":{"line":17,"column":70}},"17":{"start":{"line":18,"column":0},"end":{"line":18,"column":70}},"18":{"start":{"line":19,"column":0},"end":{"line":19,"column":2}},"19":{"start":{"line":20,"column":0},"end":{"line":20,"column":42}},"20":{"start":{"line":21,"column":0},"end":{"line":21,"column":2}},"21":{"start":{"line":22,"column":0},"end":{"line":22,"column":6}},"22":{"start":{"line":23,"column":0},"end":{"line":23,"column":25}},"23":{"start":{"line":24,"column":0},"end":{"line":24,"column":3}},"24":{"start":{"line":25,"column":0},"end":{"line":25,"column":62}},"25":{"start":{"line":26,"column":0},"end":{"line":26,"column":21}},"26":{"start":{"line":27,"column":0},"end":{"line":27,"column":0}},"27":{"start":{"line":28,"column":0},"end":{"line":28,"column":14}},"28":{"start":{"line":29,"column":0},"end":{"line":29,"column":49}},"29":{"start":{"line":30,"column":0},"end":{"line":30,"column":24}},"30":{"start":{"line":31,"column":0},"end":{"line":31,"column":25}},"31":{"start":{"line":32,"column":0},"end":{"line":32,"column":23}},"32":{"start":{"line":33,"column":0},"end":{"line":33,"column":5}},"33":{"start":{"line":34,"column":0},"end":{"line":34,"column":37}},"34":{"start":{"line":35,"column":0},"end":{"line":35,"column":3}},"35":{"start":{"line":36,"column":0},"end":{"line":36,"column":0}},"36":{"start":{"line":37,"column":0},"end":{"line":37,"column":5}},"37":{"start":{"line":38,"column":0},"end":{"line":38,"column":52}},"38":{"start":{"line":39,"column":0},"end":{"line":39,"column":63}},"39":{"start":{"line":40,"column":0},"end":{"line":40,"column":5}},"40":{"start":{"line":41,"column":0},"end":{"line":41,"column":22}},"41":{"start":{"line":42,"column":0},"end":{"line":42,"column":0}},"42":{"start":{"line":43,"column":0},"end":{"line":43,"column":5}},"43":{"start":{"line":44,"column":0},"end":{"line":44,"column":42}},"44":{"start":{"line":45,"column":0},"end":{"line":45,"column":63}},"45":{"start":{"line":46,"column":0},"end":{"line":46,"column":5}},"46":{"start":{"line":47,"column":0},"end":{"line":47,"column":25}},"47":{"start":{"line":48,"column":0},"end":{"line":48,"column":66}},"48":{"start":{"line":49,"column":0},"end":{"line":49,"column":25}},"49":{"start":{"line":50,"column":0},"end":{"line":50,"column":24}},"50":{"start":{"line":51,"column":0},"end":{"line":51,"column":23}},"51":{"start":{"line":52,"column":0},"end":{"line":52,"column":23}},"52":{"start":{"line":53,"column":0},"end":{"line":53,"column":23}},"53":{"start":{"line":54,"column":0},"end":{"line":54,"column":24}},"54":{"start":{"line":55,"column":0},"end":{"line":55,"column":23}},"55":{"start":{"line":56,"column":0},"end":{"line":56,"column":23}},"56":{"start":{"line":57,"column":0},"end":{"line":57,"column":6}},"57":{"start":{"line":58,"column":0},"end":{"line":58,"column":55}},"58":{"start":{"line":59,"column":0},"end":{"line":59,"column":3}},"59":{"start":{"line":60,"column":0},"end":{"line":60,"column":0}},"60":{"start":{"line":61,"column":0},"end":{"line":61,"column":14}},"61":{"start":{"line":62,"column":0},"end":{"line":62,"column":74}},"62":{"start":{"line":63,"column":0},"end":{"line":63,"column":0}},"63":{"start":{"line":64,"column":0},"end":{"line":64,"column":35}},"64":{"start":{"line":65,"column":0},"end":{"line":65,"column":63}},"65":{"start":{"line":66,"column":0},"end":{"line":66,"column":5}},"66":{"start":{"line":67,"column":0},"end":{"line":67,"column":0}},"67":{"start":{"line":68,"column":0},"end":{"line":68,"column":27}},"68":{"start":{"line":69,"column":0},"end":{"line":69,"column":3}},"69":{"start":{"line":70,"column":0},"end":{"line":70,"column":0}},"70":{"start":{"line":71,"column":0},"end":{"line":71,"column":25}},"71":{"start":{"line":72,"column":0},"end":{"line":72,"column":71}},"72":{"start":{"line":73,"column":0},"end":{"line":73,"column":0}},"73":{"start":{"line":74,"column":0},"end":{"line":74,"column":63}},"74":{"start":{"line":75,"column":0},"end":{"line":75,"column":11}},"75":{"start":{"line":76,"column":0},"end":{"line":76,"column":3}},"76":{"start":{"line":77,"column":0},"end":{"line":77,"column":1}}},"s":{"0":1,"1":1,"2":1,"3":1,"4":1,"5":1,"6":1,"7":1,"8":1,"9":1,"10":1,"11":1,"12":1,"13":1,"14":1,"15":1,"16":1,"17":1,"18":1,"19":1,"20":1,"21":1,"22":1,"23":1,"24":1,"25":19,"26":19,"27":19,"28":19,"29":19,"30":19,"31":19,"32":19,"33":19,"34":19,"35":19,"36":19,"37":19,"38":19,"39":19,"40":19,"41":19,"42":19,"43":19,"44":19,"45":19,"46":19,"47":0,"48":0,"49":0,"50":0,"51":0,"52":0,"53":0,"54":0,"55":0,"56":0,"57":0,"58":0,"59":19,"60":19,"61":17,"62":17,"63":17,"64":0,"65":0,"66":17,"67":17,"68":17,"69":19,"70":19,"71":17,"72":17,"73":17,"74":17,"75":17,"76":19},"branchMap":{"0":{"type":"branch","line":25,"loc":{"start":{"line":25,"column":61},"end":{"line":77,"column":1}},"locations":[{"start":{"line":25,"column":61},"end":{"line":77,"column":1}}]},"1":{"type":"branch","line":28,"loc":{"start":{"line":28,"column":2},"end":{"line":35,"column":3}},"locations":[{"start":{"line":28,"column":2},"end":{"line":35,"column":3}}]},"2":{"type":"branch","line":61,"loc":{"start":{"line":61,"column":2},"end":{"line":69,"column":3}},"locations":[{"start":{"line":61,"column":2},"end":{"line":69,"column":3}}]},"3":{"type":"branch","line":62,"loc":{"start":{"line":62,"column":25},"end":{"line":62,"column":74}},"locations":[{"start":{"line":62,"column":25},"end":{"line":62,"column":74}}]},"4":{"type":"branch","line":64,"loc":{"start":{"line":64,"column":34},"end":{"line":66,"column":5}},"locations":[{"start":{"line":64,"column":34},"end":{"line":66,"column":5}}]},"5":{"type":"branch","line":71,"loc":{"start":{"line":71,"column":2},"end":{"line":76,"column":3}},"locations":[{"start":{"line":71,"column":2},"end":{"line":76,"column":3}}]},"6":{"type":"branch","line":72,"loc":{"start":{"line":72,"column":26},"end":{"line":72,"column":71}},"locations":[{"start":{"line":72,"column":26},"end":{"line":72,"column":71}}]}},"b":{"0":[19],"1":[19],"2":[17],"3":[0],"4":[0],"5":[17],"6":[0]},"fnMap":{"0":{"name":"<instance_members_initializer>","decl":{"start":{"line":25,"column":61},"end":{"line":77,"column":1}},"loc":{"start":{"line":25,"column":61},"end":{"line":77,"column":1}},"line":25},"1":{"name":"ZeroaryInstruction","decl":{"start":{"line":28,"column":2},"end":{"line":35,"column":3}},"loc":{"start":{"line":28,"column":2},"end":{"line":35,"column":3}},"line":28},"2":{"name":"toBytes","decl":{"start":{"line":47,"column":2},"end":{"line":59,"column":3}},"loc":{"start":{"line":47,"column":2},"end":{"line":59,"column":3}},"line":47},"3":{"name":"validate","decl":{"start":{"line":61,"column":2},"end":{"line":69,"column":3}},"loc":{"start":{"line":61,"column":2},"end":{"line":69,"column":3}},"line":61},"4":{"name":"evaluateExpressions","decl":{"start":{"line":71,"column":2},"end":{"line":76,"column":3}},"loc":{"start":{"line":71,"column":2},"end":{"line":76,"column":3}},"line":71}},"f":{"0":19,"1":19,"2":0,"3":17,"4":17}}
}
