{
  "C:\\temp\\2025\\VonSim8\\packages\\simulator\\src\\component.ts": {
    "path": "C:\\temp\\2025\\VonSim8\\packages\\simulator\\src\\component.ts",
    "all": false,
    "statementMap": {
      "0": { "start": { "line": 1, "column": 0 }, "end": { "line": 1, "column": 43 } },
      "1": { "start": { "line": 2, "column": 0 }, "end": { "line": 2, "column": 0 } },
      "2": { "start": { "line": 3, "column": 0 }, "end": { "line": 3, "column": 82 } },
      "3": { "start": { "line": 4, "column": 0 }, "end": { "line": 4, "column": 0 } },
      "4": { "start": { "line": 5, "column": 0 }, "end": { "line": 5, "column": 37 } },
      "5": { "start": { "line": 6, "column": 0 }, "end": { "line": 6, "column": 0 } },
      "6": { "start": { "line": 7, "column": 0 }, "end": { "line": 7, "column": 69 } },
      "7": { "start": { "line": 8, "column": 0 }, "end": { "line": 8, "column": 0 } },
      "8": { "start": { "line": 9, "column": 0 }, "end": { "line": 9, "column": 3 } },
      "9": { "start": { "line": 10, "column": 0 }, "end": { "line": 10, "column": 45 } },
      "10": { "start": { "line": 11, "column": 0 }, "end": { "line": 11, "column": 71 } },
      "11": { "start": { "line": 12, "column": 0 }, "end": { "line": 12, "column": 3 } },
      "12": { "start": { "line": 13, "column": 0 }, "end": { "line": 13, "column": 33 } },
      "13": { "start": { "line": 14, "column": 0 }, "end": { "line": 14, "column": 40 } },
      "14": { "start": { "line": 15, "column": 0 }, "end": { "line": 15, "column": 0 } },
      "15": { "start": { "line": 16, "column": 0 }, "end": { "line": 16, "column": 39 } },
      "16": { "start": { "line": 17, "column": 0 }, "end": { "line": 17, "column": 37 } },
      "17": { "start": { "line": 18, "column": 0 }, "end": { "line": 18, "column": 3 } },
      "18": { "start": { "line": 19, "column": 0 }, "end": { "line": 19, "column": 0 } },
      "19": { "start": { "line": 20, "column": 0 }, "end": { "line": 20, "column": 31 } },
      "20": { "start": { "line": 21, "column": 0 }, "end": { "line": 21, "column": 1 } }
    },
    "s": {
      "0": 1,
      "1": 1,
      "2": 1,
      "3": 1,
      "4": 1,
      "5": 1,
      "6": 1,
      "7": 1,
      "8": 1,
      "9": 1,
      "10": 1,
      "11": 1,
      "12": 1,
      "13": 21,
      "14": 21,
      "15": 21,
      "16": 21,
      "17": 21,
      "18": 21,
      "19": 21,
      "20": 21
    },
    "branchMap": {
      "0": {
        "type": "branch",
        "line": 13,
        "loc": { "start": { "line": 13, "column": 32 }, "end": { "line": 21, "column": 1 } },
        "locations": [{ "start": { "line": 13, "column": 32 }, "end": { "line": 21, "column": 1 } }]
      },
      "1": {
        "type": "branch",
        "line": 16,
        "loc": { "start": { "line": 16, "column": 2 }, "end": { "line": 18, "column": 3 } },
        "locations": [{ "start": { "line": 16, "column": 2 }, "end": { "line": 18, "column": 3 } }]
      }
    },
    "b": { "0": [21], "1": [21] },
    "fnMap": {
      "0": {
        "name": "<instance_members_initializer>",
        "decl": { "start": { "line": 13, "column": 32 }, "end": { "line": 21, "column": 1 } },
        "loc": { "start": { "line": 13, "column": 32 }, "end": { "line": 21, "column": 1 } },
        "line": 13
      },
      "1": {
        "name": "Component",
        "decl": { "start": { "line": 16, "column": 2 }, "end": { "line": 18, "column": 3 } },
        "loc": { "start": { "line": 16, "column": 2 }, "end": { "line": 18, "column": 3 } },
        "line": 16
      }
    },
    "f": { "0": 21, "1": 21 }
  },
  "C:\\temp\\2025\\VonSim8\\packages\\simulator\\src\\computer.ts": {
    "path": "C:\\temp\\2025\\VonSim8\\packages\\simulator\\src\\computer.ts",
    "all": false,
    "statementMap": {
      "0": { "start": { "line": 1, "column": 0 }, "end": { "line": 1, "column": 49 } },
      "1": { "start": { "line": 2, "column": 0 }, "end": { "line": 2, "column": 44 } },
      "2": { "start": { "line": 3, "column": 0 }, "end": { "line": 3, "column": 0 } },
      "3": { "start": { "line": 4, "column": 0 }, "end": { "line": 4, "column": 28 } },
      "4": { "start": { "line": 5, "column": 0 }, "end": { "line": 5, "column": 35 } },
      "5": { "start": { "line": 6, "column": 0 }, "end": { "line": 6, "column": 34 } },
      "6": { "start": { "line": 7, "column": 0 }, "end": { "line": 7, "column": 0 } },
      "7": { "start": { "line": 8, "column": 0 }, "end": { "line": 8, "column": 31 } },
      "8": { "start": { "line": 9, "column": 0 }, "end": { "line": 9, "column": 19 } },
      "9": { "start": { "line": 10, "column": 0 }, "end": { "line": 10, "column": 32 } },
      "10": { "start": { "line": 11, "column": 0 }, "end": { "line": 11, "column": 40 } },
      "11": { "start": { "line": 12, "column": 0 }, "end": { "line": 12, "column": 82 } },
      "12": { "start": { "line": 13, "column": 0 }, "end": { "line": 13, "column": 0 } },
      "13": { "start": { "line": 14, "column": 0 }, "end": { "line": 14, "column": 36 } },
      "14": { "start": { "line": 15, "column": 0 }, "end": { "line": 15, "column": 29 } },
      "15": { "start": { "line": 16, "column": 0 }, "end": { "line": 16, "column": 48 } },
      "16": { "start": { "line": 17, "column": 0 }, "end": { "line": 17, "column": 46 } },
      "17": { "start": { "line": 18, "column": 0 }, "end": { "line": 18, "column": 30 } },
      "18": { "start": { "line": 19, "column": 0 }, "end": { "line": 19, "column": 2 } },
      "19": { "start": { "line": 20, "column": 0 }, "end": { "line": 20, "column": 0 } },
      "20": { "start": { "line": 21, "column": 0 }, "end": { "line": 21, "column": 3 } },
      "21": { "start": { "line": 22, "column": 0 }, "end": { "line": 22, "column": 51 } },
      "22": { "start": { "line": 23, "column": 0 }, "end": { "line": 23, "column": 63 } },
      "23": { "start": { "line": 24, "column": 0 }, "end": { "line": 24, "column": 2 } },
      "24": { "start": { "line": 25, "column": 0 }, "end": { "line": 25, "column": 83 } },
      "25": { "start": { "line": 26, "column": 0 }, "end": { "line": 26, "column": 89 } },
      "26": { "start": { "line": 27, "column": 0 }, "end": { "line": 27, "column": 36 } },
      "27": { "start": { "line": 28, "column": 0 }, "end": { "line": 28, "column": 49 } },
      "28": { "start": { "line": 29, "column": 0 }, "end": { "line": 29, "column": 56 } },
      "29": { "start": { "line": 30, "column": 0 }, "end": { "line": 30, "column": 38 } },
      "30": { "start": { "line": 31, "column": 0 }, "end": { "line": 31, "column": 35 } },
      "31": { "start": { "line": 32, "column": 0 }, "end": { "line": 32, "column": 2 } },
      "32": { "start": { "line": 33, "column": 0 }, "end": { "line": 33, "column": 101 } },
      "33": { "start": { "line": 34, "column": 0 }, "end": { "line": 34, "column": 2 } },
      "34": { "start": { "line": 35, "column": 0 }, "end": { "line": 35, "column": 6 } },
      "35": { "start": { "line": 36, "column": 0 }, "end": { "line": 36, "column": 25 } },
      "36": { "start": { "line": 37, "column": 0 }, "end": { "line": 37, "column": 3 } },
      "37": { "start": { "line": 38, "column": 0 }, "end": { "line": 38, "column": 23 } },
      "38": { "start": { "line": 39, "column": 0 }, "end": { "line": 39, "column": 20 } },
      "39": { "start": { "line": 40, "column": 0 }, "end": { "line": 40, "column": 26 } },
      "40": { "start": { "line": 41, "column": 0 }, "end": { "line": 41, "column": 27 } },
      "41": { "start": { "line": 42, "column": 0 }, "end": { "line": 42, "column": 0 } },
      "42": { "start": { "line": 43, "column": 0 }, "end": { "line": 43, "column": 41 } },
      "43": { "start": { "line": 44, "column": 0 }, "end": { "line": 44, "column": 57 } },
      "44": { "start": { "line": 45, "column": 0 }, "end": { "line": 45, "column": 29 } },
      "45": { "start": { "line": 46, "column": 0 }, "end": { "line": 46, "column": 35 } },
      "46": { "start": { "line": 47, "column": 0 }, "end": { "line": 47, "column": 36 } },
      "47": { "start": { "line": 48, "column": 0 }, "end": { "line": 48, "column": 3 } },
      "48": { "start": { "line": 49, "column": 0 }, "end": { "line": 49, "column": 0 } },
      "49": { "start": { "line": 50, "column": 0 }, "end": { "line": 50, "column": 12 } },
      "50": { "start": { "line": 51, "column": 0 }, "end": { "line": 51, "column": 12 } },
      "51": { "start": { "line": 52, "column": 0 }, "end": { "line": 52, "column": 29 } },
      "52": { "start": { "line": 53, "column": 0 }, "end": { "line": 53, "column": 35 } },
      "53": { "start": { "line": 54, "column": 0 }, "end": { "line": 54, "column": 27 } },
      "54": { "start": { "line": 55, "column": 0 }, "end": { "line": 55, "column": 27 } },
      "55": { "start": { "line": 56, "column": 0 }, "end": { "line": 56, "column": 3 } },
      "56": { "start": { "line": 57, "column": 0 }, "end": { "line": 57, "column": 1 } }
    },
    "s": {
      "0": 1,
      "1": 1,
      "2": 1,
      "3": 1,
      "4": 1,
      "5": 1,
      "6": 1,
      "7": 1,
      "8": 1,
      "9": 1,
      "10": 1,
      "11": 1,
      "12": 1,
      "13": 1,
      "14": 1,
      "15": 1,
      "16": 1,
      "17": 1,
      "18": 1,
      "19": 1,
      "20": 1,
      "21": 1,
      "22": 1,
      "23": 1,
      "24": 1,
      "25": 1,
      "26": 1,
      "27": 1,
      "28": 1,
      "29": 1,
      "30": 1,
      "31": 1,
      "32": 1,
      "33": 1,
      "34": 1,
      "35": 1,
      "36": 1,
      "37": 1,
      "38": 7,
      "39": 7,
      "40": 7,
      "41": 7,
      "42": 7,
      "43": 7,
      "44": 7,
      "45": 7,
      "46": 7,
      "47": 7,
      "48": 7,
      "49": 7,
      "50": 1,
      "51": 1,
      "52": 1,
      "53": 1,
      "54": 1,
      "55": 1,
      "56": 7
    },
    "branchMap": {
      "0": {
        "type": "branch",
        "line": 38,
        "loc": { "start": { "line": 38, "column": 22 }, "end": { "line": 57, "column": 1 } },
        "locations": [{ "start": { "line": 38, "column": 22 }, "end": { "line": 57, "column": 1 } }]
      },
      "1": {
        "type": "branch",
        "line": 43,
        "loc": { "start": { "line": 43, "column": 2 }, "end": { "line": 48, "column": 3 } },
        "locations": [{ "start": { "line": 43, "column": 2 }, "end": { "line": 48, "column": 3 } }]
      },
      "2": {
        "type": "branch",
        "line": 50,
        "loc": { "start": { "line": 50, "column": 2 }, "end": { "line": 56, "column": 3 } },
        "locations": [{ "start": { "line": 50, "column": 2 }, "end": { "line": 56, "column": 3 } }]
      }
    },
    "b": { "0": [7], "1": [7], "2": [1] },
    "fnMap": {
      "0": {
        "name": "<instance_members_initializer>",
        "decl": { "start": { "line": 38, "column": 22 }, "end": { "line": 57, "column": 1 } },
        "loc": { "start": { "line": 38, "column": 22 }, "end": { "line": 57, "column": 1 } },
        "line": 38
      },
      "1": {
        "name": "Computer",
        "decl": { "start": { "line": 43, "column": 2 }, "end": { "line": 48, "column": 3 } },
        "loc": { "start": { "line": 43, "column": 2 }, "end": { "line": 48, "column": 3 } },
        "line": 43
      },
      "2": {
        "name": "toJSON",
        "decl": { "start": { "line": 50, "column": 2 }, "end": { "line": 56, "column": 3 } },
        "loc": { "start": { "line": 50, "column": 2 }, "end": { "line": 56, "column": 3 } },
        "line": 50
      }
    },
    "f": { "0": 7, "1": 7, "2": 1 }
  },
  "C:\\temp\\2025\\VonSim8\\packages\\simulator\\src\\index.ts": {
    "path": "C:\\temp\\2025\\VonSim8\\packages\\simulator\\src\\index.ts",
    "all": false,
    "statementMap": {
      "0": { "start": { "line": 1, "column": 0 }, "end": { "line": 1, "column": 48 } },
      "1": { "start": { "line": 2, "column": 0 }, "end": { "line": 2, "column": 0 } },
      "2": { "start": { "line": 3, "column": 0 }, "end": { "line": 3, "column": 55 } },
      "3": { "start": { "line": 4, "column": 0 }, "end": { "line": 4, "column": 41 } },
      "4": { "start": { "line": 5, "column": 0 }, "end": { "line": 5, "column": 63 } },
      "5": { "start": { "line": 6, "column": 0 }, "end": { "line": 6, "column": 0 } },
      "6": { "start": { "line": 7, "column": 0 }, "end": { "line": 7, "column": 3 } },
      "7": { "start": { "line": 8, "column": 0 }, "end": { "line": 8, "column": 19 } },
      "8": { "start": { "line": 9, "column": 0 }, "end": { "line": 9, "column": 2 } },
      "9": { "start": { "line": 10, "column": 0 }, "end": { "line": 10, "column": 82 } },
      "10": { "start": { "line": 11, "column": 0 }, "end": { "line": 11, "column": 80 } },
      "11": { "start": { "line": 12, "column": 0 }, "end": { "line": 12, "column": 60 } },
      "12": { "start": { "line": 13, "column": 0 }, "end": { "line": 13, "column": 2 } },
      "13": { "start": { "line": 14, "column": 0 }, "end": { "line": 14, "column": 24 } },
      "14": { "start": { "line": 15, "column": 0 }, "end": { "line": 15, "column": 2 } },
      "15": { "start": { "line": 16, "column": 0 }, "end": { "line": 16, "column": 84 } },
      "16": { "start": { "line": 17, "column": 0 }, "end": { "line": 17, "column": 85 } },
      "17": { "start": { "line": 18, "column": 0 }, "end": { "line": 18, "column": 34 } },
      "18": { "start": { "line": 19, "column": 0 }, "end": { "line": 19, "column": 2 } },
      "19": { "start": { "line": 20, "column": 0 }, "end": { "line": 20, "column": 6 } },
      "20": { "start": { "line": 21, "column": 0 }, "end": { "line": 21, "column": 25 } },
      "21": { "start": { "line": 22, "column": 0 }, "end": { "line": 22, "column": 3 } },
      "22": { "start": { "line": 23, "column": 0 }, "end": { "line": 23, "column": 24 } },
      "23": { "start": { "line": 24, "column": 0 }, "end": { "line": 24, "column": 38 } },
      "24": { "start": { "line": 25, "column": 0 }, "end": { "line": 25, "column": 44 } },
      "25": { "start": { "line": 26, "column": 0 }, "end": { "line": 26, "column": 82 } },
      "26": { "start": { "line": 27, "column": 0 }, "end": { "line": 27, "column": 18 } },
      "27": { "start": { "line": 28, "column": 0 }, "end": { "line": 28, "column": 5 } },
      "28": { "start": { "line": 29, "column": 0 }, "end": { "line": 29, "column": 0 } },
      "29": { "start": { "line": 30, "column": 0 }, "end": { "line": 30, "column": 5 } },
      "30": { "start": { "line": 31, "column": 0 }, "end": { "line": 31, "column": 39 } },
      "31": { "start": { "line": 32, "column": 0 }, "end": { "line": 32, "column": 4 } },
      "32": { "start": { "line": 33, "column": 0 }, "end": { "line": 33, "column": 48 } },
      "33": { "start": { "line": 34, "column": 0 }, "end": { "line": 34, "column": 119 } },
      "34": { "start": { "line": 35, "column": 0 }, "end": { "line": 35, "column": 69 } },
      "35": { "start": { "line": 36, "column": 0 }, "end": { "line": 36, "column": 5 } },
      "36": { "start": { "line": 37, "column": 0 }, "end": { "line": 37, "column": 59 } },
      "37": { "start": { "line": 38, "column": 0 }, "end": { "line": 38, "column": 76 } },
      "38": { "start": { "line": 39, "column": 0 }, "end": { "line": 39, "column": 3 } },
      "39": { "start": { "line": 40, "column": 0 }, "end": { "line": 40, "column": 0 } },
      "40": { "start": { "line": 41, "column": 0 }, "end": { "line": 41, "column": 5 } },
      "41": { "start": { "line": 42, "column": 0 }, "end": { "line": 42, "column": 74 } },
      "42": { "start": { "line": 43, "column": 0 }, "end": { "line": 43, "column": 5 } },
      "43": { "start": { "line": 44, "column": 0 }, "end": { "line": 44, "column": 22 } },
      "44": { "start": { "line": 45, "column": 0 }, "end": { "line": 45, "column": 44 } },
      "45": { "start": { "line": 46, "column": 0 }, "end": { "line": 46, "column": 3 } },
      "46": { "start": { "line": 47, "column": 0 }, "end": { "line": 47, "column": 0 } },
      "47": { "start": { "line": 48, "column": 0 }, "end": { "line": 48, "column": 5 } },
      "48": { "start": { "line": 49, "column": 0 }, "end": { "line": 49, "column": 83 } },
      "49": { "start": { "line": 50, "column": 0 }, "end": { "line": 50, "column": 32 } },
      "50": { "start": { "line": 51, "column": 0 }, "end": { "line": 51, "column": 5 } },
      "51": { "start": { "line": 52, "column": 0 }, "end": { "line": 52, "column": 30 } },
      "52": { "start": { "line": 53, "column": 0 }, "end": { "line": 53, "column": 64 } },
      "53": { "start": { "line": 54, "column": 0 }, "end": { "line": 54, "column": 36 } },
      "54": { "start": { "line": 55, "column": 0 }, "end": { "line": 55, "column": 3 } },
      "55": { "start": { "line": 56, "column": 0 }, "end": { "line": 56, "column": 0 } },
      "56": { "start": { "line": 57, "column": 0 }, "end": { "line": 57, "column": 5 } },
      "57": { "start": { "line": 58, "column": 0 }, "end": { "line": 58, "column": 59 } },
      "58": { "start": { "line": 59, "column": 0 }, "end": { "line": 59, "column": 50 } },
      "59": { "start": { "line": 60, "column": 0 }, "end": { "line": 60, "column": 5 } },
      "60": { "start": { "line": 61, "column": 0 }, "end": { "line": 61, "column": 17 } },
      "61": { "start": { "line": 62, "column": 0 }, "end": { "line": 62, "column": 64 } },
      "62": { "start": { "line": 63, "column": 0 }, "end": { "line": 63, "column": 0 } },
      "63": { "start": { "line": 64, "column": 0 }, "end": { "line": 64, "column": 12 } },
      "64": { "start": { "line": 65, "column": 0 }, "end": { "line": 65, "column": 14 } },
      "65": { "start": { "line": 66, "column": 0 }, "end": { "line": 66, "column": 58 } },
      "66": { "start": { "line": 67, "column": 0 }, "end": { "line": 67, "column": 21 } },
      "67": { "start": { "line": 68, "column": 0 }, "end": { "line": 68, "column": 77 } },
      "68": { "start": { "line": 69, "column": 0 }, "end": { "line": 69, "column": 95 } },
      "69": { "start": { "line": 70, "column": 0 }, "end": { "line": 70, "column": 10 } },
      "70": { "start": { "line": 71, "column": 0 }, "end": { "line": 71, "column": 8 } },
      "71": { "start": { "line": 72, "column": 0 }, "end": { "line": 72, "column": 12 } },
      "72": { "start": { "line": 73, "column": 0 }, "end": { "line": 73, "column": 52 } },
      "73": { "start": { "line": 74, "column": 0 }, "end": { "line": 74, "column": 22 } },
      "74": { "start": { "line": 75, "column": 0 }, "end": { "line": 75, "column": 74 } },
      "75": { "start": { "line": 76, "column": 0 }, "end": { "line": 76, "column": 92 } },
      "76": { "start": { "line": 77, "column": 0 }, "end": { "line": 77, "column": 10 } },
      "77": { "start": { "line": 78, "column": 0 }, "end": { "line": 78, "column": 8 } },
      "78": { "start": { "line": 79, "column": 0 }, "end": { "line": 79, "column": 17 } },
      "79": { "start": { "line": 80, "column": 0 }, "end": { "line": 80, "column": 57 } },
      "80": { "start": { "line": 81, "column": 0 }, "end": { "line": 81, "column": 38 } },
      "81": { "start": { "line": 82, "column": 0 }, "end": { "line": 82, "column": 98 } },
      "82": { "start": { "line": 83, "column": 0 }, "end": { "line": 83, "column": 14 } },
      "83": { "start": { "line": 84, "column": 0 }, "end": { "line": 84, "column": 99 } },
      "84": { "start": { "line": 85, "column": 0 }, "end": { "line": 85, "column": 10 } },
      "85": { "start": { "line": 86, "column": 0 }, "end": { "line": 86, "column": 8 } },
      "86": { "start": { "line": 87, "column": 0 }, "end": { "line": 87, "column": 13 } },
      "87": { "start": { "line": 88, "column": 0 }, "end": { "line": 88, "column": 53 } },
      "88": { "start": { "line": 89, "column": 0 }, "end": { "line": 89, "column": 8 } },
      "89": { "start": { "line": 90, "column": 0 }, "end": { "line": 90, "column": 16 } },
      "90": { "start": { "line": 91, "column": 0 }, "end": { "line": 91, "column": 60 } },
      "91": { "start": { "line": 92, "column": 0 }, "end": { "line": 92, "column": 22 } },
      "92": { "start": { "line": 93, "column": 0 }, "end": { "line": 93, "column": 82 } },
      "93": { "start": { "line": 94, "column": 0 }, "end": { "line": 94, "column": 69 } },
      "94": { "start": { "line": 95, "column": 0 }, "end": { "line": 95, "column": 10 } },
      "95": { "start": { "line": 96, "column": 0 }, "end": { "line": 96, "column": 22 } },
      "96": { "start": { "line": 97, "column": 0 }, "end": { "line": 97, "column": 82 } },
      "97": { "start": { "line": 98, "column": 0 }, "end": { "line": 98, "column": 69 } },
      "98": { "start": { "line": 99, "column": 0 }, "end": { "line": 99, "column": 10 } },
      "99": { "start": { "line": 100, "column": 0 }, "end": { "line": 100, "column": 103 } },
      "100": { "start": { "line": 101, "column": 0 }, "end": { "line": 101, "column": 8 } },
      "101": { "start": { "line": 102, "column": 0 }, "end": { "line": 102, "column": 15 } },
      "102": { "start": { "line": 103, "column": 0 }, "end": { "line": 103, "column": 55 } },
      "103": { "start": { "line": 104, "column": 0 }, "end": { "line": 104, "column": 22 } },
      "104": { "start": { "line": 105, "column": 0 }, "end": { "line": 105, "column": 80 } },
      "105": { "start": { "line": 106, "column": 0 }, "end": { "line": 106, "column": 98 } },
      "106": { "start": { "line": 107, "column": 0 }, "end": { "line": 107, "column": 10 } },
      "107": { "start": { "line": 108, "column": 0 }, "end": { "line": 108, "column": 8 } },
      "108": { "start": { "line": 109, "column": 0 }, "end": { "line": 109, "column": 17 } },
      "109": { "start": { "line": 110, "column": 0 }, "end": { "line": 110, "column": 57 } },
      "110": { "start": { "line": 111, "column": 0 }, "end": { "line": 111, "column": 36 } },
      "111": { "start": { "line": 112, "column": 0 }, "end": { "line": 112, "column": 90 } },
      "112": { "start": { "line": 113, "column": 0 }, "end": { "line": 113, "column": 14 } },
      "113": { "start": { "line": 114, "column": 0 }, "end": { "line": 114, "column": 25 } },
      "114": { "start": { "line": 115, "column": 0 }, "end": { "line": 115, "column": 89 } },
      "115": { "start": { "line": 116, "column": 0 }, "end": { "line": 116, "column": 14 } },
      "116": { "start": { "line": 117, "column": 0 }, "end": { "line": 117, "column": 10 } },
      "117": { "start": { "line": 118, "column": 0 }, "end": { "line": 118, "column": 8 } },
      "118": { "start": { "line": 119, "column": 0 }, "end": { "line": 119, "column": 6 } },
      "119": { "start": { "line": 120, "column": 0 }, "end": { "line": 120, "column": 3 } },
      "120": { "start": { "line": 121, "column": 0 }, "end": { "line": 121, "column": 1 } },
      "121": { "start": { "line": 122, "column": 0 }, "end": { "line": 122, "column": 0 } },
      "122": { "start": { "line": 123, "column": 0 }, "end": { "line": 123, "column": 63 } },
      "123": { "start": { "line": 124, "column": 0 }, "end": { "line": 124, "column": 0 } },
      "124": { "start": { "line": 125, "column": 0 }, "end": { "line": 125, "column": 79 } },
      "125": { "start": { "line": 126, "column": 0 }, "end": { "line": 126, "column": 26 } },
      "126": { "start": { "line": 127, "column": 0 }, "end": { "line": 127, "column": 0 } },
      "127": { "start": { "line": 128, "column": 0 }, "end": { "line": 128, "column": 3 } },
      "128": { "start": { "line": 129, "column": 0 }, "end": { "line": 129, "column": 13 } },
      "129": { "start": { "line": 130, "column": 0 }, "end": { "line": 130, "column": 3 } },
      "130": { "start": { "line": 131, "column": 0 }, "end": { "line": 131, "column": 13 } },
      "131": { "start": { "line": 132, "column": 0 }, "end": { "line": 132, "column": 15 } },
      "132": { "start": { "line": 133, "column": 0 }, "end": { "line": 133, "column": 7 } },
      "133": { "start": { "line": 134, "column": 0 }, "end": { "line": 134, "column": 14 } },
      "134": { "start": { "line": 135, "column": 0 }, "end": { "line": 135, "column": 15 } },
      "135": { "start": { "line": 136, "column": 0 }, "end": { "line": 136, "column": 19 } },
      "136": { "start": { "line": 137, "column": 0 }, "end": { "line": 137, "column": 11 } },
      "137": { "start": { "line": 138, "column": 0 }, "end": { "line": 138, "column": 15 } },
      "138": { "start": { "line": 139, "column": 0 }, "end": { "line": 139, "column": 15 } },
      "139": { "start": { "line": 140, "column": 0 }, "end": { "line": 140, "column": 15 } },
      "140": { "start": { "line": 141, "column": 0 }, "end": { "line": 141, "column": 38 } }
    },
    "s": {
      "0": 1,
      "1": 1,
      "2": 1,
      "3": 1,
      "4": 1,
      "5": 1,
      "6": 1,
      "7": 1,
      "8": 1,
      "9": 1,
      "10": 1,
      "11": 1,
      "12": 1,
      "13": 1,
      "14": 1,
      "15": 1,
      "16": 1,
      "17": 1,
      "18": 1,
      "19": 1,
      "20": 1,
      "21": 1,
      "22": 1,
      "23": 4,
      "24": 4,
      "25": 4,
      "26": 4,
      "27": 4,
      "28": 4,
      "29": 4,
      "30": 4,
      "31": 4,
      "32": 4,
      "33": 4,
      "34": 4,
      "35": 4,
      "36": 4,
      "37": 3,
      "38": 3,
      "39": 4,
      "40": 4,
      "41": 4,
      "42": 4,
      "43": 4,
      "44": 1,
      "45": 1,
      "46": 4,
      "47": 4,
      "48": 4,
      "49": 4,
      "50": 4,
      "51": 4,
      "52": 0,
      "53": 0,
      "54": 0,
      "55": 4,
      "56": 4,
      "57": 4,
      "58": 4,
      "59": 4,
      "60": 4,
      "61": 1,
      "62": 1,
      "63": 1,
      "64": 1,
      "65": 1,
      "66": 1,
      "67": 0,
      "68": 0,
      "69": 0,
      "70": 1,
      "71": 1,
      "72": 1,
      "73": 1,
      "74": 0,
      "75": 0,
      "76": 0,
      "77": 1,
      "78": 1,
      "79": 1,
      "80": 1,
      "81": 0,
      "82": 0,
      "83": 0,
      "84": 0,
      "85": 1,
      "86": 1,
      "87": 1,
      "88": 1,
      "89": 1,
      "90": 1,
      "91": 1,
      "92": 0,
      "93": 0,
      "94": 0,
      "95": 1,
      "96": 0,
      "97": 0,
      "98": 0,
      "99": 1,
      "100": 1,
      "101": 1,
      "102": 1,
      "103": 1,
      "104": 0,
      "105": 0,
      "106": 0,
      "107": 1,
      "108": 1,
      "109": 1,
      "110": 1,
      "111": 0,
      "112": 0,
      "113": 0,
      "114": 0,
      "115": 0,
      "116": 0,
      "117": 1,
      "118": 1,
      "119": 1,
      "120": 4,
      "121": 1,
      "122": 1,
      "123": 1,
      "124": 1,
      "125": 1,
      "126": 1,
      "127": 1,
      "128": 1,
      "129": 1,
      "130": 1,
      "131": 1,
      "132": 1,
      "133": 1,
      "134": 1,
      "135": 1,
      "136": 1,
      "137": 1,
      "138": 1,
      "139": 1,
      "140": 1
    },
    "branchMap": {
      "0": {
        "type": "branch",
        "line": 23,
        "loc": { "start": { "line": 23, "column": 23 }, "end": { "line": 121, "column": 1 } },
        "locations": [
          { "start": { "line": 23, "column": 23 }, "end": { "line": 121, "column": 1 } }
        ]
      },
      "1": {
        "type": "branch",
        "line": 37,
        "loc": { "start": { "line": 37, "column": 2 }, "end": { "line": 39, "column": 3 } },
        "locations": [{ "start": { "line": 37, "column": 2 }, "end": { "line": 39, "column": 3 } }]
      },
      "2": {
        "type": "branch",
        "line": 44,
        "loc": { "start": { "line": 44, "column": 2 }, "end": { "line": 46, "column": 3 } },
        "locations": [{ "start": { "line": 44, "column": 2 }, "end": { "line": 46, "column": 3 } }]
      },
      "3": {
        "type": "branch",
        "line": 45,
        "loc": { "start": { "line": 45, "column": 34 }, "end": { "line": 45, "column": 44 } },
        "locations": [
          { "start": { "line": 45, "column": 34 }, "end": { "line": 45, "column": 44 } }
        ]
      },
      "4": {
        "type": "branch",
        "line": 61,
        "loc": { "start": { "line": 61, "column": 2 }, "end": { "line": 120, "column": 3 } },
        "locations": [{ "start": { "line": 61, "column": 2 }, "end": { "line": 120, "column": 3 } }]
      },
      "5": {
        "type": "branch",
        "line": 62,
        "loc": { "start": { "line": 62, "column": 25 }, "end": { "line": 62, "column": 64 } },
        "locations": [
          { "start": { "line": 62, "column": 25 }, "end": { "line": 62, "column": 64 } }
        ]
      }
    },
    "b": { "0": [4], "1": [3], "2": [1], "3": [0], "4": [1], "5": [0] },
    "fnMap": {
      "0": {
        "name": "<instance_members_initializer>",
        "decl": { "start": { "line": 23, "column": 23 }, "end": { "line": 121, "column": 1 } },
        "loc": { "start": { "line": 23, "column": 23 }, "end": { "line": 121, "column": 1 } },
        "line": 23
      },
      "1": {
        "name": "loadProgram",
        "decl": { "start": { "line": 37, "column": 2 }, "end": { "line": 39, "column": 3 } },
        "loc": { "start": { "line": 37, "column": 2 }, "end": { "line": 39, "column": 3 } },
        "line": 37
      },
      "2": {
        "name": "getComputerState",
        "decl": { "start": { "line": 44, "column": 2 }, "end": { "line": 46, "column": 3 } },
        "loc": { "start": { "line": 44, "column": 2 }, "end": { "line": 46, "column": 3 } },
        "line": 44
      },
      "3": {
        "name": "startCPU",
        "decl": { "start": { "line": 52, "column": 2 }, "end": { "line": 55, "column": 3 } },
        "loc": { "start": { "line": 52, "column": 2 }, "end": { "line": 55, "column": 3 } },
        "line": 52
      },
      "4": {
        "name": "get devices",
        "decl": { "start": { "line": 61, "column": 2 }, "end": { "line": 120, "column": 3 } },
        "loc": { "start": { "line": 61, "column": 2 }, "end": { "line": 120, "column": 3 } },
        "line": 61
      },
      "5": {
        "name": "connected",
        "decl": { "start": { "line": 66, "column": 19 }, "end": { "line": 66, "column": 58 } },
        "loc": { "start": { "line": 66, "column": 19 }, "end": { "line": 66, "column": 58 } },
        "line": 66
      },
      "6": {
        "name": "tick",
        "decl": { "start": { "line": 67, "column": 14 }, "end": { "line": 70, "column": 10 } },
        "loc": { "start": { "line": 67, "column": 14 }, "end": { "line": 70, "column": 10 } },
        "line": 67
      },
      "7": {
        "name": "connected",
        "decl": { "start": { "line": 73, "column": 19 }, "end": { "line": 73, "column": 52 } },
        "loc": { "start": { "line": 73, "column": 19 }, "end": { "line": 73, "column": 52 } },
        "line": 73
      },
      "8": {
        "name": "press",
        "decl": { "start": { "line": 74, "column": 15 }, "end": { "line": 77, "column": 10 } },
        "loc": { "start": { "line": 74, "column": 15 }, "end": { "line": 77, "column": 10 } },
        "line": 74
      },
      "9": {
        "name": "connected",
        "decl": { "start": { "line": 80, "column": 19 }, "end": { "line": 80, "column": 57 } },
        "loc": { "start": { "line": 80, "column": 19 }, "end": { "line": 80, "column": 57 } },
        "line": 80
      },
      "10": {
        "name": "readChar",
        "decl": { "start": { "line": 81, "column": 18 }, "end": { "line": 85, "column": 10 } },
        "loc": { "start": { "line": 81, "column": 18 }, "end": { "line": 85, "column": 10 } },
        "line": 81
      },
      "11": {
        "name": "connected",
        "decl": { "start": { "line": 88, "column": 19 }, "end": { "line": 88, "column": 53 } },
        "loc": { "start": { "line": 88, "column": 19 }, "end": { "line": 88, "column": 53 } },
        "line": 88
      },
      "12": {
        "name": "connected",
        "decl": { "start": { "line": 91, "column": 19 }, "end": { "line": 91, "column": 60 } },
        "loc": { "start": { "line": 91, "column": 19 }, "end": { "line": 91, "column": 60 } },
        "line": 91
      },
      "13": {
        "name": "clear",
        "decl": { "start": { "line": 92, "column": 15 }, "end": { "line": 95, "column": 10 } },
        "loc": { "start": { "line": 92, "column": 15 }, "end": { "line": 95, "column": 10 } },
        "line": 92
      },
      "14": {
        "name": "print",
        "decl": { "start": { "line": 96, "column": 15 }, "end": { "line": 99, "column": 10 } },
        "loc": { "start": { "line": 96, "column": 15 }, "end": { "line": 99, "column": 10 } },
        "line": 96
      },
      "15": {
        "name": "hasPending",
        "decl": { "start": { "line": 100, "column": 20 }, "end": { "line": 100, "column": 103 } },
        "loc": { "start": { "line": 100, "column": 20 }, "end": { "line": 100, "column": 103 } },
        "line": 100
      },
      "16": {
        "name": "connected",
        "decl": { "start": { "line": 103, "column": 19 }, "end": { "line": 103, "column": 55 } },
        "loc": { "start": { "line": 103, "column": 19 }, "end": { "line": 103, "column": 55 } },
        "line": 103
      },
      "17": {
        "name": "clear",
        "decl": { "start": { "line": 104, "column": 15 }, "end": { "line": 107, "column": 10 } },
        "loc": { "start": { "line": 104, "column": 15 }, "end": { "line": 107, "column": 10 } },
        "line": 104
      },
      "18": {
        "name": "connected",
        "decl": { "start": { "line": 110, "column": 19 }, "end": { "line": 110, "column": 57 } },
        "loc": { "start": { "line": 110, "column": 19 }, "end": { "line": 110, "column": 57 } },
        "line": 110
      },
      "19": {
        "name": "toggle",
        "decl": { "start": { "line": 111, "column": 16 }, "end": { "line": 117, "column": 10 } },
        "loc": { "start": { "line": 111, "column": 16 }, "end": { "line": 117, "column": 10 } },
        "line": 111
      }
    },
    "f": {
      "0": 4,
      "1": 3,
      "2": 1,
      "3": 0,
      "4": 1,
      "5": 0,
      "6": 0,
      "7": 0,
      "8": 0,
      "9": 0,
      "10": 0,
      "11": 0,
      "12": 0,
      "13": 0,
      "14": 0,
      "15": 0,
      "16": 0,
      "17": 0,
      "18": 0,
      "19": 0
    }
  },
  "C:\\temp\\2025\\VonSim8\\packages\\simulator\\src\\memory.ts": {
    "path": "C:\\temp\\2025\\VonSim8\\packages\\simulator\\src\\memory.ts",
    "all": false,
    "statementMap": {
      "0": { "start": { "line": 1, "column": 0 }, "end": { "line": 1, "column": 57 } },
      "1": { "start": { "line": 2, "column": 0 }, "end": { "line": 2, "column": 74 } },
      "2": { "start": { "line": 3, "column": 0 }, "end": { "line": 3, "column": 43 } },
      "3": { "start": { "line": 4, "column": 0 }, "end": { "line": 4, "column": 43 } },
      "4": { "start": { "line": 5, "column": 0 }, "end": { "line": 5, "column": 0 } },
      "5": { "start": { "line": 6, "column": 0 }, "end": { "line": 6, "column": 55 } },
      "6": { "start": { "line": 7, "column": 0 }, "end": { "line": 7, "column": 41 } },
      "7": { "start": { "line": 8, "column": 0 }, "end": { "line": 8, "column": 47 } },
      "8": { "start": { "line": 9, "column": 0 }, "end": { "line": 9, "column": 0 } },
      "9": { "start": { "line": 10, "column": 0 }, "end": { "line": 10, "column": 29 } },
      "10": { "start": { "line": 11, "column": 0 }, "end": { "line": 11, "column": 55 } },
      "11": { "start": { "line": 12, "column": 0 }, "end": { "line": 12, "column": 70 } },
      "12": { "start": { "line": 13, "column": 0 }, "end": { "line": 13, "column": 80 } },
      "13": { "start": { "line": 14, "column": 0 }, "end": { "line": 14, "column": 72 } },
      "14": { "start": { "line": 15, "column": 0 }, "end": { "line": 15, "column": 71 } },
      "15": { "start": { "line": 16, "column": 0 }, "end": { "line": 16, "column": 5 } },
      "16": { "start": { "line": 17, "column": 0 }, "end": { "line": 17, "column": 33 } },
      "17": { "start": { "line": 18, "column": 0 }, "end": { "line": 18, "column": 12 } },
      "18": { "start": { "line": 19, "column": 0 }, "end": { "line": 19, "column": 51 } },
      "19": { "start": { "line": 20, "column": 0 }, "end": { "line": 20, "column": 47 } },
      "20": { "start": { "line": 21, "column": 0 }, "end": { "line": 21, "column": 49 } },
      "21": { "start": { "line": 22, "column": 0 }, "end": { "line": 22, "column": 5 } },
      "22": { "start": { "line": 23, "column": 0 }, "end": { "line": 23, "column": 54 } },
      "23": { "start": { "line": 24, "column": 0 }, "end": { "line": 24, "column": 0 } },
      "24": { "start": { "line": 25, "column": 0 }, "end": { "line": 25, "column": 3 } },
      "25": { "start": { "line": 26, "column": 0 }, "end": { "line": 26, "column": 10 } },
      "26": { "start": { "line": 27, "column": 0 }, "end": { "line": 27, "column": 59 } },
      "27": { "start": { "line": 28, "column": 0 }, "end": { "line": 28, "column": 2 } },
      "28": { "start": { "line": 29, "column": 0 }, "end": { "line": 29, "column": 92 } },
      "29": { "start": { "line": 30, "column": 0 }, "end": { "line": 30, "column": 88 } },
      "30": { "start": { "line": 31, "column": 0 }, "end": { "line": 31, "column": 51 } },
      "31": { "start": { "line": 32, "column": 0 }, "end": { "line": 32, "column": 2 } },
      "32": { "start": { "line": 33, "column": 0 }, "end": { "line": 33, "column": 6 } },
      "33": { "start": { "line": 34, "column": 0 }, "end": { "line": 34, "column": 25 } },
      "34": { "start": { "line": 35, "column": 0 }, "end": { "line": 35, "column": 3 } },
      "35": { "start": { "line": 36, "column": 0 }, "end": { "line": 36, "column": 39 } },
      "36": { "start": { "line": 37, "column": 0 }, "end": { "line": 37, "column": 55 } },
      "37": { "start": { "line": 38, "column": 0 }, "end": { "line": 38, "column": 0 } },
      "38": { "start": { "line": 39, "column": 0 }, "end": { "line": 39, "column": 22 } },
      "39": { "start": { "line": 40, "column": 0 }, "end": { "line": 40, "column": 27 } },
      "40": { "start": { "line": 41, "column": 0 }, "end": { "line": 41, "column": 31 } },
      "41": { "start": { "line": 42, "column": 0 }, "end": { "line": 42, "column": 0 } },
      "42": { "start": { "line": 43, "column": 0 }, "end": { "line": 43, "column": 39 } },
      "43": { "start": { "line": 44, "column": 0 }, "end": { "line": 44, "column": 19 } },
      "44": { "start": { "line": 45, "column": 0 }, "end": { "line": 45, "column": 39 } },
      "45": { "start": { "line": 46, "column": 0 }, "end": { "line": 46, "column": 53 } },
      "46": { "start": { "line": 47, "column": 0 }, "end": { "line": 47, "column": 46 } },
      "47": { "start": { "line": 48, "column": 0 }, "end": { "line": 48, "column": 84 } },
      "48": { "start": { "line": 49, "column": 0 }, "end": { "line": 49, "column": 12 } },
      "49": { "start": { "line": 50, "column": 0 }, "end": { "line": 50, "column": 57 } },
      "50": { "start": { "line": 51, "column": 0 }, "end": { "line": 51, "column": 5 } },
      "51": { "start": { "line": 52, "column": 0 }, "end": { "line": 52, "column": 0 } },
      "52": { "start": { "line": 53, "column": 0 }, "end": { "line": 53, "column": 85 } },
      "53": { "start": { "line": 54, "column": 0 }, "end": { "line": 54, "column": 27 } },
      "54": { "start": { "line": 55, "column": 0 }, "end": { "line": 55, "column": 0 } },
      "55": { "start": { "line": 56, "column": 0 }, "end": { "line": 56, "column": 63 } },
      "56": { "start": { "line": 57, "column": 0 }, "end": { "line": 57, "column": 64 } },
      "57": { "start": { "line": 58, "column": 0 }, "end": { "line": 58, "column": 55 } },
      "58": { "start": { "line": 59, "column": 0 }, "end": { "line": 59, "column": 6 } },
      "59": { "start": { "line": 60, "column": 0 }, "end": { "line": 60, "column": 0 } },
      "60": { "start": { "line": 61, "column": 0 }, "end": { "line": 61, "column": 76 } },
      "61": { "start": { "line": 62, "column": 0 }, "end": { "line": 62, "column": 37 } },
      "62": { "start": { "line": 63, "column": 0 }, "end": { "line": 63, "column": 28 } },
      "63": { "start": { "line": 64, "column": 0 }, "end": { "line": 64, "column": 49 } },
      "64": { "start": { "line": 65, "column": 0 }, "end": { "line": 65, "column": 58 } },
      "65": { "start": { "line": 66, "column": 0 }, "end": { "line": 66, "column": 47 } },
      "66": { "start": { "line": 67, "column": 0 }, "end": { "line": 67, "column": 40 } },
      "67": { "start": { "line": 68, "column": 0 }, "end": { "line": 68, "column": 0 } },
      "68": { "start": { "line": 69, "column": 0 }, "end": { "line": 69, "column": 58 } },
      "69": { "start": { "line": 70, "column": 0 }, "end": { "line": 70, "column": 27 } },
      "70": { "start": { "line": 71, "column": 0 }, "end": { "line": 71, "column": 31 } },
      "71": { "start": { "line": 72, "column": 0 }, "end": { "line": 72, "column": 28 } },
      "72": { "start": { "line": 73, "column": 0 }, "end": { "line": 73, "column": 17 } },
      "73": { "start": { "line": 74, "column": 0 }, "end": { "line": 74, "column": 31 } },
      "74": { "start": { "line": 75, "column": 0 }, "end": { "line": 75, "column": 17 } },
      "75": { "start": { "line": 76, "column": 0 }, "end": { "line": 76, "column": 30 } },
      "76": { "start": { "line": 77, "column": 0 }, "end": { "line": 77, "column": 17 } },
      "77": { "start": { "line": 78, "column": 0 }, "end": { "line": 78, "column": 47 } },
      "78": { "start": { "line": 79, "column": 0 }, "end": { "line": 79, "column": 17 } },
      "79": { "start": { "line": 80, "column": 0 }, "end": { "line": 80, "column": 31 } },
      "80": { "start": { "line": 81, "column": 0 }, "end": { "line": 81, "column": 27 } },
      "81": { "start": { "line": 82, "column": 0 }, "end": { "line": 82, "column": 33 } },
      "82": { "start": { "line": 83, "column": 0 }, "end": { "line": 83, "column": 25 } },
      "83": { "start": { "line": 84, "column": 0 }, "end": { "line": 84, "column": 12 } },
      "84": { "start": { "line": 85, "column": 0 }, "end": { "line": 85, "column": 0 } },
      "85": { "start": { "line": 86, "column": 0 }, "end": { "line": 86, "column": 60 } },
      "86": { "start": { "line": 87, "column": 0 }, "end": { "line": 87, "column": 33 } },
      "87": { "start": { "line": 88, "column": 0 }, "end": { "line": 88, "column": 31 } },
      "88": { "start": { "line": 89, "column": 0 }, "end": { "line": 89, "column": 28 } },
      "89": { "start": { "line": 90, "column": 0 }, "end": { "line": 90, "column": 37 } },
      "90": { "start": { "line": 91, "column": 0 }, "end": { "line": 91, "column": 36 } },
      "91": { "start": { "line": 92, "column": 0 }, "end": { "line": 92, "column": 53 } },
      "92": { "start": { "line": 93, "column": 0 }, "end": { "line": 93, "column": 37 } },
      "93": { "start": { "line": 94, "column": 0 }, "end": { "line": 94, "column": 27 } },
      "94": { "start": { "line": 95, "column": 0 }, "end": { "line": 95, "column": 33 } },
      "95": { "start": { "line": 96, "column": 0 }, "end": { "line": 96, "column": 25 } },
      "96": { "start": { "line": 97, "column": 0 }, "end": { "line": 97, "column": 14 } },
      "97": { "start": { "line": 98, "column": 0 }, "end": { "line": 98, "column": 54 } },
      "98": { "start": { "line": 99, "column": 0 }, "end": { "line": 99, "column": 56 } },
      "99": { "start": { "line": 100, "column": 0 }, "end": { "line": 100, "column": 66 } },
      "100": { "start": { "line": 101, "column": 0 }, "end": { "line": 101, "column": 61 } },
      "101": { "start": { "line": 102, "column": 0 }, "end": { "line": 102, "column": 11 } },
      "102": { "start": { "line": 103, "column": 0 }, "end": { "line": 103, "column": 9 } },
      "103": { "start": { "line": 104, "column": 0 }, "end": { "line": 104, "column": 7 } },
      "104": { "start": { "line": 105, "column": 0 }, "end": { "line": 105, "column": 5 } },
      "105": { "start": { "line": 106, "column": 0 }, "end": { "line": 106, "column": 0 } },
      "106": { "start": { "line": 107, "column": 0 }, "end": { "line": 107, "column": 39 } },
      "107": { "start": { "line": 108, "column": 0 }, "end": { "line": 108, "column": 51 } },
      "108": { "start": { "line": 109, "column": 0 }, "end": { "line": 109, "column": 41 } },
      "109": { "start": { "line": 110, "column": 0 }, "end": { "line": 110, "column": 50 } },
      "110": { "start": { "line": 111, "column": 0 }, "end": { "line": 111, "column": 81 } },
      "111": { "start": { "line": 112, "column": 0 }, "end": { "line": 112, "column": 37 } },
      "112": { "start": { "line": 113, "column": 0 }, "end": { "line": 113, "column": 7 } },
      "113": { "start": { "line": 114, "column": 0 }, "end": { "line": 114, "column": 5 } },
      "114": { "start": { "line": 115, "column": 0 }, "end": { "line": 115, "column": 0 } },
      "115": { "start": { "line": 116, "column": 0 }, "end": { "line": 116, "column": 36 } },
      "116": { "start": { "line": 117, "column": 0 }, "end": { "line": 117, "column": 33 } },
      "117": { "start": { "line": 118, "column": 0 }, "end": { "line": 118, "column": 61 } },
      "118": { "start": { "line": 119, "column": 0 }, "end": { "line": 119, "column": 71 } },
      "119": { "start": { "line": 120, "column": 0 }, "end": { "line": 120, "column": 52 } },
      "120": { "start": { "line": 121, "column": 0 }, "end": { "line": 121, "column": 58 } },
      "121": { "start": { "line": 122, "column": 0 }, "end": { "line": 122, "column": 7 } },
      "122": { "start": { "line": 123, "column": 0 }, "end": { "line": 123, "column": 5 } },
      "123": { "start": { "line": 124, "column": 0 }, "end": { "line": 124, "column": 3 } },
      "124": { "start": { "line": 125, "column": 0 }, "end": { "line": 125, "column": 0 } },
      "125": { "start": { "line": 126, "column": 0 }, "end": { "line": 126, "column": 5 } },
      "126": { "start": { "line": 127, "column": 0 }, "end": { "line": 127, "column": 55 } },
      "127": { "start": { "line": 128, "column": 0 }, "end": { "line": 128, "column": 54 } },
      "128": { "start": { "line": 129, "column": 0 }, "end": { "line": 129, "column": 93 } },
      "129": { "start": { "line": 130, "column": 0 }, "end": { "line": 130, "column": 4 } },
      "130": { "start": { "line": 131, "column": 0 }, "end": { "line": 131, "column": 8 } },
      "131": { "start": { "line": 132, "column": 0 }, "end": { "line": 132, "column": 23 } },
      "132": { "start": { "line": 133, "column": 0 }, "end": { "line": 133, "column": 5 } },
      "133": { "start": { "line": 134, "column": 0 }, "end": { "line": 134, "column": 69 } },
      "134": { "start": { "line": 135, "column": 0 }, "end": { "line": 135, "column": 30 } },
      "135": { "start": { "line": 136, "column": 0 }, "end": { "line": 136, "column": 43 } },
      "136": { "start": { "line": 137, "column": 0 }, "end": { "line": 137, "column": 0 } },
      "137": { "start": { "line": 138, "column": 0 }, "end": { "line": 138, "column": 42 } },
      "138": { "start": { "line": 139, "column": 0 }, "end": { "line": 139, "column": 13 } },
      "139": { "start": { "line": 140, "column": 0 }, "end": { "line": 140, "column": 34 } },
      "140": { "start": { "line": 141, "column": 0 }, "end": { "line": 141, "column": 67 } },
      "141": { "start": { "line": 142, "column": 0 }, "end": { "line": 142, "column": 8 } },
      "142": { "start": { "line": 143, "column": 0 }, "end": { "line": 143, "column": 18 } },
      "143": { "start": { "line": 144, "column": 0 }, "end": { "line": 144, "column": 5 } },
      "144": { "start": { "line": 145, "column": 0 }, "end": { "line": 145, "column": 0 } },
      "145": { "start": { "line": 146, "column": 0 }, "end": { "line": 146, "column": 66 } },
      "146": { "start": { "line": 147, "column": 0 }, "end": { "line": 147, "column": 82 } },
      "147": { "start": { "line": 148, "column": 0 }, "end": { "line": 148, "column": 17 } },
      "148": { "start": { "line": 149, "column": 0 }, "end": { "line": 149, "column": 3 } },
      "149": { "start": { "line": 150, "column": 0 }, "end": { "line": 150, "column": 0 } },
      "150": { "start": { "line": 151, "column": 0 }, "end": { "line": 151, "column": 5 } },
      "151": { "start": { "line": 152, "column": 0 }, "end": { "line": 152, "column": 54 } },
      "152": { "start": { "line": 153, "column": 0 }, "end": { "line": 153, "column": 53 } },
      "153": { "start": { "line": 154, "column": 0 }, "end": { "line": 154, "column": 36 } },
      "154": { "start": { "line": 155, "column": 0 }, "end": { "line": 155, "column": 63 } },
      "155": { "start": { "line": 156, "column": 0 }, "end": { "line": 156, "column": 4 } },
      "156": { "start": { "line": 157, "column": 0 }, "end": { "line": 157, "column": 8 } },
      "157": { "start": { "line": 158, "column": 0 }, "end": { "line": 158, "column": 23 } },
      "158": { "start": { "line": 159, "column": 0 }, "end": { "line": 159, "column": 5 } },
      "159": { "start": { "line": 160, "column": 0 }, "end": { "line": 160, "column": 79 } },
      "160": { "start": { "line": 161, "column": 0 }, "end": { "line": 161, "column": 30 } },
      "161": { "start": { "line": 162, "column": 0 }, "end": { "line": 162, "column": 51 } },
      "162": { "start": { "line": 163, "column": 0 }, "end": { "line": 163, "column": 0 } },
      "163": { "start": { "line": 164, "column": 0 }, "end": { "line": 164, "column": 42 } },
      "164": { "start": { "line": 165, "column": 0 }, "end": { "line": 165, "column": 13 } },
      "165": { "start": { "line": 166, "column": 0 }, "end": { "line": 166, "column": 35 } },
      "166": { "start": { "line": 167, "column": 0 }, "end": { "line": 167, "column": 67 } },
      "167": { "start": { "line": 168, "column": 0 }, "end": { "line": 168, "column": 8 } },
      "168": { "start": { "line": 169, "column": 0 }, "end": { "line": 169, "column": 19 } },
      "169": { "start": { "line": 170, "column": 0 }, "end": { "line": 170, "column": 5 } },
      "170": { "start": { "line": 171, "column": 0 }, "end": { "line": 171, "column": 0 } },
      "171": { "start": { "line": 172, "column": 0 }, "end": { "line": 172, "column": 43 } },
      "172": { "start": { "line": 173, "column": 0 }, "end": { "line": 173, "column": 13 } },
      "173": { "start": { "line": 174, "column": 0 }, "end": { "line": 174, "column": 35 } },
      "174": { "start": { "line": 175, "column": 0 }, "end": { "line": 175, "column": 70 } },
      "175": { "start": { "line": 176, "column": 0 }, "end": { "line": 176, "column": 8 } },
      "176": { "start": { "line": 177, "column": 0 }, "end": { "line": 177, "column": 19 } },
      "177": { "start": { "line": 178, "column": 0 }, "end": { "line": 178, "column": 7 } },
      "178": { "start": { "line": 179, "column": 0 }, "end": { "line": 179, "column": 0 } },
      "179": { "start": { "line": 180, "column": 0 }, "end": { "line": 180, "column": 40 } },
      "180": { "start": { "line": 181, "column": 0 }, "end": { "line": 181, "column": 61 } },
      "181": { "start": { "line": 182, "column": 0 }, "end": { "line": 182, "column": 13 } },
      "182": { "start": { "line": 183, "column": 0 }, "end": { "line": 183, "column": 37 } },
      "183": { "start": { "line": 184, "column": 0 }, "end": { "line": 184, "column": 96 } },
      "184": { "start": { "line": 185, "column": 0 }, "end": { "line": 185, "column": 8 } },
      "185": { "start": { "line": 186, "column": 0 }, "end": { "line": 186, "column": 19 } },
      "186": { "start": { "line": 187, "column": 0 }, "end": { "line": 187, "column": 100 } },
      "187": { "start": { "line": 188, "column": 0 }, "end": { "line": 188, "column": 8 } },
      "188": { "start": { "line": 189, "column": 0 }, "end": { "line": 189, "column": 55 } },
      "189": { "start": { "line": 190, "column": 0 }, "end": { "line": 190, "column": 5 } },
      "190": { "start": { "line": 191, "column": 0 }, "end": { "line": 191, "column": 0 } },
      "191": { "start": { "line": 192, "column": 0 }, "end": { "line": 192, "column": 46 } },
      "192": { "start": { "line": 193, "column": 0 }, "end": { "line": 193, "column": 13 } },
      "193": { "start": { "line": 194, "column": 0 }, "end": { "line": 194, "column": 35 } },
      "194": { "start": { "line": 195, "column": 0 }, "end": { "line": 195, "column": 66 } },
      "195": { "start": { "line": 196, "column": 0 }, "end": { "line": 196, "column": 8 } },
      "196": { "start": { "line": 197, "column": 0 }, "end": { "line": 197, "column": 19 } },
      "197": { "start": { "line": 198, "column": 0 }, "end": { "line": 198, "column": 7 } },
      "198": { "start": { "line": 199, "column": 0 }, "end": { "line": 199, "column": 0 } },
      "199": { "start": { "line": 200, "column": 0 }, "end": { "line": 200, "column": 48 } },
      "200": { "start": { "line": 201, "column": 0 }, "end": { "line": 201, "column": 83 } },
      "201": { "start": { "line": 202, "column": 0 }, "end": { "line": 202, "column": 16 } },
      "202": { "start": { "line": 203, "column": 0 }, "end": { "line": 203, "column": 3 } },
      "203": { "start": { "line": 204, "column": 0 }, "end": { "line": 204, "column": 0 } },
      "204": { "start": { "line": 205, "column": 0 }, "end": { "line": 205, "column": 12 } },
      "205": { "start": { "line": 206, "column": 0 }, "end": { "line": 206, "column": 49 } },
      "206": { "start": { "line": 207, "column": 0 }, "end": { "line": 207, "column": 3 } },
      "207": { "start": { "line": 208, "column": 0 }, "end": { "line": 208, "column": 1 } }
    },
    "s": {
      "0": 1,
      "1": 1,
      "2": 1,
      "3": 1,
      "4": 1,
      "5": 1,
      "6": 1,
      "7": 1,
      "8": 1,
      "9": 1,
      "10": 1,
      "11": 1,
      "12": 1,
      "13": 1,
      "14": 1,
      "15": 1,
      "16": 1,
      "17": 1,
      "18": 1,
      "19": 1,
      "20": 1,
      "21": 1,
      "22": 1,
      "23": 1,
      "24": 1,
      "25": 1,
      "26": 1,
      "27": 1,
      "28": 1,
      "29": 1,
      "30": 1,
      "31": 1,
      "32": 1,
      "33": 1,
      "34": 1,
      "35": 1,
      "36": 1,
      "37": 1,
      "38": 1,
      "39": 1,
      "40": 1,
      "41": 1,
      "42": 1,
      "43": 7,
      "44": 7,
      "45": 0,
      "46": 7,
      "47": 0,
      "48": 7,
      "49": 7,
      "50": 7,
      "51": 7,
      "52": 7,
      "53": 7,
      "54": 7,
      "55": 7,
      "56": 7,
      "57": 7,
      "58": 7,
      "59": 7,
      "60": 7,
      "61": 7,
      "62": 7,
      "63": 0,
      "64": 0,
      "65": 0,
      "66": 0,
      "67": 0,
      "68": 0,
      "69": 0,
      "70": 0,
      "71": 0,
      "72": 0,
      "73": 0,
      "74": 0,
      "75": 0,
      "76": 0,
      "77": 0,
      "78": 0,
      "79": 0,
      "80": 0,
      "81": 0,
      "82": 0,
      "83": 0,
      "84": 0,
      "85": 0,
      "86": 0,
      "87": 0,
      "88": 0,
      "89": 0,
      "90": 0,
      "91": 0,
      "92": 0,
      "93": 0,
      "94": 0,
      "95": 0,
      "96": 0,
      "97": 0,
      "98": 0,
      "99": 0,
      "100": 0,
      "101": 0,
      "102": 0,
      "103": 0,
      "104": 0,
      "105": 7,
      "106": 7,
      "107": 7,
      "108": 0,
      "109": 0,
      "110": 0,
      "111": 0,
      "112": 0,
      "113": 0,
      "114": 7,
      "115": 7,
      "116": 7,
      "117": 7,
      "118": 3,
      "119": 3,
      "120": 7,
      "121": 7,
      "122": 3,
      "123": 7,
      "124": 1,
      "125": 1,
      "126": 1,
      "127": 1,
      "128": 1,
      "129": 1,
      "130": 1,
      "131": 1,
      "132": 1,
      "133": 1,
      "134": 0,
      "135": 0,
      "136": 0,
      "137": 0,
      "138": 0,
      "139": 0,
      "140": 0,
      "141": 0,
      "142": 0,
      "143": 0,
      "144": 0,
      "145": 0,
      "146": 0,
      "147": 0,
      "148": 0,
      "149": 1,
      "150": 1,
      "151": 1,
      "152": 1,
      "153": 1,
      "154": 1,
      "155": 1,
      "156": 1,
      "157": 1,
      "158": 1,
      "159": 1,
      "160": 0,
      "161": 0,
      "162": 0,
      "163": 0,
      "164": 0,
      "165": 0,
      "166": 0,
      "167": 0,
      "168": 0,
      "169": 0,
      "170": 0,
      "171": 0,
      "172": 0,
      "173": 0,
      "174": 0,
      "175": 0,
      "176": 0,
      "177": 0,
      "178": 0,
      "179": 0,
      "180": 0,
      "181": 0,
      "182": 0,
      "183": 0,
      "184": 0,
      "185": 0,
      "186": 0,
      "187": 0,
      "188": 0,
      "189": 0,
      "190": 0,
      "191": 0,
      "192": 0,
      "193": 0,
      "194": 0,
      "195": 0,
      "196": 0,
      "197": 0,
      "198": 0,
      "199": 0,
      "200": 0,
      "201": 0,
      "202": 0,
      "203": 1,
      "204": 1,
      "205": 1,
      "206": 1,
      "207": 1
    },
    "branchMap": {
      "0": {
        "type": "branch",
        "line": 36,
        "loc": { "start": { "line": 36, "column": 38 }, "end": { "line": 208, "column": 1 } },
        "locations": [
          { "start": { "line": 36, "column": 38 }, "end": { "line": 208, "column": 1 } }
        ]
      },
      "1": {
        "type": "branch",
        "line": 36,
        "loc": { "start": { "line": 36, "column": 38 }, "end": { "line": 208, "column": 1 } },
        "locations": [
          { "start": { "line": 36, "column": 38 }, "end": { "line": 208, "column": 1 } }
        ]
      },
      "2": {
        "type": "branch",
        "line": 43,
        "loc": { "start": { "line": 43, "column": 2 }, "end": { "line": 124, "column": 3 } },
        "locations": [{ "start": { "line": 43, "column": 2 }, "end": { "line": 124, "column": 3 } }]
      },
      "3": {
        "type": "branch",
        "line": 45,
        "loc": { "start": { "line": 45, "column": 38 }, "end": { "line": 47, "column": 15 } },
        "locations": [
          { "start": { "line": 45, "column": 38 }, "end": { "line": 47, "column": 15 } }
        ]
      },
      "4": {
        "type": "branch",
        "line": 47,
        "loc": { "start": { "line": 47, "column": 45 }, "end": { "line": 49, "column": 11 } },
        "locations": [
          { "start": { "line": 47, "column": 45 }, "end": { "line": 49, "column": 11 } }
        ]
      },
      "5": {
        "type": "branch",
        "line": 63,
        "loc": { "start": { "line": 63, "column": 27 }, "end": { "line": 105, "column": 5 } },
        "locations": [
          { "start": { "line": 63, "column": 27 }, "end": { "line": 105, "column": 5 } }
        ]
      },
      "6": {
        "type": "branch",
        "line": 108,
        "loc": { "start": { "line": 108, "column": 50 }, "end": { "line": 114, "column": 5 } },
        "locations": [
          { "start": { "line": 108, "column": 50 }, "end": { "line": 114, "column": 5 } }
        ]
      },
      "7": {
        "type": "branch",
        "line": 118,
        "loc": { "start": { "line": 118, "column": 60 }, "end": { "line": 123, "column": 5 } },
        "locations": [
          { "start": { "line": 118, "column": 60 }, "end": { "line": 123, "column": 5 } }
        ]
      },
      "8": {
        "type": "branch",
        "line": 120,
        "loc": { "start": { "line": 120, "column": 51 }, "end": { "line": 122, "column": 7 } },
        "locations": [
          { "start": { "line": 120, "column": 51 }, "end": { "line": 122, "column": 7 } }
        ]
      },
      "9": {
        "type": "branch",
        "line": 58,
        "loc": { "start": { "line": 58, "column": 6 }, "end": { "line": 58, "column": 55 } },
        "locations": [{ "start": { "line": 58, "column": 6 }, "end": { "line": 58, "column": 55 } }]
      },
      "10": {
        "type": "branch",
        "line": 205,
        "loc": { "start": { "line": 205, "column": 2 }, "end": { "line": 207, "column": 3 } },
        "locations": [
          { "start": { "line": 205, "column": 2 }, "end": { "line": 207, "column": 3 } }
        ]
      }
    },
    "b": {
      "0": [7],
      "1": [1],
      "2": [7],
      "3": [0],
      "4": [0],
      "5": [0],
      "6": [0],
      "7": [3],
      "8": [7],
      "9": [3],
      "10": [1]
    },
    "fnMap": {
      "0": {
        "name": "<instance_members_initializer>",
        "decl": { "start": { "line": 36, "column": 38 }, "end": { "line": 208, "column": 1 } },
        "loc": { "start": { "line": 36, "column": 38 }, "end": { "line": 208, "column": 1 } },
        "line": 36
      },
      "1": {
        "name": "<static_initializer>",
        "decl": { "start": { "line": 36, "column": 38 }, "end": { "line": 208, "column": 1 } },
        "loc": { "start": { "line": 36, "column": 38 }, "end": { "line": 208, "column": 1 } },
        "line": 36
      },
      "2": {
        "name": "Memory",
        "decl": { "start": { "line": 43, "column": 2 }, "end": { "line": 124, "column": 3 } },
        "loc": { "start": { "line": 43, "column": 2 }, "end": { "line": 124, "column": 3 } },
        "line": 43
      },
      "3": {
        "name": "read",
        "decl": { "start": { "line": 134, "column": 2 }, "end": { "line": 149, "column": 3 } },
        "loc": { "start": { "line": 134, "column": 2 }, "end": { "line": 149, "column": 3 } },
        "line": 134
      },
      "4": {
        "name": "write",
        "decl": { "start": { "line": 160, "column": 2 }, "end": { "line": 203, "column": 3 } },
        "loc": { "start": { "line": 160, "column": 2 }, "end": { "line": 203, "column": 3 } },
        "line": 160
      },
      "5": {
        "name": "toJSON",
        "decl": { "start": { "line": 205, "column": 2 }, "end": { "line": 207, "column": 3 } },
        "loc": { "start": { "line": 205, "column": 2 }, "end": { "line": 207, "column": 3 } },
        "line": 205
      }
    },
    "f": { "0": 7, "1": 1, "2": 7, "3": 0, "4": 0, "5": 1 }
  },
  "C:\\temp\\2025\\VonSim8\\packages\\simulator\\src\\cpu\\index.ts": {
    "path": "C:\\temp\\2025\\VonSim8\\packages\\simulator\\src\\cpu\\index.ts",
    "all": false,
    "statementMap": {
      "0": { "start": { "line": 1, "column": 0 }, "end": { "line": 1, "column": 55 } },
      "1": { "start": { "line": 2, "column": 0 }, "end": { "line": 2, "column": 52 } },
      "2": { "start": { "line": 3, "column": 0 }, "end": { "line": 3, "column": 0 } },
      "3": { "start": { "line": 4, "column": 0 }, "end": { "line": 4, "column": 56 } },
      "4": { "start": { "line": 5, "column": 0 }, "end": { "line": 5, "column": 42 } },
      "5": { "start": { "line": 6, "column": 0 }, "end": { "line": 6, "column": 48 } },
      "6": { "start": { "line": 7, "column": 0 }, "end": { "line": 7, "column": 54 } },
      "7": { "start": { "line": 8, "column": 0 }, "end": { "line": 8, "column": 56 } },
      "8": { "start": { "line": 9, "column": 0 }, "end": { "line": 9, "column": 61 } },
      "9": { "start": { "line": 10, "column": 0 }, "end": { "line": 10, "column": 13 } },
      "10": { "start": { "line": 11, "column": 0 }, "end": { "line": 11, "column": 15 } },
      "11": { "start": { "line": 12, "column": 0 }, "end": { "line": 12, "column": 7 } },
      "12": { "start": { "line": 13, "column": 0 }, "end": { "line": 13, "column": 14 } },
      "13": { "start": { "line": 14, "column": 0 }, "end": { "line": 14, "column": 15 } },
      "14": { "start": { "line": 15, "column": 0 }, "end": { "line": 15, "column": 19 } },
      "15": { "start": { "line": 16, "column": 0 }, "end": { "line": 16, "column": 11 } },
      "16": { "start": { "line": 17, "column": 0 }, "end": { "line": 17, "column": 15 } },
      "17": { "start": { "line": 18, "column": 0 }, "end": { "line": 18, "column": 15 } },
      "18": { "start": { "line": 19, "column": 0 }, "end": { "line": 19, "column": 17 } },
      "19": { "start": { "line": 20, "column": 0 }, "end": { "line": 20, "column": 40 } },
      "20": { "start": { "line": 21, "column": 0 }, "end": { "line": 21, "column": 0 } },
      "21": { "start": { "line": 22, "column": 0 }, "end": { "line": 22, "column": 3 } },
      "22": { "start": { "line": 23, "column": 0 }, "end": { "line": 23, "column": 11 } },
      "23": { "start": { "line": 24, "column": 0 }, "end": { "line": 24, "column": 61 } },
      "24": { "start": { "line": 25, "column": 0 }, "end": { "line": 25, "column": 2 } },
      "25": { "start": { "line": 26, "column": 0 }, "end": { "line": 26, "column": 65 } },
      "26": { "start": { "line": 27, "column": 0 }, "end": { "line": 27, "column": 32 } },
      "27": { "start": { "line": 28, "column": 0 }, "end": { "line": 28, "column": 2 } },
      "28": { "start": { "line": 29, "column": 0 }, "end": { "line": 29, "column": 72 } },
      "29": { "start": { "line": 30, "column": 0 }, "end": { "line": 30, "column": 80 } },
      "30": { "start": { "line": 31, "column": 0 }, "end": { "line": 31, "column": 35 } },
      "31": { "start": { "line": 32, "column": 0 }, "end": { "line": 32, "column": 2 } },
      "32": { "start": { "line": 33, "column": 0 }, "end": { "line": 33, "column": 66 } },
      "33": { "start": { "line": 34, "column": 0 }, "end": { "line": 34, "column": 2 } },
      "34": { "start": { "line": 35, "column": 0 }, "end": { "line": 35, "column": 6 } },
      "35": { "start": { "line": 36, "column": 0 }, "end": { "line": 36, "column": 25 } },
      "36": { "start": { "line": 37, "column": 0 }, "end": { "line": 37, "column": 3 } },
      "37": { "start": { "line": 38, "column": 0 }, "end": { "line": 38, "column": 36 } },
      "38": { "start": { "line": 39, "column": 0 }, "end": { "line": 39, "column": 46 } },
      "39": { "start": { "line": 40, "column": 0 }, "end": { "line": 40, "column": 27 } },
      "40": { "start": { "line": 41, "column": 0 }, "end": { "line": 41, "column": 17 } },
      "41": { "start": { "line": 42, "column": 0 }, "end": { "line": 42, "column": 16 } },
      "42": { "start": { "line": 43, "column": 0 }, "end": { "line": 43, "column": 0 } },
      "43": { "start": { "line": 44, "column": 0 }, "end": { "line": 44, "column": 39 } },
      "44": { "start": { "line": 45, "column": 0 }, "end": { "line": 45, "column": 19 } },
      "45": { "start": { "line": 46, "column": 0 }, "end": { "line": 46, "column": 0 } },
      "46": { "start": { "line": 47, "column": 0 }, "end": { "line": 47, "column": 39 } },
      "47": { "start": { "line": 48, "column": 0 }, "end": { "line": 48, "column": 56 } },
      "48": { "start": { "line": 49, "column": 0 }, "end": { "line": 49, "column": 44 } },
      "49": { "start": { "line": 50, "column": 0 }, "end": { "line": 50, "column": 44 } },
      "50": { "start": { "line": 51, "column": 0 }, "end": { "line": 51, "column": 50 } },
      "51": { "start": { "line": 52, "column": 0 }, "end": { "line": 52, "column": 25 } },
      "52": { "start": { "line": 53, "column": 0 }, "end": { "line": 53, "column": 28 } },
      "53": { "start": { "line": 54, "column": 0 }, "end": { "line": 54, "column": 28 } },
      "54": { "start": { "line": 55, "column": 0 }, "end": { "line": 55, "column": 28 } },
      "55": { "start": { "line": 56, "column": 0 }, "end": { "line": 56, "column": 28 } },
      "56": { "start": { "line": 57, "column": 0 }, "end": { "line": 57, "column": 28 } },
      "57": { "start": { "line": 58, "column": 0 }, "end": { "line": 58, "column": 28 } },
      "58": { "start": { "line": 59, "column": 0 }, "end": { "line": 59, "column": 27 } },
      "59": { "start": { "line": 60, "column": 0 }, "end": { "line": 60, "column": 28 } },
      "60": { "start": { "line": 61, "column": 0 }, "end": { "line": 61, "column": 28 } },
      "61": { "start": { "line": 62, "column": 0 }, "end": { "line": 62, "column": 30 } },
      "62": { "start": { "line": 63, "column": 0 }, "end": { "line": 63, "column": 31 } },
      "63": { "start": { "line": 64, "column": 0 }, "end": { "line": 64, "column": 32 } },
      "64": { "start": { "line": 65, "column": 0 }, "end": { "line": 65, "column": 31 } },
      "65": { "start": { "line": 66, "column": 0 }, "end": { "line": 66, "column": 8 } },
      "66": { "start": { "line": 67, "column": 0 }, "end": { "line": 67, "column": 34 } },
      "67": { "start": { "line": 68, "column": 0 }, "end": { "line": 68, "column": 35 } },
      "68": { "start": { "line": 69, "column": 0 }, "end": { "line": 69, "column": 12 } },
      "69": { "start": { "line": 70, "column": 0 }, "end": { "line": 70, "column": 25 } },
      "70": { "start": { "line": 71, "column": 0 }, "end": { "line": 71, "column": 26 } },
      "71": { "start": { "line": 72, "column": 0 }, "end": { "line": 72, "column": 26 } },
      "72": { "start": { "line": 73, "column": 0 }, "end": { "line": 73, "column": 26 } },
      "73": { "start": { "line": 74, "column": 0 }, "end": { "line": 74, "column": 26 } },
      "74": { "start": { "line": 75, "column": 0 }, "end": { "line": 75, "column": 26 } },
      "75": { "start": { "line": 76, "column": 0 }, "end": { "line": 76, "column": 26 } },
      "76": { "start": { "line": 77, "column": 0 }, "end": { "line": 77, "column": 25 } },
      "77": { "start": { "line": 78, "column": 0 }, "end": { "line": 78, "column": 26 } },
      "78": { "start": { "line": 79, "column": 0 }, "end": { "line": 79, "column": 26 } },
      "79": { "start": { "line": 80, "column": 0 }, "end": { "line": 80, "column": 28 } },
      "80": { "start": { "line": 81, "column": 0 }, "end": { "line": 81, "column": 29 } },
      "81": { "start": { "line": 82, "column": 0 }, "end": { "line": 82, "column": 30 } },
      "82": { "start": { "line": 83, "column": 0 }, "end": { "line": 83, "column": 29 } },
      "83": { "start": { "line": 84, "column": 0 }, "end": { "line": 84, "column": 8 } },
      "84": { "start": { "line": 85, "column": 0 }, "end": { "line": 85, "column": 32 } },
      "85": { "start": { "line": 86, "column": 0 }, "end": { "line": 86, "column": 31 } },
      "86": { "start": { "line": 87, "column": 0 }, "end": { "line": 87, "column": 5 } },
      "87": { "start": { "line": 88, "column": 0 }, "end": { "line": 88, "column": 0 } },
      "88": { "start": { "line": 89, "column": 0 }, "end": { "line": 89, "column": 57 } },
      "89": { "start": { "line": 90, "column": 0 }, "end": { "line": 90, "column": 74 } },
      "90": { "start": { "line": 91, "column": 0 }, "end": { "line": 91, "column": 0 } },
      "91": { "start": { "line": 92, "column": 0 }, "end": { "line": 92, "column": 59 } },
      "92": { "start": { "line": 93, "column": 0 }, "end": { "line": 93, "column": 53 } },
      "93": { "start": { "line": 94, "column": 0 }, "end": { "line": 94, "column": 80 } },
      "94": { "start": { "line": 95, "column": 0 }, "end": { "line": 95, "column": 6 } },
      "95": { "start": { "line": 96, "column": 0 }, "end": { "line": 96, "column": 0 } },
      "96": { "start": { "line": 97, "column": 0 }, "end": { "line": 97, "column": 57 } },
      "97": { "start": { "line": 98, "column": 0 }, "end": { "line": 98, "column": 43 } },
      "98": { "start": { "line": 99, "column": 0 }, "end": { "line": 99, "column": 0 } },
      "99": { "start": { "line": 100, "column": 0 }, "end": { "line": 100, "column": 54 } },
      "100": { "start": { "line": 101, "column": 0 }, "end": { "line": 101, "column": 26 } },
      "101": { "start": { "line": 102, "column": 0 }, "end": { "line": 102, "column": 17 } },
      "102": { "start": { "line": 103, "column": 0 }, "end": { "line": 103, "column": 23 } },
      "103": { "start": { "line": 104, "column": 0 }, "end": { "line": 104, "column": 24 } },
      "104": { "start": { "line": 105, "column": 0 }, "end": { "line": 105, "column": 23 } },
      "105": { "start": { "line": 106, "column": 0 }, "end": { "line": 106, "column": 12 } },
      "106": { "start": { "line": 107, "column": 0 }, "end": { "line": 107, "column": 23 } },
      "107": { "start": { "line": 108, "column": 0 }, "end": { "line": 108, "column": 5 } },
      "108": { "start": { "line": 109, "column": 0 }, "end": { "line": 109, "column": 58 } },
      "109": { "start": { "line": 110, "column": 0 }, "end": { "line": 110, "column": 0 } },
      "110": { "start": { "line": 111, "column": 0 }, "end": { "line": 111, "column": 46 } },
      "111": { "start": { "line": 112, "column": 0 }, "end": { "line": 112, "column": 55 } },
      "112": { "start": { "line": 113, "column": 0 }, "end": { "line": 113, "column": 46 } },
      "113": { "start": { "line": 114, "column": 0 }, "end": { "line": 114, "column": 55 } },
      "114": { "start": { "line": 115, "column": 0 }, "end": { "line": 115, "column": 45 } },
      "115": { "start": { "line": 116, "column": 0 }, "end": { "line": 116, "column": 30 } },
      "116": { "start": { "line": 117, "column": 0 }, "end": { "line": 117, "column": 0 } },
      "117": { "start": { "line": 118, "column": 0 }, "end": { "line": 118, "column": 35 } },
      "118": { "start": { "line": 119, "column": 0 }, "end": { "line": 119, "column": 59 } },
      "119": { "start": { "line": 120, "column": 0 }, "end": { "line": 120, "column": 60 } },
      "120": { "start": { "line": 121, "column": 0 }, "end": { "line": 121, "column": 67 } },
      "121": { "start": { "line": 122, "column": 0 }, "end": { "line": 122, "column": 5 } },
      "122": { "start": { "line": 123, "column": 0 }, "end": { "line": 123, "column": 3 } },
      "123": { "start": { "line": 124, "column": 0 }, "end": { "line": 124, "column": 0 } },
      "124": { "start": { "line": 125, "column": 0 }, "end": { "line": 125, "column": 5 } },
      "125": { "start": { "line": 126, "column": 0 }, "end": { "line": 126, "column": 16 } },
      "126": { "start": { "line": 127, "column": 0 }, "end": { "line": 127, "column": 92 } },
      "127": { "start": { "line": 128, "column": 0 }, "end": { "line": 128, "column": 4 } },
      "128": { "start": { "line": 129, "column": 0 }, "end": { "line": 129, "column": 8 } },
      "129": { "start": { "line": 130, "column": 0 }, "end": { "line": 130, "column": 28 } },
      "130": { "start": { "line": 131, "column": 0 }, "end": { "line": 131, "column": 5 } },
      "131": { "start": { "line": 132, "column": 0 }, "end": { "line": 132, "column": 26 } },
      "132": { "start": { "line": 133, "column": 0 }, "end": { "line": 133, "column": 41 } },
      "133": { "start": { "line": 134, "column": 0 }, "end": { "line": 134, "column": 18 } },
      "134": { "start": { "line": 135, "column": 0 }, "end": { "line": 135, "column": 73 } },
      "135": { "start": { "line": 136, "column": 0 }, "end": { "line": 136, "column": 36 } },
      "136": { "start": { "line": 137, "column": 0 }, "end": { "line": 137, "column": 49 } },
      "137": { "start": { "line": 138, "column": 0 }, "end": { "line": 138, "column": 35 } },
      "138": { "start": { "line": 139, "column": 0 }, "end": { "line": 139, "column": 18 } },
      "139": { "start": { "line": 140, "column": 0 }, "end": { "line": 140, "column": 85 } },
      "140": { "start": { "line": 141, "column": 0 }, "end": { "line": 141, "column": 39 } },
      "141": { "start": { "line": 142, "column": 0 }, "end": { "line": 142, "column": 14 } },
      "142": { "start": { "line": 143, "column": 0 }, "end": { "line": 143, "column": 64 } },
      "143": { "start": { "line": 144, "column": 0 }, "end": { "line": 144, "column": 27 } },
      "144": { "start": { "line": 145, "column": 0 }, "end": { "line": 145, "column": 17 } },
      "145": { "start": { "line": 146, "column": 0 }, "end": { "line": 146, "column": 30 } },
      "146": { "start": { "line": 147, "column": 0 }, "end": { "line": 147, "column": 76 } },
      "147": { "start": { "line": 148, "column": 0 }, "end": { "line": 148, "column": 12 } },
      "148": { "start": { "line": 149, "column": 0 }, "end": { "line": 149, "column": 17 } },
      "149": { "start": { "line": 150, "column": 0 }, "end": { "line": 150, "column": 9 } },
      "150": { "start": { "line": 151, "column": 0 }, "end": { "line": 151, "column": 0 } },
      "151": { "start": { "line": 152, "column": 0 }, "end": { "line": 152, "column": 89 } },
      "152": { "start": { "line": 153, "column": 0 }, "end": { "line": 153, "column": 76 } },
      "153": { "start": { "line": 154, "column": 0 }, "end": { "line": 154, "column": 39 } },
      "154": { "start": { "line": 155, "column": 0 }, "end": { "line": 155, "column": 7 } },
      "155": { "start": { "line": 156, "column": 0 }, "end": { "line": 156, "column": 0 } },
      "156": { "start": { "line": 157, "column": 0 }, "end": { "line": 157, "column": 29 } },
      "157": { "start": { "line": 158, "column": 0 }, "end": { "line": 158, "column": 71 } },
      "158": { "start": { "line": 159, "column": 0 }, "end": { "line": 159, "column": 32 } },
      "159": { "start": { "line": 160, "column": 0 }, "end": { "line": 160, "column": 46 } },
      "160": { "start": { "line": 161, "column": 0 }, "end": { "line": 161, "column": 62 } },
      "161": { "start": { "line": 162, "column": 0 }, "end": { "line": 162, "column": 35 } },
      "162": { "start": { "line": 163, "column": 0 }, "end": { "line": 163, "column": 61 } },
      "163": { "start": { "line": 164, "column": 0 }, "end": { "line": 164, "column": 41 } },
      "164": { "start": { "line": 165, "column": 0 }, "end": { "line": 165, "column": 7 } },
      "165": { "start": { "line": 166, "column": 0 }, "end": { "line": 166, "column": 0 } },
      "166": { "start": { "line": 167, "column": 0 }, "end": { "line": 167, "column": 29 } },
      "167": { "start": { "line": 168, "column": 0 }, "end": { "line": 168, "column": 38 } },
      "168": { "start": { "line": 169, "column": 0 }, "end": { "line": 169, "column": 5 } },
      "169": { "start": { "line": 170, "column": 0 }, "end": { "line": 170, "column": 3 } },
      "170": { "start": { "line": 171, "column": 0 }, "end": { "line": 171, "column": 0 } },
      "171": { "start": { "line": 172, "column": 0 }, "end": { "line": 172, "column": 5 } },
      "172": { "start": { "line": 173, "column": 0 }, "end": { "line": 173, "column": 33 } },
      "173": { "start": { "line": 174, "column": 0 }, "end": { "line": 174, "column": 81 } },
      "174": { "start": { "line": 175, "column": 0 }, "end": { "line": 175, "column": 4 } },
      "175": { "start": { "line": 176, "column": 0 }, "end": { "line": 176, "column": 99 } },
      "176": { "start": { "line": 177, "column": 0 }, "end": { "line": 177, "column": 123 } },
      "177": { "start": { "line": 178, "column": 0 }, "end": { "line": 178, "column": 4 } },
      "178": { "start": { "line": 179, "column": 0 }, "end": { "line": 179, "column": 67 } },
      "179": { "start": { "line": 180, "column": 0 }, "end": { "line": 180, "column": 4 } },
      "180": { "start": { "line": 181, "column": 0 }, "end": { "line": 181, "column": 48 } },
      "181": { "start": { "line": 182, "column": 0 }, "end": { "line": 182, "column": 51 } },
      "182": { "start": { "line": 183, "column": 0 }, "end": { "line": 183, "column": 4 } },
      "183": { "start": { "line": 184, "column": 0 }, "end": { "line": 184, "column": 8 } },
      "184": { "start": { "line": 185, "column": 0 }, "end": { "line": 185, "column": 41 } },
      "185": { "start": { "line": 186, "column": 0 }, "end": { "line": 186, "column": 5 } },
      "186": { "start": { "line": 187, "column": 0 }, "end": { "line": 187, "column": 61 } },
      "187": { "start": { "line": 188, "column": 0 }, "end": { "line": 188, "column": 25 } },
      "188": { "start": { "line": 189, "column": 0 }, "end": { "line": 189, "column": 50 } },
      "189": { "start": { "line": 190, "column": 0 }, "end": { "line": 190, "column": 53 } },
      "190": { "start": { "line": 191, "column": 0 }, "end": { "line": 191, "column": 36 } },
      "191": { "start": { "line": 192, "column": 0 }, "end": { "line": 192, "column": 0 } },
      "192": { "start": { "line": 193, "column": 0 }, "end": { "line": 193, "column": 78 } },
      "193": { "start": { "line": 194, "column": 0 }, "end": { "line": 194, "column": 43 } },
      "194": { "start": { "line": 195, "column": 0 }, "end": { "line": 195, "column": 47 } },
      "195": { "start": { "line": 196, "column": 0 }, "end": { "line": 196, "column": 33 } },
      "196": { "start": { "line": 197, "column": 0 }, "end": { "line": 197, "column": 75 } },
[...]
      "112": { "start": { "line": 113, "column": 0 }, "end": { "line": 113, "column": 45 } },
      "113": { "start": { "line": 114, "column": 0 }, "end": { "line": 114, "column": 0 } },
      "114": { "start": { "line": 115, "column": 0 }, "end": { "line": 115, "column": 41 } },
      "115": { "start": { "line": 116, "column": 0 }, "end": { "line": 116, "column": 17 } },
      "116": { "start": { "line": 117, "column": 0 }, "end": { "line": 117, "column": 3 } },
      "117": { "start": { "line": 118, "column": 0 }, "end": { "line": 118, "column": 0 } },
      "118": { "start": { "line": 119, "column": 0 }, "end": { "line": 119, "column": 65 } },
      "119": { "start": { "line": 120, "column": 0 }, "end": { "line": 120, "column": 49 } },
      "120": { "start": { "line": 121, "column": 0 }, "end": { "line": 121, "column": 0 } },
      "121": { "start": { "line": 122, "column": 0 }, "end": { "line": 122, "column": 43 } },
      "122": { "start": { "line": 123, "column": 0 }, "end": { "line": 123, "column": 48 } },
      "123": { "start": { "line": 124, "column": 0 }, "end": { "line": 124, "column": 48 } },
      "124": { "start": { "line": 125, "column": 0 }, "end": { "line": 125, "column": 48 } },
      "125": { "start": { "line": 126, "column": 0 }, "end": { "line": 126, "column": 45 } },
      "126": { "start": { "line": 127, "column": 0 }, "end": { "line": 127, "column": 0 } },
      "127": { "start": { "line": 128, "column": 0 }, "end": { "line": 128, "column": 59 } },
      "128": { "start": { "line": 129, "column": 0 }, "end": { "line": 129, "column": 0 } },
      "129": { "start": { "line": 130, "column": 0 }, "end": { "line": 130, "column": 76 } },
      "130": { "start": { "line": 131, "column": 0 }, "end": { "line": 131, "column": 37 } },
      "131": { "start": { "line": 132, "column": 0 }, "end": { "line": 132, "column": 0 } },
      "132": { "start": { "line": 133, "column": 0 }, "end": { "line": 133, "column": 35 } },
      "133": { "start": { "line": 134, "column": 0 }, "end": { "line": 134, "column": 3 } },
      "134": { "start": { "line": 135, "column": 0 }, "end": { "line": 135, "column": 0 } },
      "135": { "start": { "line": 136, "column": 0 }, "end": { "line": 136, "column": 5 } },
      "136": { "start": { "line": 137, "column": 0 }, "end": { "line": 137, "column": 75 } },
      "137": { "start": { "line": 138, "column": 0 }, "end": { "line": 138, "column": 30 } },
      "138": { "start": { "line": 139, "column": 0 }, "end": { "line": 139, "column": 4 } },
      "139": { "start": { "line": 140, "column": 0 }, "end": { "line": 140, "column": 8 } },
      "140": { "start": { "line": 141, "column": 0 }, "end": { "line": 141, "column": 70 } },
      "141": { "start": { "line": 142, "column": 0 }, "end": { "line": 142, "column": 5 } },
      "142": { "start": { "line": 143, "column": 0 }, "end": { "line": 143, "column": 53 } },
      "143": { "start": { "line": 144, "column": 0 }, "end": { "line": 144, "column": 0 } },
      "144": { "start": { "line": 145, "column": 0 }, "end": { "line": 145, "column": 5 } },
      "145": { "start": { "line": 146, "column": 0 }, "end": { "line": 146, "column": 35 } },
      "146": { "start": { "line": 147, "column": 0 }, "end": { "line": 147, "column": 44 } },
      "147": { "start": { "line": 148, "column": 0 }, "end": { "line": 148, "column": 50 } },
      "148": { "start": { "line": 149, "column": 0 }, "end": { "line": 149, "column": 61 } },
      "149": { "start": { "line": 150, "column": 0 }, "end": { "line": 150, "column": 4 } },
      "150": { "start": { "line": 151, "column": 0 }, "end": { "line": 151, "column": 8 } },
      "151": { "start": { "line": 152, "column": 0 }, "end": { "line": 152, "column": 38 } },
      "152": { "start": { "line": 153, "column": 0 }, "end": { "line": 153, "column": 5 } },
      "153": { "start": { "line": 154, "column": 0 }, "end": { "line": 154, "column": 68 } },
      "154": { "start": { "line": 155, "column": 0 }, "end": { "line": 155, "column": 28 } },
      "155": { "start": { "line": 156, "column": 0 }, "end": { "line": 156, "column": 69 } },
      "156": { "start": { "line": 157, "column": 0 }, "end": { "line": 157, "column": 56 } },
      "157": { "start": { "line": 158, "column": 0 }, "end": { "line": 158, "column": 3 } },
      "158": { "start": { "line": 159, "column": 0 }, "end": { "line": 159, "column": 0 } },
      "159": { "start": { "line": 160, "column": 0 }, "end": { "line": 160, "column": 12 } },
      "160": { "start": { "line": 161, "column": 0 }, "end": { "line": 161, "column": 12 } },
      "161": { "start": { "line": 162, "column": 0 }, "end": { "line": 162, "column": 27 } },
      "162": { "start": { "line": 163, "column": 0 }, "end": { "line": 163, "column": 27 } },
      "163": { "start": { "line": 164, "column": 0 }, "end": { "line": 164, "column": 27 } },
      "164": { "start": { "line": 165, "column": 0 }, "end": { "line": 165, "column": 27 } },
      "165": { "start": { "line": 166, "column": 0 }, "end": { "line": 166, "column": 27 } },
      "166": { "start": { "line": 167, "column": 0 }, "end": { "line": 167, "column": 3 } },
      "167": { "start": { "line": 168, "column": 0 }, "end": { "line": 168, "column": 1 } }
    },
    "s": {
      "0": 1,
      "1": 1,
      "2": 1,
      "3": 1,
      "4": 1,
      "5": 1,
      "6": 1,
      "7": 1,
      "8": 1,
      "9": 1,
      "10": 1,
      "11": 1,
      "12": 1,
      "13": 1,
      "14": 1,
      "15": 1,
      "16": 1,
      "17": 1,
      "18": 1,
      "19": 1,
      "20": 1,
      "21": 1,
      "22": 1,
      "23": 1,
      "24": 1,
      "25": 1,
      "26": 1,
      "27": 1,
      "28": 1,
      "29": 1,
      "30": 1,
      "31": 1,
      "32": 1,
      "33": 1,
      "34": 1,
      "35": 1,
      "36": 1,
      "37": 1,
      "38": 1,
      "39": 1,
      "40": 0,
      "41": 0,
      "42": 0,
      "43": 0,
      "44": 0,
      "45": 0,
      "46": 0,
      "47": 0,
      "48": 0,
      "49": 0,
      "50": 0,
      "51": 0,
      "52": 0,
      "53": 0,
      "54": 0,
      "55": 0,
      "56": 0,
      "57": 0,
      "58": 0,
      "59": 0,
      "60": 0,
      "61": 0,
      "62": 0,
      "63": 0,
      "64": 0,
      "65": 0,
      "66": 0,
      "67": 0,
      "68": 0,
      "69": 0,
      "70": 0,
      "71": 0,
      "72": 0,
      "73": 0,
      "74": 0,
      "75": 0,
      "76": 0,
      "77": 0,
      "78": 0,
      "79": 0,
      "80": 0,
      "81": 0,
      "82": 0,
      "83": 0,
      "84": 0,
      "85": 0,
      "86": 0,
      "87": 0,
      "88": 0,
      "89": 0,
      "90": 0,
      "91": 0,
      "92": 0,
      "93": 0,
      "94": 0,
      "95": 0,
      "96": 0,
      "97": 0,
      "98": 0,
      "99": 0,
      "100": 0,
      "101": 0,
      "102": 0,
      "103": 0,
      "104": 0,
      "105": 0,
      "106": 0,
      "107": 0,
      "108": 0,
      "109": 0,
      "110": 0,
      "111": 0,
      "112": 0,
      "113": 0,
      "114": 0,
      "115": 0,
      "116": 0,
      "117": 0,
      "118": 0,
      "119": 0,
      "120": 0,
      "121": 0,
      "122": 0,
      "123": 0,
      "124": 0,
      "125": 0,
      "126": 0,
      "127": 0,
      "128": 0,
      "129": 0,
      "130": 0,
      "131": 0,
      "132": 0,
      "133": 0,
      "134": 0,
      "135": 0,
      "136": 0,
      "137": 0,
      "138": 0,
      "139": 0,
      "140": 0,
      "141": 0,
      "142": 0,
      "143": 0,
      "144": 0,
      "145": 0,
      "146": 0,
      "147": 0,
      "148": 0,
      "149": 0,
      "150": 0,
      "151": 0,
      "152": 0,
      "153": 0,
      "154": 0,
      "155": 0,
      "156": 0,
      "157": 0,
      "158": 0,
      "159": 0,
      "160": 0,
      "161": 0,
      "162": 0,
      "163": 0,
      "164": 0,
      "165": 0,
      "166": 0,
      "167": 0
    },
    "branchMap": {
      "0": {
        "type": "branch",
        "line": 40,
        "loc": { "start": { "line": 40, "column": 56 }, "end": { "line": 168, "column": 1 } },
        "locations": [
          { "start": { "line": 40, "column": 56 }, "end": { "line": 168, "column": 1 } }
        ]
      }
    },
    "b": { "0": [0] },
    "fnMap": {
      "0": {
        "name": "<instance_members_initializer>",
        "decl": { "start": { "line": 40, "column": 56 }, "end": { "line": 168, "column": 1 } },
        "loc": { "start": { "line": 40, "column": 56 }, "end": { "line": 168, "column": 1 } },
        "line": 40
      }
    },
    "f": { "0": 0 }
  },
  "C:\\temp\\2025\\VonSim8\\packages\\simulator\\src\\io\\modules\\timer.ts": {
    "path": "C:\\temp\\2025\\VonSim8\\packages\\simulator\\src\\io\\modules\\timer.ts",
    "all": false,
    "statementMap": {
      "0": { "start": { "line": 1, "column": 0 }, "end": { "line": 1, "column": 60 } },
      "1": { "start": { "line": 2, "column": 0 }, "end": { "line": 2, "column": 43 } },
      "2": { "start": { "line": 3, "column": 0 }, "end": { "line": 3, "column": 44 } },
      "3": { "start": { "line": 4, "column": 0 }, "end": { "line": 4, "column": 0 } },
      "4": { "start": { "line": 5, "column": 0 }, "end": { "line": 5, "column": 53 } },
      "5": { "start": { "line": 6, "column": 0 }, "end": { "line": 6, "column": 51 } },
      "6": { "start": { "line": 7, "column": 0 }, "end": { "line": 7, "column": 37 } },
      "7": { "start": { "line": 8, "column": 0 }, "end": { "line": 8, "column": 0 } },
      "8": { "start": { "line": 9, "column": 0 }, "end": { "line": 9, "column": 44 } },
      "9": { "start": { "line": 10, "column": 0 }, "end": { "line": 10, "column": 0 } },
      "10": { "start": { "line": 11, "column": 0 }, "end": { "line": 11, "column": 28 } },
      "11": { "start": { "line": 12, "column": 0 }, "end": { "line": 12, "column": 51 } },
      "12": { "start": { "line": 13, "column": 0 }, "end": { "line": 13, "column": 45 } },
      "13": { "start": { "line": 14, "column": 0 }, "end": { "line": 14, "column": 68 } },
      "14": { "start": { "line": 15, "column": 0 }, "end": { "line": 15, "column": 30 } },
      "15": { "start": { "line": 16, "column": 0 }, "end": { "line": 16, "column": 78 } },
      "16": { "start": { "line": 17, "column": 0 }, "end": { "line": 17, "column": 28 } },
      "17": { "start": { "line": 18, "column": 0 }, "end": { "line": 18, "column": 30 } },
      "18": { "start": { "line": 19, "column": 0 }, "end": { "line": 19, "column": 0 } },
      "19": { "start": { "line": 20, "column": 0 }, "end": { "line": 20, "column": 3 } },
      "20": { "start": { "line": 21, "column": 0 }, "end": { "line": 21, "column": 69 } },
      "21": { "start": { "line": 22, "column": 0 }, "end": { "line": 22, "column": 44 } },
      "22": { "start": { "line": 23, "column": 0 }, "end": { "line": 23, "column": 2 } },
      "23": { "start": { "line": 24, "column": 0 }, "end": { "line": 24, "column": 22 } },
      "24": { "start": { "line": 25, "column": 0 }, "end": { "line": 25, "column": 14 } },
      "25": { "start": { "line": 26, "column": 0 }, "end": { "line": 26, "column": 14 } },
      "26": { "start": { "line": 27, "column": 0 }, "end": { "line": 27, "column": 2 } },
      "27": { "start": { "line": 28, "column": 0 }, "end": { "line": 28, "column": 23 } },
      "28": { "start": { "line": 29, "column": 0 }, "end": { "line": 29, "column": 2 } },
      "29": { "start": { "line": 30, "column": 0 }, "end": { "line": 30, "column": 61 } },
      "30": { "start": { "line": 31, "column": 0 }, "end": { "line": 31, "column": 2 } },
      "31": { "start": { "line": 32, "column": 0 }, "end": { "line": 32, "column": 6 } },
      "32": { "start": { "line": 33, "column": 0 }, "end": { "line": 33, "column": 25 } },
      "33": { "start": { "line": 34, "column": 0 }, "end": { "line": 34, "column": 3 } },
      "34": { "start": { "line": 35, "column": 0 }, "end": { "line": 35, "column": 52 } },
      "35": { "start": { "line": 36, "column": 0 }, "end": { "line": 36, "column": 17 } },
      "36": { "start": { "line": 37, "column": 0 }, "end": { "line": 37, "column": 17 } },
      "37": { "start": { "line": 38, "column": 0 }, "end": { "line": 38, "column": 0 } },
      "38": { "start": { "line": 39, "column": 0 }, "end": { "line": 39, "column": 39 } },
      "39": { "start": { "line": 40, "column": 0 }, "end": { "line": 40, "column": 19 } },
      "40": { "start": { "line": 41, "column": 0 }, "end": { "line": 41, "column": 30 } },
      "41": { "start": { "line": 42, "column": 0 }, "end": { "line": 42, "column": 30 } },
      "42": { "start": { "line": 43, "column": 0 }, "end": { "line": 43, "column": 3 } },
      "43": { "start": { "line": 44, "column": 0 }, "end": { "line": 44, "column": 0 } },
      "44": { "start": { "line": 45, "column": 0 }, "end": { "line": 45, "column": 60 } },
      "45": { "start": { "line": 46, "column": 0 }, "end": { "line": 46, "column": 30 } },
      "46": { "start": { "line": 47, "column": 0 }, "end": { "line": 47, "column": 40 } },
      "47": { "start": { "line": 48, "column": 0 }, "end": { "line": 48, "column": 45 } },
      "48": { "start": { "line": 49, "column": 0 }, "end": { "line": 49, "column": 21 } },
      "49": { "start": { "line": 50, "column": 0 }, "end": { "line": 50, "column": 3 } },
      "50": { "start": { "line": 51, "column": 0 }, "end": { "line": 51, "column": 0 } },
      "51": { "start": { "line": 52, "column": 0 }, "end": { "line": 52, "column": 59 } },
      "52": { "start": { "line": 53, "column": 0 }, "end": { "line": 53, "column": 43 } },
      "53": { "start": { "line": 54, "column": 0 }, "end": { "line": 54, "column": 0 } },
      "54": { "start": { "line": 55, "column": 0 }, "end": { "line": 55, "column": 23 } },
      "55": { "start": { "line": 56, "column": 0 }, "end": { "line": 56, "column": 48 } },
      "56": { "start": { "line": 57, "column": 0 }, "end": { "line": 57, "column": 53 } },
      "57": { "start": { "line": 58, "column": 0 }, "end": { "line": 58, "column": 45 } },
      "58": { "start": { "line": 59, "column": 0 }, "end": { "line": 59, "column": 0 } },
      "59": { "start": { "line": 60, "column": 0 }, "end": { "line": 60, "column": 43 } },
      "60": { "start": { "line": 61, "column": 0 }, "end": { "line": 61, "column": 17 } },
      "61": { "start": { "line": 62, "column": 0 }, "end": { "line": 62, "column": 3 } },
      "62": { "start": { "line": 63, "column": 0 }, "end": { "line": 63, "column": 0 } },
      "63": { "start": { "line": 64, "column": 0 }, "end": { "line": 64, "column": 67 } },
      "64": { "start": { "line": 65, "column": 0 }, "end": { "line": 65, "column": 51 } },
      "65": { "start": { "line": 66, "column": 0 }, "end": { "line": 66, "column": 0 } },
      "66": { "start": { "line": 67, "column": 0 }, "end": { "line": 67, "column": 48 } },
      "67": { "start": { "line": 68, "column": 0 }, "end": { "line": 68, "column": 53 } },
      "68": { "start": { "line": 69, "column": 0 }, "end": { "line": 69, "column": 45 } },
      "69": { "start": { "line": 70, "column": 0 }, "end": { "line": 70, "column": 0 } },
      "70": { "start": { "line": 71, "column": 0 }, "end": { "line": 71, "column": 61 } },
      "71": { "start": { "line": 72, "column": 0 }, "end": { "line": 72, "column": 37 } },
      "72": { "start": { "line": 73, "column": 0 }, "end": { "line": 73, "column": 3 } },
      "73": { "start": { "line": 74, "column": 0 }, "end": { "line": 74, "column": 0 } },
      "74": { "start": { "line": 75, "column": 0 }, "end": { "line": 75, "column": 5 } },
      "75": { "start": { "line": 76, "column": 0 }, "end": { "line": 76, "column": 21 } },
      "76": { "start": { "line": 77, "column": 0 }, "end": { "line": 77, "column": 4 } },
      "77": { "start": { "line": 78, "column": 0 }, "end": { "line": 78, "column": 8 } },
      "78": { "start": { "line": 79, "column": 0 }, "end": { "line": 79, "column": 25 } },
      "79": { "start": { "line": 80, "column": 0 }, "end": { "line": 80, "column": 5 } },
      "80": { "start": { "line": 81, "column": 0 }, "end": { "line": 81, "column": 27 } },
      "81": { "start": { "line": 82, "column": 0 }, "end": { "line": 82, "column": 94 } },
      "82": { "start": { "line": 83, "column": 0 }, "end": { "line": 83, "column": 0 } },
      "83": { "start": { "line": 84, "column": 0 }, "end": { "line": 84, "column": 23 } },
      "84": { "start": { "line": 85, "column": 0 }, "end": { "line": 85, "column": 69 } },
      "85": { "start": { "line": 86, "column": 0 }, "end": { "line": 86, "column": 35 } },
      "86": { "start": { "line": 87, "column": 0 }, "end": { "line": 87, "column": 37 } },
      "87": { "start": { "line": 88, "column": 0 }, "end": { "line": 88, "column": 73 } },
      "88": { "start": { "line": 89, "column": 0 }, "end": { "line": 89, "column": 12 } },
      "89": { "start": { "line": 90, "column": 0 }, "end": { "line": 90, "column": 38 } },
      "90": { "start": { "line": 91, "column": 0 }, "end": { "line": 91, "column": 5 } },
      "91": { "start": { "line": 92, "column": 0 }, "end": { "line": 92, "column": 3 } },
      "92": { "start": { "line": 93, "column": 0 }, "end": { "line": 93, "column": 0 } },
      "93": { "start": { "line": 94, "column": 0 }, "end": { "line": 94, "column": 12 } },
      "94": { "start": { "line": 95, "column": 0 }, "end": { "line": 95, "column": 12 } },
      "95": { "start": { "line": 96, "column": 0 }, "end": { "line": 96, "column": 32 } },
      "96": { "start": { "line": 97, "column": 0 }, "end": { "line": 97, "column": 32 } },
      "97": { "start": { "line": 98, "column": 0 }, "end": { "line": 98, "column": 27 } },
      "98": { "start": { "line": 99, "column": 0 }, "end": { "line": 99, "column": 3 } },
      "99": { "start": { "line": 100, "column": 0 }, "end": { "line": 100, "column": 1 } }
    },
    "s": {
      "0": 1,
      "1": 1,
      "2": 1,
      "3": 1,
      "4": 1,
      "5": 1,
      "6": 1,
      "7": 1,
      "8": 1,
      "9": 1,
      "10": 1,
      "11": 1,
      "12": 1,
      "13": 1,
      "14": 1,
      "15": 1,
      "16": 1,
      "17": 1,
      "18": 1,
      "19": 1,
      "20": 1,
      "21": 1,
      "22": 1,
      "23": 1,
      "24": 1,
      "25": 1,
      "26": 1,
      "27": 1,
      "28": 1,
      "29": 1,
      "30": 1,
      "31": 1,
      "32": 1,
      "33": 1,
      "34": 1,
      "35": 0,
      "36": 0,
      "37": 0,
      "38": 0,
      "39": 0,
      "40": 0,
      "41": 0,
      "42": 0,
      "43": 0,
      "44": 0,
      "45": 0,
      "46": 0,
      "47": 0,
      "48": 0,
      "49": 0,
      "50": 0,
      "51": 0,
      "52": 0,
      "53": 0,
      "54": 0,
      "55": 0,
      "56": 0,
      "57": 0,
      "58": 0,
      "59": 0,
      "60": 0,
      "61": 0,
      "62": 0,
      "63": 0,
      "64": 0,
      "65": 0,
      "66": 0,
      "67": 0,
      "68": 0,
      "69": 0,
      "70": 0,
      "71": 0,
      "72": 0,
      "73": 0,
      "74": 0,
      "75": 0,
      "76": 0,
      "77": 0,
      "78": 0,
      "79": 0,
      "80": 0,
      "81": 0,
      "82": 0,
      "83": 0,
      "84": 0,
      "85": 0,
      "86": 0,
      "87": 0,
      "88": 0,
      "89": 0,
      "90": 0,
      "91": 0,
      "92": 0,
      "93": 0,
      "94": 0,
      "95": 0,
      "96": 0,
      "97": 0,
      "98": 0,
      "99": 0
    },
    "branchMap": {
      "0": {
        "type": "branch",
        "line": 35,
        "loc": { "start": { "line": 35, "column": 51 }, "end": { "line": 100, "column": 1 } },
        "locations": [
          { "start": { "line": 35, "column": 51 }, "end": { "line": 100, "column": 1 } }
        ]
      }
    },
    "b": { "0": [0] },
    "fnMap": {
      "0": {
        "name": "<instance_members_initializer>",
        "decl": { "start": { "line": 35, "column": 51 }, "end": { "line": 100, "column": 1 } },
        "loc": { "start": { "line": 35, "column": 51 }, "end": { "line": 100, "column": 1 } },
        "line": 35
      }
    },
    "f": { "0": 0 }
  }
}
