{
  "C:\\temp\\2025\\VonSim8\\app\\src\\App.tsx": {
    "path": "C:\\temp\\2025\\VonSim8\\app\\src\\App.tsx",
    "all": false,
    "statementMap": {
      "0": { "start": { "line": 1, "column": 0 }, "end": { "line": 1, "column": 80 } },
      "1": { "start": { "line": 2, "column": 0 }, "end": { "line": 2, "column": 46 } },
      "2": { "start": { "line": 3, "column": 0 }, "end": { "line": 3, "column": 72 } },
      "3": { "start": { "line": 4, "column": 0 }, "end": { "line": 4, "column": 78 } },
      "4": { "start": { "line": 5, "column": 0 }, "end": { "line": 5, "column": 37 } },
      "5": { "start": { "line": 6, "column": 0 }, "end": { "line": 6, "column": 0 } },
      "6": { "start": { "line": 7, "column": 0 }, "end": { "line": 7, "column": 45 } },
      "7": { "start": { "line": 8, "column": 0 }, "end": { "line": 8, "column": 45 } },
      "8": { "start": { "line": 9, "column": 0 }, "end": { "line": 9, "column": 67 } },
      "9": { "start": { "line": 10, "column": 0 }, "end": { "line": 10, "column": 67 } },
      "10": { "start": { "line": 11, "column": 0 }, "end": { "line": 11, "column": 55 } },
      "11": { "start": { "line": 12, "column": 0 }, "end": { "line": 12, "column": 47 } },
      "12": { "start": { "line": 13, "column": 0 }, "end": { "line": 13, "column": 49 } },
      "13": { "start": { "line": 14, "column": 0 }, "end": { "line": 14, "column": 34 } },
      "14": { "start": { "line": 15, "column": 0 }, "end": { "line": 15, "column": 42 } },
      "15": { "start": { "line": 16, "column": 0 }, "end": { "line": 16, "column": 57 } },
      "16": { "start": { "line": 17, "column": 0 }, "end": { "line": 17, "column": 36 } },
      "17": { "start": { "line": 18, "column": 0 }, "end": { "line": 18, "column": 52 } },
      "18": { "start": { "line": 19, "column": 0 }, "end": { "line": 19, "column": 0 } },
      "19": { "start": { "line": 20, "column": 0 }, "end": { "line": 20, "column": 54 } },
      "20": { "start": { "line": 21, "column": 0 }, "end": { "line": 21, "column": 34 } },
      "21": { "start": { "line": 22, "column": 0 }, "end": { "line": 22, "column": 38 } },
      "22": { "start": { "line": 23, "column": 0 }, "end": { "line": 23, "column": 0 } },
      "23": { "start": { "line": 24, "column": 0 }, "end": { "line": 24, "column": 43 } },
      "24": { "start": { "line": 25, "column": 0 }, "end": { "line": 25, "column": 24 } },
      "25": { "start": { "line": 26, "column": 0 }, "end": { "line": 26, "column": 29 } },
      "26": { "start": { "line": 27, "column": 0 }, "end": { "line": 27, "column": 30 } },
      "27": { "start": { "line": 28, "column": 0 }, "end": { "line": 28, "column": 50 } },
      "28": { "start": { "line": 29, "column": 0 }, "end": { "line": 29, "column": 35 } },
      "29": { "start": { "line": 30, "column": 0 }, "end": { "line": 30, "column": 0 } },
      "30": { "start": { "line": 31, "column": 0 }, "end": { "line": 31, "column": 59 } },
      "31": { "start": { "line": 32, "column": 0 }, "end": { "line": 32, "column": 63 } },
      "32": { "start": { "line": 33, "column": 0 }, "end": { "line": 33, "column": 0 } },
      "33": { "start": { "line": 34, "column": 0 }, "end": { "line": 34, "column": 38 } },
      "34": { "start": { "line": 35, "column": 0 }, "end": { "line": 35, "column": 19 } },
      "35": { "start": { "line": 36, "column": 0 }, "end": { "line": 36, "column": 46 } },
      "36": { "start": { "line": 37, "column": 0 }, "end": { "line": 37, "column": 55 } },
      "37": { "start": { "line": 38, "column": 0 }, "end": { "line": 38, "column": 51 } },
      "38": { "start": { "line": 39, "column": 0 }, "end": { "line": 39, "column": 13 } },
      "39": { "start": { "line": 40, "column": 0 }, "end": { "line": 40, "column": 52 } },
      "40": { "start": { "line": 41, "column": 0 }, "end": { "line": 41, "column": 24 } },
      "41": { "start": { "line": 42, "column": 0 }, "end": { "line": 42, "column": 17 } },
      "42": { "start": { "line": 43, "column": 0 }, "end": { "line": 43, "column": 59 } },
      "43": { "start": { "line": 44, "column": 0 }, "end": { "line": 44, "column": 53 } },
      "44": { "start": { "line": 45, "column": 0 }, "end": { "line": 45, "column": 40 } },
      "45": { "start": { "line": 46, "column": 0 }, "end": { "line": 46, "column": 24 } },
      "46": { "start": { "line": 47, "column": 0 }, "end": { "line": 47, "column": 10 } },
      "47": { "start": { "line": 48, "column": 0 }, "end": { "line": 48, "column": 24 } },
      "48": { "start": { "line": 49, "column": 0 }, "end": { "line": 49, "column": 24 } },
      "49": { "start": { "line": 50, "column": 0 }, "end": { "line": 50, "column": 9 } },
      "50": { "start": { "line": 51, "column": 0 }, "end": { "line": 51, "column": 5 } },
      "51": { "start": { "line": 52, "column": 0 }, "end": { "line": 52, "column": 55 } },
      "52": { "start": { "line": 53, "column": 0 }, "end": { "line": 53, "column": 18 } },
      "53": { "start": { "line": 54, "column": 0 }, "end": { "line": 54, "column": 0 } },
      "54": { "start": { "line": 55, "column": 0 }, "end": { "line": 55, "column": 10 } },
      "55": { "start": { "line": 56, "column": 0 }, "end": { "line": 56, "column": 8 } },
      "56": { "start": { "line": 57, "column": 0 }, "end": { "line": 57, "column": 33 } },
      "57": { "start": { "line": 58, "column": 0 }, "end": { "line": 58, "column": 69 } },
      "58": { "start": { "line": 59, "column": 0 }, "end": { "line": 59, "column": 17 } },
      "59": { "start": { "line": 60, "column": 0 }, "end": { "line": 60, "column": 28 } },
      "60": { "start": { "line": 61, "column": 0 }, "end": { "line": 61, "column": 5 } },
      "61": { "start": { "line": 62, "column": 0 }, "end": { "line": 62, "column": 37 } },
      "62": { "start": { "line": 63, "column": 0 }, "end": { "line": 63, "column": 0 } },
      "63": { "start": { "line": 64, "column": 0 }, "end": { "line": 64, "column": 55 } },
      "64": { "start": { "line": 65, "column": 0 }, "end": { "line": 65, "column": 0 } },
      "65": { "start": { "line": 66, "column": 0 }, "end": { "line": 66, "column": 37 } },
      "66": { "start": { "line": 67, "column": 0 }, "end": { "line": 67, "column": 0 } },
      "67": { "start": { "line": 68, "column": 0 }, "end": { "line": 68, "column": 21 } },
      "68": { "start": { "line": 69, "column": 0 }, "end": { "line": 69, "column": 27 } },
      "69": { "start": { "line": 70, "column": 0 }, "end": { "line": 70, "column": 10 } },
      "70": { "start": { "line": 71, "column": 0 }, "end": { "line": 71, "column": 4 } },
      "71": { "start": { "line": 72, "column": 0 }, "end": { "line": 72, "column": 3 } },
      "72": { "start": { "line": 73, "column": 0 }, "end": { "line": 73, "column": 0 } },
      "73": { "start": { "line": 74, "column": 0 }, "end": { "line": 74, "column": 24 } },
      "74": { "start": { "line": 75, "column": 0 }, "end": { "line": 75, "column": 0 } },
      "75": { "start": { "line": 76, "column": 0 }, "end": { "line": 76, "column": 34 } },
      "76": { "start": { "line": 77, "column": 0 }, "end": { "line": 77, "column": 34 } },
      "77": { "start": { "line": 78, "column": 0 }, "end": { "line": 78, "column": 51 } },
      "78": { "start": { "line": 79, "column": 0 }, "end": { "line": 79, "column": 0 } },
      "79": { "start": { "line": 80, "column": 0 }, "end": { "line": 80, "column": 10 } },
      "80": { "start": { "line": 81, "column": 0 }, "end": { "line": 81, "column": 15 } },
      "81": { "start": { "line": 82, "column": 0 }, "end": { "line": 82, "column": 25 } },
      "82": { "start": { "line": 83, "column": 0 }, "end": { "line": 83, "column": 28 } },
      "83": { "start": { "line": 84, "column": 0 }, "end": { "line": 84, "column": 20 } },
      "84": { "start": { "line": 85, "column": 0 }, "end": { "line": 85, "column": 36 } },
      "85": { "start": { "line": 86, "column": 0 }, "end": { "line": 86, "column": 5 } },
      "86": { "start": { "line": 87, "column": 0 }, "end": { "line": 87, "column": 12 } },
      "87": { "start": { "line": 88, "column": 0 }, "end": { "line": 88, "column": 25 } },
      "88": { "start": { "line": 89, "column": 0 }, "end": { "line": 89, "column": 17 } },
      "89": { "start": { "line": 90, "column": 0 }, "end": { "line": 90, "column": 20 } },
      "90": { "start": { "line": 91, "column": 0 }, "end": { "line": 91, "column": 25 } },
      "91": { "start": { "line": 92, "column": 0 }, "end": { "line": 92, "column": 63 } },
      "92": { "start": { "line": 93, "column": 0 }, "end": { "line": 93, "column": 34 } },
      "93": { "start": { "line": 94, "column": 0 }, "end": { "line": 94, "column": 7 } },
      "94": { "start": { "line": 95, "column": 0 }, "end": { "line": 95, "column": 40 } },
      "95": { "start": { "line": 96, "column": 0 }, "end": { "line": 96, "column": 14 } },
      "96": { "start": { "line": 97, "column": 0 }, "end": { "line": 97, "column": 43 } },
      "97": { "start": { "line": 98, "column": 0 }, "end": { "line": 98, "column": 12 } },
      "98": { "start": { "line": 99, "column": 0 }, "end": { "line": 99, "column": 27 } },
      "99": { "start": { "line": 100, "column": 0 }, "end": { "line": 100, "column": 17 } },
      "100": { "start": { "line": 101, "column": 0 }, "end": { "line": 101, "column": 20 } },
      "101": { "start": { "line": 102, "column": 0 }, "end": { "line": 102, "column": 25 } },
      "102": { "start": { "line": 103, "column": 0 }, "end": { "line": 103, "column": 74 } },
      "103": { "start": { "line": 104, "column": 0 }, "end": { "line": 104, "column": 36 } },
      "104": { "start": { "line": 105, "column": 0 }, "end": { "line": 105, "column": 7 } },
      "105": { "start": { "line": 106, "column": 0 }, "end": { "line": 106, "column": 29 } },
      "106": { "start": { "line": 107, "column": 0 }, "end": { "line": 107, "column": 14 } },
      "107": { "start": { "line": 108, "column": 0 }, "end": { "line": 108, "column": 24 } },
      "108": { "start": { "line": 109, "column": 0 }, "end": { "line": 109, "column": 10 } },
      "109": { "start": { "line": 110, "column": 0 }, "end": { "line": 110, "column": 47 } },
      "110": { "start": { "line": 111, "column": 0 }, "end": { "line": 111, "column": 16 } },
      "111": { "start": { "line": 112, "column": 0 }, "end": { "line": 112, "column": 31 } },
      "112": { "start": { "line": 113, "column": 0 }, "end": { "line": 113, "column": 21 } },
      "113": { "start": { "line": 114, "column": 0 }, "end": { "line": 114, "column": 24 } },
      "114": { "start": { "line": 115, "column": 0 }, "end": { "line": 115, "column": 29 } },
      "115": { "start": { "line": 116, "column": 0 }, "end": { "line": 116, "column": 71 } },
      "116": { "start": { "line": 117, "column": 0 }, "end": { "line": 117, "column": 40 } },
      "117": { "start": { "line": 118, "column": 0 }, "end": { "line": 118, "column": 11 } },
      "118": { "start": { "line": 119, "column": 0 }, "end": { "line": 119, "column": 46 } },
      "119": { "start": { "line": 120, "column": 0 }, "end": { "line": 120, "column": 18 } },
      "120": { "start": { "line": 121, "column": 0 }, "end": { "line": 121, "column": 11 } },
      "121": { "start": { "line": 122, "column": 0 }, "end": { "line": 122, "column": 8 } },
      "122": { "start": { "line": 123, "column": 0 }, "end": { "line": 123, "column": 17 } },
      "123": { "start": { "line": 124, "column": 0 }, "end": { "line": 124, "column": 4 } },
      "124": { "start": { "line": 125, "column": 0 }, "end": { "line": 125, "column": 3 } },
      "125": { "start": { "line": 126, "column": 0 }, "end": { "line": 126, "column": 0 } },
      "126": { "start": { "line": 127, "column": 0 }, "end": { "line": 127, "column": 44 } },
      "127": { "start": { "line": 128, "column": 0 }, "end": { "line": 128, "column": 0 } },
      "128": { "start": { "line": 129, "column": 0 }, "end": { "line": 129, "column": 26 } },
      "129": { "start": { "line": 130, "column": 0 }, "end": { "line": 130, "column": 33 } },
      "130": { "start": { "line": 131, "column": 0 }, "end": { "line": 131, "column": 35 } },
      "131": { "start": { "line": 132, "column": 0 }, "end": { "line": 132, "column": 82 } },
      "132": { "start": { "line": 133, "column": 0 }, "end": { "line": 133, "column": 68 } },
      "133": { "start": { "line": 134, "column": 0 }, "end": { "line": 134, "column": 40 } },
      "134": { "start": { "line": 135, "column": 0 }, "end": { "line": 135, "column": 0 } },
      "135": { "start": { "line": 136, "column": 0 }, "end": { "line": 136, "column": 58 } },
      "136": { "start": { "line": 137, "column": 0 }, "end": { "line": 137, "column": 44 } },
      "137": { "start": { "line": 138, "column": 0 }, "end": { "line": 138, "column": 48 } },
      "138": { "start": { "line": 139, "column": 0 }, "end": { "line": 139, "column": 119 } },
      "139": { "start": { "line": 140, "column": 0 }, "end": { "line": 140, "column": 5 } },
      "140": { "start": { "line": 141, "column": 0 }, "end": { "line": 141, "column": 14 } },
      "141": { "start": { "line": 142, "column": 0 }, "end": { "line": 142, "column": 14 } },
      "142": { "start": { "line": 143, "column": 0 }, "end": { "line": 143, "column": 0 } },
      "143": { "start": { "line": 144, "column": 0 }, "end": { "line": 144, "column": 27 } },
      "144": { "start": { "line": 145, "column": 0 }, "end": { "line": 145, "column": 100 } },
      "145": { "start": { "line": 146, "column": 0 }, "end": { "line": 146, "column": 0 } },
      "146": { "start": { "line": 147, "column": 0 }, "end": { "line": 147, "column": 41 } },
      "147": { "start": { "line": 148, "column": 0 }, "end": { "line": 148, "column": 29 } },
      "148": { "start": { "line": 149, "column": 0 }, "end": { "line": 149, "column": 25 } },
      "149": { "start": { "line": 150, "column": 0 }, "end": { "line": 150, "column": 47 } },
      "150": { "start": { "line": 151, "column": 0 }, "end": { "line": 151, "column": 51 } },
      "151": { "start": { "line": 152, "column": 0 }, "end": { "line": 152, "column": 6 } },
      "152": { "start": { "line": 153, "column": 0 }, "end": { "line": 153, "column": 36 } },
      "153": { "start": { "line": 154, "column": 0 }, "end": { "line": 154, "column": 4 } },
      "154": { "start": { "line": 155, "column": 0 }, "end": { "line": 155, "column": 0 } },
      "155": { "start": { "line": 156, "column": 0 }, "end": { "line": 156, "column": 37 } },
      "156": { "start": { "line": 157, "column": 0 }, "end": { "line": 157, "column": 33 } },
      "157": { "start": { "line": 158, "column": 0 }, "end": { "line": 158, "column": 18 } },
      "158": { "start": { "line": 159, "column": 0 }, "end": { "line": 159, "column": 20 } },
      "159": { "start": { "line": 160, "column": 0 }, "end": { "line": 160, "column": 24 } },
      "160": { "start": { "line": 161, "column": 0 }, "end": { "line": 161, "column": 22 } },
      "161": { "start": { "line": 162, "column": 0 }, "end": { "line": 162, "column": 29 } },
      "162": { "start": { "line": 163, "column": 0 }, "end": { "line": 163, "column": 22 } },
      "163": { "start": { "line": 164, "column": 0 }, "end": { "line": 164, "column": 31 } },
      "164": { "start": { "line": 165, "column": 0 }, "end": { "line": 165, "column": 14 } },
      "165": { "start": { "line": 166, "column": 0 }, "end": { "line": 166, "column": 18 } },
      "166": { "start": { "line": 167, "column": 0 }, "end": { "line": 167, "column": 5 } },
      "167": { "start": { "line": 168, "column": 0 }, "end": { "line": 168, "column": 12 } },
      "168": { "start": { "line": 169, "column": 0 }, "end": { "line": 169, "column": 0 } },
      "169": { "start": { "line": 170, "column": 0 }, "end": { "line": 170, "column": 10 } },
      "170": { "start": { "line": 171, "column": 0 }, "end": { "line": 171, "column": 53 } },
      "171": { "start": { "line": 172, "column": 0 }, "end": { "line": 172, "column": 8 } },
      "172": { "start": { "line": 173, "column": 0 }, "end": { "line": 173, "column": 40 } },
      "173": { "start": { "line": 174, "column": 0 }, "end": { "line": 174, "column": 99 } },
      "174": { "start": { "line": 175, "column": 0 }, "end": { "line": 175, "column": 61 } },
      "175": { "start": { "line": 176, "column": 0 }, "end": { "line": 176, "column": 53 } },
      "176": { "start": { "line": 177, "column": 0 }, "end": { "line": 177, "column": 70 } },
      "177": { "start": { "line": 178, "column": 0 }, "end": { "line": 178, "column": 79 } },
      "178": { "start": { "line": 179, "column": 0 }, "end": { "line": 179, "column": 18 } },
      "179": { "start": { "line": 180, "column": 0 }, "end": { "line": 180, "column": 36 } },
      "180": { "start": { "line": 181, "column": 0 }, "end": { "line": 181, "column": 43 } },
      "181": { "start": { "line": 182, "column": 0 }, "end": { "line": 182, "column": 81 } },
      "182": { "start": { "line": 183, "column": 0 }, "end": { "line": 183, "column": 67 } },
      "183": { "start": { "line": 184, "column": 0 }, "end": { "line": 184, "column": 42 } },
      "184": { "start": { "line": 185, "column": 0 }, "end": { "line": 185, "column": 82 } },
      "185": { "start": { "line": 186, "column": 0 }, "end": { "line": 186, "column": 20 } },
      "186": { "start": { "line": 187, "column": 0 }, "end": { "line": 187, "column": 22 } },
      "187": { "start": { "line": 188, "column": 0 }, "end": { "line": 188, "column": 20 } },
      "188": { "start": { "line": 189, "column": 0 }, "end": { "line": 189, "column": 14 } },
      "189": { "start": { "line": 190, "column": 0 }, "end": { "line": 190, "column": 16 } },
      "190": { "start": { "line": 191, "column": 0 }, "end": { "line": 191, "column": 14 } },
      "191": { "start": { "line": 192, "column": 0 }, "end": { "line": 192, "column": 0 } },
      "192": { "start": { "line": 193, "column": 0 }, "end": { "line": 193, "column": 44 } },
      "193": { "start": { "line": 194, "column": 0 }, "end": { "line": 194, "column": 18 } },
      "194": { "start": { "line": 195, "column": 0 }, "end": { "line": 195, "column": 122 } },
      "195": { "start": { "line": 196, "column": 0 }, "end": { "line": 196, "column": 38 } },
      "196": { "start": { "line": 197, "column": 0 }, "end": { "line": 197, "column": 11 } },
      "197": { "start": { "line": 198, "column": 0 }, "end": { "line": 198, "column": 44 } },
      "198": { "start": { "line": 199, "column": 0 }, "end": { "line": 199, "column": 20 } },
      "199": { "start": { "line": 200, "column": 0 }, "end": { "line": 200, "column": 22 } },
      "200": { "start": { "line": 201, "column": 0 }, "end": { "line": 201, "column": 46 } },
      "201": { "start": { "line": 202, "column": 0 }, "end": { "line": 202, "column": 18 } },
      "202": { "start": { "line": 203, "column": 0 }, "end": { "line": 203, "column": 146 } },
      "203": { "start": { "line": 204, "column": 0 }, "end": { "line": 204, "column": 40 } },
      "204": { "start": { "line": 205, "column": 0 }, "end": { "line": 205, "column": 11 } },
      "205": { "start": { "line": 206, "column": 0 }, "end": { "line": 206, "column": 33 } },
      "206": { "start": { "line": 207, "column": 0 }, "end": { "line": 207, "column": 20 } },
      "207": { "start": { "line": 208, "column": 0 }, "end": { "line": 208, "column": 22 } },
      "208": { "start": { "line": 209, "column": 0 }, "end": { "line": 209, "column": 46 } },
      "209": { "start": { "line": 210, "column": 0 }, "end": { "line": 210, "column": 18 } },
      "210": { "start": { "line": 211, "column": 0 }, "end": { "line": 211, "column": 126 } },
      "211": { "start": { "line": 212, "column": 0 }, "end": { "line": 212, "column": 40 } },
      "212": { "start": { "line": 213, "column": 0 }, "end": { "line": 213, "column": 11 } },
      "213": { "start": { "line": 214, "column": 0 }, "end": { "line": 214, "column": 46 } },
      "214": { "start": { "line": 215, "column": 0 }, "end": { "line": 215, "column": 20 } },
      "215": { "start": { "line": 216, "column": 0 }, "end": { "line": 216, "column": 22 } },
      "216": { "start": { "line": 217, "column": 0 }, "end": { "line": 217, "column": 0 } },
      "217": { "start": { "line": 218, "column": 0 }, "end": { "line": 218, "column": 44 } },
      "218": { "start": { "line": 219, "column": 0 }, "end": { "line": 219, "column": 68 } },
      "219": { "start": { "line": 220, "column": 0 }, "end": { "line": 220, "column": 55 } },
      "220": { "start": { "line": 221, "column": 0 }, "end": { "line": 221, "column": 24 } },
      "221": { "start": { "line": 222, "column": 0 }, "end": { "line": 222, "column": 28 } },
      "222": { "start": { "line": 223, "column": 0 }, "end": { "line": 223, "column": 244 } },
      "223": { "start": { "line": 224, "column": 0 }, "end": { "line": 224, "column": 13 } },
      "224": { "start": { "line": 225, "column": 0 }, "end": { "line": 225, "column": 75 } },
      "225": { "start": { "line": 226, "column": 0 }, "end": { "line": 226, "column": 48 } },
      "226": { "start": { "line": 227, "column": 0 }, "end": { "line": 227, "column": 26 } },
      "227": { "start": { "line": 228, "column": 0 }, "end": { "line": 228, "column": 24 } },
      "228": { "start": { "line": 229, "column": 0 }, "end": { "line": 229, "column": 30 } },
      "229": { "start": { "line": 230, "column": 0 }, "end": { "line": 230, "column": 244 } },
      "230": { "start": { "line": 231, "column": 0 }, "end": { "line": 231, "column": 13 } },
      "231": { "start": { "line": 232, "column": 0 }, "end": { "line": 232, "column": 70 } },
      "232": { "start": { "line": 233, "column": 0 }, "end": { "line": 233, "column": 50 } },
      "233": { "start": { "line": 234, "column": 0 }, "end": { "line": 234, "column": 26 } },
      "234": { "start": { "line": 235, "column": 0 }, "end": { "line": 235, "column": 24 } },
      "235": { "start": { "line": 236, "column": 0 }, "end": { "line": 236, "column": 30 } },
      "236": { "start": { "line": 237, "column": 0 }, "end": { "line": 237, "column": 244 } },
      "237": { "start": { "line": 238, "column": 0 }, "end": { "line": 238, "column": 13 } },
      "238": { "start": { "line": 239, "column": 0 }, "end": { "line": 239, "column": 70 } },
      "239": { "start": { "line": 240, "column": 0 }, "end": { "line": 240, "column": 27 } },
      "240": { "start": { "line": 241, "column": 0 }, "end": { "line": 241, "column": 26 } },
      "241": { "start": { "line": 242, "column": 0 }, "end": { "line": 242, "column": 21 } },
      "242": { "start": { "line": 243, "column": 0 }, "end": { "line": 243, "column": 14 } },
      "243": { "start": { "line": 244, "column": 0 }, "end": { "line": 244, "column": 9 } },
      "244": { "start": { "line": 245, "column": 0 }, "end": { "line": 245, "column": 11 } },
      "245": { "start": { "line": 246, "column": 0 }, "end": { "line": 246, "column": 4 } },
      "246": { "start": { "line": 247, "column": 0 }, "end": { "line": 247, "column": 3 } },
      "247": { "start": { "line": 248, "column": 0 }, "end": { "line": 248, "column": 0 } },
      "248": { "start": { "line": 249, "column": 0 }, "end": { "line": 249, "column": 42 } },
      "249": { "start": { "line": 250, "column": 0 }, "end": { "line": 250, "column": 0 } },
      "250": { "start": { "line": 251, "column": 0 }, "end": { "line": 251, "column": 19 } }
    },
    "s": {
      "0": 1,
      "1": 1,
      "2": 1,
      "3": 1,
      "4": 1,
      "5": 1,
      "6": 1,
      "7": 1,
      "8": 1,
      "9": 1,
      "10": 1,
      "11": 1,
      "12": 1,
      "13": 1,
      "14": 1,
      "15": 1,
      "16": 1,
      "17": 1,
      "18": 1,
      "19": 1,
      "20": 1,
      "21": 1,
      "22": 1,
      "23": 1,
      "24": 1,
      "25": 10,
      "26": 10,
      "27": 10,
      "28": 10,
      "29": 10,
      "30": 10,
      "31": 10,
      "32": 10,
      "33": 10,
      "34": 10,
      "35": 10,
      "36": 10,
      "37": 10,
      "38": 0,
      "39": 0,
      "40": 0,
      "41": 0,
      "42": 0,
      "43": 0,
      "44": 0,
      "45": 0,
      "46": 0,
      "47": 0,
      "48": 0,
      "49": 0,
      "50": 0,
      "51": 10,
      "52": 10,
      "53": 10,
      "54": 10,
      "55": 10,
      "56": 10,
      "57": 10,
      "58": 10,
      "59": 10,
      "60": 10,
      "61": 10,
      "62": 10,
      "63": 10,
      "64": 10,
      "65": 10,
      "66": 10,
      "67": 10,
      "68": 10,
      "69": 10,
      "70": 10,
      "71": 10,
      "72": 1,
      "73": 1,
      "74": 1,
      "75": 1,
      "76": 1,
      "77": 9,
      "78": 9,
      "79": 9,
      "80": 9,
      "81": 9,
      "82": 9,
      "83": 9,
      "84": 9,
      "85": 9,
      "86": 9,
      "87": 9,
      "88": 9,
      "89": 9,
      "90": 9,
      "91": 9,
      "92": 9,
      "93": 9,
      "94": 9,
      "95": 9,
      "96": 9,
      "97": 9,
      "98": 9,
      "99": 9,
      "100": 9,
      "101": 9,
      "102": 9,
      "103": 9,
      "104": 9,
      "105": 9,
      "106": 9,
      "107": 9,
      "108": 9,
      "109": 9,
      "110": 9,
      "111": 9,
      "112": 9,
      "113": 9,
      "114": 9,
      "115": 9,
      "116": 9,
      "117": 9,
      "118": 9,
      "119": 9,
      "120": 9,
      "121": 9,
      "122": 9,
      "123": 9,
      "124": 9,
      "125": 1,
      "126": 1,
      "127": 1,
      "128": 1,
      "129": 1,
      "130": 1,
      "131": 1,
      "132": 1,
      "133": 1,
      "134": 1,
      "135": 1,
      "136": 1,
      "137": 1,
      "138": 0,
      "139": 0,
      "140": 1,
      "141": 1,
      "142": 1,
      "143": 1,
      "144": 1,
      "145": 1,
      "146": 1,
      "147": 1,
      "148": 1,
      "149": 0,
      "150": 0,
      "151": 0,
      "152": 1,
      "153": 1,
      "154": 1,
      "155": 1,
      "156": 1,
      "157": 1,
      "158": 1,
      "159": 0,
      "160": 1,
      "161": 0,
      "162": 1,
      "163": 1,
      "164": 1,
      "165": 0,
      "166": 1,
      "167": 1,
      "168": 1,
      "169": 1,
      "170": 1,
      "171": 1,
      "172": 1,
      "173": 1,
      "174": 1,
      "175": 1,
      "176": 1,
      "177": 1,
      "178": 1,
      "179": 1,
      "180": 1,
      "181": 1,
      "182": 1,
      "183": 1,
      "184": 1,
      "185": 1,
      "186": 1,
      "187": 1,
      "188": 1,
      "189": 1,
      "190": 1,
      "191": 1,
      "192": 1,
      "193": 1,
      "194": 1,
      "195": 1,
      "196": 1,
      "197": 1,
      "198": 1,
      "199": 1,
      "200": 1,
      "201": 1,
      "202": 1,
      "203": 1,
      "204": 1,
      "205": 1,
      "206": 1,
      "207": 1,
      "208": 1,
      "209": 1,
      "210": 1,
      "211": 1,
      "212": 1,
      "213": 1,
      "214": 1,
      "215": 1,
      "216": 1,
      "217": 1,
      "218": 1,
      "219": 1,
      "220": 1,
      "221": 1,
      "222": 1,
      "223": 1,
      "224": 1,
      "225": 1,
      "226": 1,
      "227": 1,
      "228": 1,
      "229": 1,
      "230": 1,
      "231": 1,
      "232": 1,
      "233": 1,
      "234": 1,
      "235": 1,
      "236": 1,
      "237": 1,
      "238": 1,
      "239": 1,
      "240": 1,
      "241": 1,
      "242": 1,
      "243": 1,
      "244": 1,
      "245": 1,
      "246": 1,
      "247": 1,
      "248": 1,
      "249": 1,
      "250": 1
    },
    "branchMap": {
      "0": {
        "type": "branch",
        "line": 25,
        "loc": { "start": { "line": 25, "column": 17 }, "end": { "line": 72, "column": 3 } },
        "locations": [{ "start": { "line": 25, "column": 17 }, "end": { "line": 72, "column": 3 } }]
      },
      "1": {
        "type": "branch",
        "line": 64,
        "loc": { "start": { "line": 64, "column": 7 }, "end": { "line": 64, "column": 38 } },
        "locations": [{ "start": { "line": 64, "column": 7 }, "end": { "line": 64, "column": 38 } }]
      },
      "2": {
        "type": "branch",
        "line": 32,
        "loc": { "start": { "line": 32, "column": 33 }, "end": { "line": 32, "column": 53 } },
        "locations": [
          { "start": { "line": 32, "column": 33 }, "end": { "line": 32, "column": 53 } }
        ]
      },
      "3": {
        "type": "branch",
        "line": 35,
        "loc": { "start": { "line": 35, "column": 12 }, "end": { "line": 53, "column": 5 } },
        "locations": [{ "start": { "line": 35, "column": 12 }, "end": { "line": 53, "column": 5 } }]
      },
      "4": {
        "type": "branch",
        "line": 38,
        "loc": { "start": { "line": 38, "column": 8 }, "end": { "line": 38, "column": 50 } },
        "locations": [{ "start": { "line": 38, "column": 8 }, "end": { "line": 38, "column": 50 } }]
      },
      "5": {
        "type": "branch",
        "line": 38,
        "loc": { "start": { "line": 38, "column": 50 }, "end": { "line": 51, "column": 5 } },
        "locations": [{ "start": { "line": 38, "column": 50 }, "end": { "line": 51, "column": 5 } }]
      },
      "6": {
        "type": "branch",
        "line": 77,
        "loc": { "start": { "line": 77, "column": 27 }, "end": { "line": 125, "column": 3 } },
        "locations": [
          { "start": { "line": 77, "column": 27 }, "end": { "line": 125, "column": 3 } }
        ]
      },
      "7": {
        "type": "branch",
        "line": 130,
        "loc": { "start": { "line": 130, "column": 26 }, "end": { "line": 247, "column": 3 } },
        "locations": [
          { "start": { "line": 130, "column": 26 }, "end": { "line": 247, "column": 3 } }
        ]
      },
      "8": {
        "type": "branch",
        "line": 137,
        "loc": { "start": { "line": 137, "column": 37 }, "end": { "line": 142, "column": 5 } },
        "locations": [
          { "start": { "line": 137, "column": 37 }, "end": { "line": 142, "column": 5 } }
        ]
      },
      "9": {
        "type": "branch",
        "line": 138,
        "loc": { "start": { "line": 138, "column": 22 }, "end": { "line": 138, "column": 45 } },
        "locations": [
          { "start": { "line": 138, "column": 22 }, "end": { "line": 138, "column": 45 } }
        ]
      },
      "10": {
        "type": "branch",
        "line": 138,
        "loc": { "start": { "line": 138, "column": 47 }, "end": { "line": 140, "column": 5 } },
        "locations": [
          { "start": { "line": 138, "column": 47 }, "end": { "line": 140, "column": 5 } }
        ]
      },
      "11": {
        "type": "branch",
        "line": 145,
        "loc": { "start": { "line": 145, "column": 22 }, "end": { "line": 145, "column": 71 } },
        "locations": [
          { "start": { "line": 145, "column": 22 }, "end": { "line": 145, "column": 71 } }
        ]
      },
      "12": {
        "type": "branch",
        "line": 145,
        "loc": { "start": { "line": 145, "column": 44 }, "end": { "line": 145, "column": 71 } },
        "locations": [
          { "start": { "line": 145, "column": 44 }, "end": { "line": 145, "column": 71 } }
        ]
      },
      "13": {
        "type": "branch",
        "line": 157,
        "loc": { "start": { "line": 157, "column": 26 }, "end": { "line": 168, "column": 5 } },
        "locations": [
          { "start": { "line": 157, "column": 26 }, "end": { "line": 168, "column": 5 } }
        ]
      },
      "14": {
        "type": "branch",
        "line": 159,
        "loc": { "start": { "line": 159, "column": 6 }, "end": { "line": 160, "column": 24 } },
        "locations": [
          { "start": { "line": 159, "column": 6 }, "end": { "line": 160, "column": 24 } }
        ]
      },
      "15": {
        "type": "branch",
        "line": 161,
        "loc": { "start": { "line": 161, "column": 6 }, "end": { "line": 162, "column": 29 } },
        "locations": [
          { "start": { "line": 161, "column": 6 }, "end": { "line": 162, "column": 29 } }
        ]
      },
      "16": {
        "type": "branch",
        "line": 165,
        "loc": { "start": { "line": 165, "column": 6 }, "end": { "line": 166, "column": 18 } },
        "locations": [
          { "start": { "line": 165, "column": 6 }, "end": { "line": 166, "column": 18 } }
        ]
      }
    },
    "b": {
      "0": [10],
      "1": [1],
      "2": [10],
      "3": [10],
      "4": [7],
      "5": [0],
      "6": [9],
      "7": [1],
      "8": [1],
      "9": [0],
      "10": [0],
      "11": [1],
      "12": [0],
      "13": [1],
      "14": [0],
      "15": [0],
      "16": [0]
    },
    "fnMap": {
      "0": {
        "name": "onClick",
        "decl": { "start": { "line": 44, "column": 21 }, "end": { "line": 44, "column": 53 } },
        "loc": { "start": { "line": 44, "column": 21 }, "end": { "line": 44, "column": 53 } },
        "line": 44
      }
    },
    "f": { "0": 0 }
  },
  "C:\\temp\\2025\\VonSim8\\app\\src\\components\\Footer.tsx": {
    "path": "C:\\temp\\2025\\VonSim8\\app\\src\\components\\Footer.tsx",
    "all": false,
    "statementMap": {
      "0": { "start": { "line": 1, "column": 0 }, "end": { "line": 1, "column": 62 } },
      "1": { "start": { "line": 2, "column": 0 }, "end": { "line": 2, "column": 65 } },
      "2": { "start": { "line": 3, "column": 0 }, "end": { "line": 3, "column": 24 } },
      "3": { "start": { "line": 4, "column": 0 }, "end": { "line": 4, "column": 38 } },
      "4": { "start": { "line": 5, "column": 0 }, "end": { "line": 5, "column": 0 } },
      "5": { "start": { "line": 6, "column": 0 }, "end": { "line": 6, "column": 48 } },
      "6": { "start": { "line": 7, "column": 0 }, "end": { "line": 7, "column": 50 } },
      "7": { "start": { "line": 8, "column": 0 }, "end": { "line": 8, "column": 42 } },
      "8": { "start": { "line": 9, "column": 0 }, "end": { "line": 9, "column": 45 } },
      "9": { "start": { "line": 10, "column": 0 }, "end": { "line": 10, "column": 0 } },
      "10": { "start": { "line": 11, "column": 0 }, "end": { "line": 11, "column": 54 } },
      "11": { "start": { "line": 12, "column": 0 }, "end": { "line": 12, "column": 38 } },
      "12": { "start": { "line": 13, "column": 0 }, "end": { "line": 13, "column": 0 } },
      "13": { "start": { "line": 14, "column": 0 }, "end": { "line": 14, "column": 17 } },
      "14": { "start": { "line": 15, "column": 0 }, "end": { "line": 15, "column": 22 } },
      "15": { "start": { "line": 16, "column": 0 }, "end": { "line": 16, "column": 3 } },
      "16": { "start": { "line": 17, "column": 0 }, "end": { "line": 17, "column": 26 } },
      "17": { "start": { "line": 18, "column": 0 }, "end": { "line": 18, "column": 53 } },
      "18": { "start": { "line": 19, "column": 0 }, "end": { "line": 19, "column": 37 } },
      "19": { "start": { "line": 20, "column": 0 }, "end": { "line": 20, "column": 4 } },
      "20": { "start": { "line": 21, "column": 0 }, "end": { "line": 21, "column": 82 } },
      "21": { "start": { "line": 22, "column": 0 }, "end": { "line": 22, "column": 2 } },
      "22": { "start": { "line": 23, "column": 0 }, "end": { "line": 23, "column": 0 } },
      "23": { "start": { "line": 24, "column": 0 }, "end": { "line": 24, "column": 30 } },
      "24": { "start": { "line": 25, "column": 0 }, "end": { "line": 25, "column": 92 } },
      "25": { "start": { "line": 26, "column": 0 }, "end": { "line": 26, "column": 41 } },
      "26": { "start": { "line": 27, "column": 0 }, "end": { "line": 27, "column": 11 } },
      "27": { "start": { "line": 28, "column": 0 }, "end": { "line": 28, "column": 21 } },
      "28": { "start": { "line": 29, "column": 0 }, "end": { "line": 29, "column": 15 } },
      "29": { "start": { "line": 30, "column": 0 }, "end": { "line": 30, "column": 48 } },
      "30": { "start": { "line": 31, "column": 0 }, "end": { "line": 31, "column": 28 } },
      "31": { "start": { "line": 32, "column": 0 }, "end": { "line": 32, "column": 23 } },
      "32": { "start": { "line": 33, "column": 0 }, "end": { "line": 33, "column": 5 } },
      "33": { "start": { "line": 34, "column": 0 }, "end": { "line": 34, "column": 35 } },
      "34": { "start": { "line": 35, "column": 0 }, "end": { "line": 35, "column": 49 } },
      "35": { "start": { "line": 36, "column": 0 }, "end": { "line": 36, "column": 11 } },
      "36": { "start": { "line": 37, "column": 0 }, "end": { "line": 37, "column": 58 } },
      "37": { "start": { "line": 38, "column": 0 }, "end": { "line": 38, "column": 8 } },
      "38": { "start": { "line": 39, "column": 0 }, "end": { "line": 39, "column": 13 } },
      "39": { "start": { "line": 40, "column": 0 }, "end": { "line": 40, "column": 12 } },
      "40": { "start": { "line": 41, "column": 0 }, "end": { "line": 41, "column": 3 } },
      "41": { "start": { "line": 42, "column": 0 }, "end": { "line": 42, "column": 0 } },
      "42": { "start": { "line": 43, "column": 0 }, "end": { "line": 43, "column": 38 } },
      "43": { "start": { "line": 44, "column": 0 }, "end": { "line": 44, "column": 0 } },
      "44": { "start": { "line": 45, "column": 0 }, "end": { "line": 45, "column": 34 } },
      "45": { "start": { "line": 46, "column": 0 }, "end": { "line": 46, "column": 34 } },
      "46": { "start": { "line": 47, "column": 0 }, "end": { "line": 47, "column": 35 } },
      "47": { "start": { "line": 48, "column": 0 }, "end": { "line": 48, "column": 33 } },
      "48": { "start": { "line": 49, "column": 0 }, "end": { "line": 49, "column": 0 } },
      "49": { "start": { "line": 50, "column": 0 }, "end": { "line": 50, "column": 39 } },
      "50": { "start": { "line": 51, "column": 0 }, "end": { "line": 51, "column": 35 } },
      "51": { "start": { "line": 52, "column": 0 }, "end": { "line": 52, "column": 66 } },
      "52": { "start": { "line": 53, "column": 0 }, "end": { "line": 53, "column": 67 } },
      "53": { "start": { "line": 54, "column": 0 }, "end": { "line": 54, "column": 94 } },
      "54": { "start": { "line": 55, "column": 0 }, "end": { "line": 55, "column": 28 } },
      "55": { "start": { "line": 56, "column": 0 }, "end": { "line": 56, "column": 0 } },
      "56": { "start": { "line": 57, "column": 0 }, "end": { "line": 57, "column": 10 } },
      "57": { "start": { "line": 58, "column": 0 }, "end": { "line": 58, "column": 85 } },
      "58": { "start": { "line": 59, "column": 0 }, "end": { "line": 59, "column": 57 } },
      "59": { "start": { "line": 60, "column": 0 }, "end": { "line": 60, "column": 41 } },
      "60": { "start": { "line": 61, "column": 0 }, "end": { "line": 61, "column": 79 } },
      "61": { "start": { "line": 62, "column": 0 }, "end": { "line": 62, "column": 15 } },
      "62": { "start": { "line": 63, "column": 0 }, "end": { "line": 63, "column": 0 } },
      "63": { "start": { "line": 64, "column": 0 }, "end": { "line": 64, "column": 30 } },
      "64": { "start": { "line": 65, "column": 0 }, "end": { "line": 65, "column": 76 } },
      "65": { "start": { "line": 66, "column": 0 }, "end": { "line": 66, "column": 37 } },
      "66": { "start": { "line": 67, "column": 0 }, "end": { "line": 67, "column": 91 } },
      "67": { "start": { "line": 68, "column": 0 }, "end": { "line": 68, "column": 13 } },
      "68": { "start": { "line": 69, "column": 0 }, "end": { "line": 69, "column": 0 } },
      "69": { "start": { "line": 70, "column": 0 }, "end": { "line": 70, "column": 44 } },
      "70": { "start": { "line": 71, "column": 0 }, "end": { "line": 71, "column": 77 } },
      "71": { "start": { "line": 72, "column": 0 }, "end": { "line": 72, "column": 19 } },
      "72": { "start": { "line": 73, "column": 0 }, "end": { "line": 73, "column": 29 } },
      "73": { "start": { "line": 74, "column": 0 }, "end": { "line": 74, "column": 23 } },
      "74": { "start": { "line": 75, "column": 0 }, "end": { "line": 75, "column": 62 } },
      "75": { "start": { "line": 76, "column": 0 }, "end": { "line": 76, "column": 36 } },
      "76": { "start": { "line": 77, "column": 0 }, "end": { "line": 77, "column": 59 } },
      "77": { "start": { "line": 78, "column": 0 }, "end": { "line": 78, "column": 13 } },
      "78": { "start": { "line": 79, "column": 0 }, "end": { "line": 79, "column": 60 } },
      "79": { "start": { "line": 80, "column": 0 }, "end": { "line": 80, "column": 21 } },
      "80": { "start": { "line": 81, "column": 0 }, "end": { "line": 81, "column": 20 } },
      "81": { "start": { "line": 82, "column": 0 }, "end": { "line": 82, "column": 14 } },
      "82": { "start": { "line": 83, "column": 0 }, "end": { "line": 83, "column": 12 } },
      "83": { "start": { "line": 84, "column": 0 }, "end": { "line": 84, "column": 13 } },
      "84": { "start": { "line": 85, "column": 0 }, "end": { "line": 85, "column": 4 } },
      "85": { "start": { "line": 86, "column": 0 }, "end": { "line": 86, "column": 3 } },
      "86": { "start": { "line": 87, "column": 0 }, "end": { "line": 87, "column": 0 } },
      "87": { "start": { "line": 88, "column": 0 }, "end": { "line": 88, "column": 30 } }
    },
    "s": {
      "0": 1,
      "1": 1,
      "2": 1,
      "3": 1,
      "4": 1,
      "5": 1,
      "6": 1,
      "7": 1,
      "8": 1,
      "9": 1,
      "10": 1,
      "11": 1,
      "12": 1,
      "13": 1,
      "14": 1,
      "15": 1,
      "16": 1,
      "17": 1,
      "18": 1,
      "19": 1,
      "20": 1,
      "21": 1,
      "22": 1,
      "23": 1,
      "24": 1,
      "25": 1,
      "26": 1,
      "27": 1,
      "28": 1,
      "29": 1,
      "30": 1,
      "31": 1,
      "32": 1,
      "33": 1,
      "34": 2,
      "35": 2,
      "36": 1,
      "37": 1,
      "38": 1,
      "39": 1,
      "40": 1,
      "41": 1,
      "42": 1,
      "43": 1,
      "44": 1,
      "45": 1,
      "46": 2,
      "47": 2,
      "48": 2,
      "49": 2,
      "50": 2,
      "51": 2,
      "52": 2,
      "53": 2,
      "54": 2,
      "55": 2,
      "56": 2,
      "57": 2,
      "58": 2,
      "59": 2,
      "60": 2,
      "61": 2,
      "62": 2,
      "63": 2,
      "64": 2,
      "65": 2,
      "66": 2,
      "67": 2,
      "68": 2,
      "69": 2,
      "70": 2,
      "71": 2,
      "72": 2,
      "73": 2,
      "74": 2,
      "75": 2,
      "76": 2,
      "77": 2,
      "78": 2,
      "79": 2,
      "80": 2,
      "81": 2,
      "82": 2,
      "83": 2,
      "84": 2,
      "85": 2,
      "86": 1,
      "87": 1
    },
    "branchMap": {
      "0": {
        "type": "branch",
        "line": 34,
        "loc": { "start": { "line": 34, "column": 23 }, "end": { "line": 37, "column": 9 } },
        "locations": [{ "start": { "line": 34, "column": 23 }, "end": { "line": 37, "column": 9 } }]
      },
      "1": {
        "type": "branch",
        "line": 46,
        "loc": { "start": { "line": 46, "column": 27 }, "end": { "line": 86, "column": 3 } },
        "locations": [{ "start": { "line": 46, "column": 27 }, "end": { "line": 86, "column": 3 } }]
      },
      "2": {
        "type": "branch",
        "line": 51,
        "loc": { "start": { "line": 51, "column": 28 }, "end": { "line": 55, "column": 5 } },
        "locations": [{ "start": { "line": 51, "column": 28 }, "end": { "line": 55, "column": 5 } }]
      },
      "3": {
        "type": "branch",
        "line": 52,
        "loc": { "start": { "line": 52, "column": 37 }, "end": { "line": 52, "column": 45 } },
        "locations": [
          { "start": { "line": 52, "column": 37 }, "end": { "line": 52, "column": 45 } }
        ]
      }
    },
    "b": { "0": [2], "1": [2], "2": [2], "3": [1] },
    "fnMap": {
      "0": {
        "name": "onClick",
        "decl": { "start": { "line": 30, "column": 15 }, "end": { "line": 30, "column": 48 } },
        "loc": { "start": { "line": 30, "column": 15 }, "end": { "line": 30, "column": 48 } },
        "line": 30
      },
      "1": {
        "name": "onClick",
        "decl": { "start": { "line": 75, "column": 23 }, "end": { "line": 75, "column": 62 } },
        "loc": { "start": { "line": 75, "column": 23 }, "end": { "line": 75, "column": 62 } },
        "line": 75
      }
    },
    "f": { "0": 0, "1": 0 }
  },
  "C:\\temp\\2025\\VonSim8\\app\\src\\components\\Header.tsx": {
    "path": "C:\\temp\\2025\\VonSim8\\app\\src\\components\\Header.tsx",
    "all": false,
    "statementMap": {
      "0": { "start": { "line": 1, "column": 0 }, "end": { "line": 1, "column": 86 } },
      "1": { "start": { "line": 2, "column": 0 }, "end": { "line": 2, "column": 65 } },
      "2": { "start": { "line": 3, "column": 0 }, "end": { "line": 3, "column": 24 } },
      "3": { "start": { "line": 4, "column": 0 }, "end": { "line": 4, "column": 32 } },
      "4": { "start": { "line": 5, "column": 0 }, "end": { "line": 5, "column": 61 } },
      "5": { "start": { "line": 6, "column": 0 }, "end": { "line": 6, "column": 0 } },
      "6": { "start": { "line": 7, "column": 0 }, "end": { "line": 7, "column": 49 } },
      "7": { "start": { "line": 8, "column": 0 }, "end": { "line": 8, "column": 80 } },
      "8": { "start": { "line": 9, "column": 0 }, "end": { "line": 9, "column": 69 } },
      "9": { "start": { "line": 10, "column": 0 }, "end": { "line": 10, "column": 57 } },
      "10": { "start": { "line": 11, "column": 0 }, "end": { "line": 11, "column": 52 } },
      "11": { "start": { "line": 12, "column": 0 }, "end": { "line": 12, "column": 50 } },
      "12": { "start": { "line": 13, "column": 0 }, "end": { "line": 13, "column": 54 } },
      "13": { "start": { "line": 14, "column": 0 }, "end": { "line": 14, "column": 42 } },
      "14": { "start": { "line": 15, "column": 0 }, "end": { "line": 15, "column": 0 } },
      "15": { "start": { "line": 16, "column": 0 }, "end": { "line": 16, "column": 42 } },
      "16": { "start": { "line": 17, "column": 0 }, "end": { "line": 17, "column": 30 } },
      "17": { "start": { "line": 18, "column": 0 }, "end": { "line": 18, "column": 44 } },
      "18": { "start": { "line": 19, "column": 0 }, "end": { "line": 19, "column": 65 } },
      "19": { "start": { "line": 20, "column": 0 }, "end": { "line": 20, "column": 43 } },
      "20": { "start": { "line": 21, "column": 0 }, "end": { "line": 21, "column": 41 } },
      "21": { "start": { "line": 22, "column": 0 }, "end": { "line": 22, "column": 12 } },
      "22": { "start": { "line": 23, "column": 0 }, "end": { "line": 23, "column": 70 } },
      "23": { "start": { "line": 24, "column": 0 }, "end": { "line": 24, "column": 56 } },
      "24": { "start": { "line": 25, "column": 0 }, "end": { "line": 25, "column": 31 } },
      "25": { "start": { "line": 26, "column": 0 }, "end": { "line": 26, "column": 5 } },
      "26": { "start": { "line": 27, "column": 0 }, "end": { "line": 27, "column": 9 } },
      "27": { "start": { "line": 28, "column": 0 }, "end": { "line": 28, "column": 0 } },
      "28": { "start": { "line": 29, "column": 0 }, "end": { "line": 29, "column": 28 } },
      "29": { "start": { "line": 30, "column": 0 }, "end": { "line": 30, "column": 2 } },
      "30": { "start": { "line": 31, "column": 0 }, "end": { "line": 31, "column": 0 } },
      "31": { "start": { "line": 32, "column": 0 }, "end": { "line": 32, "column": 48 } },
      "32": { "start": { "line": 33, "column": 0 }, "end": { "line": 33, "column": 64 } },
      "33": { "start": { "line": 34, "column": 0 }, "end": { "line": 34, "column": 29 } },
      "34": { "start": { "line": 35, "column": 0 }, "end": { "line": 35, "column": 66 } },
      "35": { "start": { "line": 36, "column": 0 }, "end": { "line": 36, "column": 18 } },
      "36": { "start": { "line": 37, "column": 0 }, "end": { "line": 37, "column": 4 } },
      "37": { "start": { "line": 38, "column": 0 }, "end": { "line": 38, "column": 0 } },
      "38": { "start": { "line": 39, "column": 0 }, "end": { "line": 39, "column": 30 } },
      "39": { "start": { "line": 40, "column": 0 }, "end": { "line": 40, "column": 72 } },
      "40": { "start": { "line": 41, "column": 0 }, "end": { "line": 41, "column": 18 } },
      "41": { "start": { "line": 42, "column": 0 }, "end": { "line": 42, "column": 4 } },
      "42": { "start": { "line": 43, "column": 0 }, "end": { "line": 43, "column": 0 } },
      "43": { "start": { "line": 44, "column": 0 }, "end": { "line": 44, "column": 10 } },
      "44": { "start": { "line": 45, "column": 0 }, "end": { "line": 45, "column": 53 } },
      "45": { "start": { "line": 46, "column": 0 }, "end": { "line": 46, "column": 10 } },
      "46": { "start": { "line": 47, "column": 0 }, "end": { "line": 47, "column": 24 } },
      "47": { "start": { "line": 48, "column": 0 }, "end": { "line": 48, "column": 84 } },
      "48": { "start": { "line": 49, "column": 0 }, "end": { "line": 49, "column": 22 } },
      "49": { "start": { "line": 50, "column": 0 }, "end": { "line": 50, "column": 60 } },
      "50": { "start": { "line": 51, "column": 0 }, "end": { "line": 51, "column": 10 } },
      "51": { "start": { "line": 52, "column": 0 }, "end": { "line": 52, "column": 7 } },
      "52": { "start": { "line": 53, "column": 0 }, "end": { "line": 53, "column": 12 } },
      "53": { "start": { "line": 54, "column": 0 }, "end": { "line": 54, "column": 26 } },
      "54": { "start": { "line": 55, "column": 0 }, "end": { "line": 55, "column": 34 } },
      "55": { "start": { "line": 56, "column": 0 }, "end": { "line": 56, "column": 72 } },
      "56": { "start": { "line": 57, "column": 0 }, "end": { "line": 57, "column": 12 } },
      "57": { "start": { "line": 58, "column": 0 }, "end": { "line": 58, "column": 10 } },
      "58": { "start": { "line": 59, "column": 0 }, "end": { "line": 59, "column": 20 } },
      "59": { "start": { "line": 60, "column": 0 }, "end": { "line": 60, "column": 12 } },
      "60": { "start": { "line": 61, "column": 0 }, "end": { "line": 61, "column": 10 } },
      "61": { "start": { "line": 62, "column": 0 }, "end": { "line": 62, "column": 4 } },
      "62": { "start": { "line": 63, "column": 0 }, "end": { "line": 63, "column": 3 } },
      "63": { "start": { "line": 64, "column": 0 }, "end": { "line": 64, "column": 0 } },
      "64": { "start": { "line": 65, "column": 0 }, "end": { "line": 65, "column": 50 } },
      "65": { "start": { "line": 66, "column": 0 }, "end": { "line": 66, "column": 0 } },
      "66": { "start": { "line": 67, "column": 0 }, "end": { "line": 67, "column": 45 } },
      "67": { "start": { "line": 68, "column": 0 }, "end": { "line": 68, "column": 27 } },
      "68": { "start": { "line": 69, "column": 0 }, "end": { "line": 69, "column": 4 } },
      "69": { "start": { "line": 70, "column": 0 }, "end": { "line": 70, "column": 15 } },
      "70": { "start": { "line": 71, "column": 0 }, "end": { "line": 71, "column": 21 } },
      "71": { "start": { "line": 72, "column": 0 }, "end": { "line": 72, "column": 17 } },
      "72": { "start": { "line": 73, "column": 0 }, "end": { "line": 73, "column": 24 } },
      "73": { "start": { "line": 74, "column": 0 }, "end": { "line": 74, "column": 20 } },
      "74": { "start": { "line": 75, "column": 0 }, "end": { "line": 75, "column": 6 } },
      "75": { "start": { "line": 76, "column": 0 }, "end": { "line": 76, "column": 27 } },
      "76": { "start": { "line": 77, "column": 0 }, "end": { "line": 77, "column": 33 } },
      "77": { "start": { "line": 78, "column": 0 }, "end": { "line": 78, "column": 26 } },
      "78": { "start": { "line": 79, "column": 0 }, "end": { "line": 79, "column": 36 } },
      "79": { "start": { "line": 80, "column": 0 }, "end": { "line": 80, "column": 29 } },
      "80": { "start": { "line": 81, "column": 0 }, "end": { "line": 81, "column": 9 } },
      "81": { "start": { "line": 82, "column": 0 }, "end": { "line": 82, "column": 37 } },
      "82": { "start": { "line": 83, "column": 0 }, "end": { "line": 83, "column": 0 } },
      "83": { "start": { "line": 84, "column": 0 }, "end": { "line": 84, "column": 12 } },
      "84": { "start": { "line": 85, "column": 0 }, "end": { "line": 85, "column": 47 } },
      "85": { "start": { "line": 86, "column": 0 }, "end": { "line": 86, "column": 30 } },
      "86": { "start": { "line": 87, "column": 0 }, "end": { "line": 87, "column": 0 } },
      "87": { "start": { "line": 88, "column": 0 }, "end": { "line": 88, "column": 67 } },
      "88": { "start": { "line": 89, "column": 0 }, "end": { "line": 89, "column": 21 } },
      "89": { "start": { "line": 90, "column": 0 }, "end": { "line": 90, "column": 80 } },
      "90": { "start": { "line": 91, "column": 0 }, "end": { "line": 91, "column": 41 } },
      "91": { "start": { "line": 92, "column": 0 }, "end": { "line": 92, "column": 61 } },
      "92": { "start": { "line": 93, "column": 0 }, "end": { "line": 93, "column": 21 } },
      "93": { "start": { "line": 94, "column": 0 }, "end": { "line": 94, "column": 46 } },
      "94": { "start": { "line": 95, "column": 0 }, "end": { "line": 95, "column": 83 } },
      "95": { "start": { "line": 96, "column": 0 }, "end": { "line": 96, "column": 44 } },
      "96": { "start": { "line": 97, "column": 0 }, "end": { "line": 97, "column": 12 } },
      "97": { "start": { "line": 98, "column": 0 }, "end": { "line": 98, "column": 18 } },
      "98": { "start": { "line": 99, "column": 0 }, "end": { "line": 99, "column": 0 } },
      "99": { "start": { "line": 100, "column": 0 }, "end": { "line": 100, "column": 72 } },
      "100": { "start": { "line": 101, "column": 0 }, "end": { "line": 101, "column": 21 } },
      "101": { "start": { "line": 102, "column": 0 }, "end": { "line": 102, "column": 81 } },
      "102": { "start": { "line": 103, "column": 0 }, "end": { "line": 103, "column": 32 } },
      "103": { "start": { "line": 104, "column": 0 }, "end": { "line": 104, "column": 27 } },
      "104": { "start": { "line": 105, "column": 0 }, "end": { "line": 105, "column": 21 } },
      "105": { "start": { "line": 106, "column": 0 }, "end": { "line": 106, "column": 51 } },
      "106": { "start": { "line": 107, "column": 0 }, "end": { "line": 107, "column": 34 } },
      "107": { "start": { "line": 108, "column": 0 }, "end": { "line": 108, "column": 12 } },
      "108": { "start": { "line": 109, "column": 0 }, "end": { "line": 109, "column": 18 } },
      "109": { "start": { "line": 110, "column": 0 }, "end": { "line": 110, "column": 0 } },
      "110": { "start": { "line": 111, "column": 0 }, "end": { "line": 111, "column": 73 } },
      "111": { "start": { "line": 112, "column": 0 }, "end": { "line": 112, "column": 21 } },
      "112": { "start": { "line": 113, "column": 0 }, "end": { "line": 113, "column": 76 } },
      "113": { "start": { "line": 114, "column": 0 }, "end": { "line": 114, "column": 38 } },
      "114": { "start": { "line": 115, "column": 0 }, "end": { "line": 115, "column": 58 } },
      "115": { "start": { "line": 116, "column": 0 }, "end": { "line": 116, "column": 21 } },
      "116": { "start": { "line": 117, "column": 0 }, "end": { "line": 117, "column": 52 } },
      "117": { "start": { "line": 118, "column": 0 }, "end": { "line": 118, "column": 80 } },
      "118": { "start": { "line": 119, "column": 0 }, "end": { "line": 119, "column": 41 } },
      "119": { "start": { "line": 120, "column": 0 }, "end": { "line": 120, "column": 12 } },
      "120": { "start": { "line": 121, "column": 0 }, "end": { "line": 121, "column": 18 } },
      "121": { "start": { "line": 122, "column": 0 }, "end": { "line": 122, "column": 12 } },
      "122": { "start": { "line": 123, "column": 0 }, "end": { "line": 123, "column": 6 } },
      "123": { "start": { "line": 124, "column": 0 }, "end": { "line": 124, "column": 4 } },
      "124": { "start": { "line": 125, "column": 0 }, "end": { "line": 125, "column": 2 } },
      "125": { "start": { "line": 126, "column": 0 }, "end": { "line": 126, "column": 0 } },
      "126": { "start": { "line": 127, "column": 0 }, "end": { "line": 127, "column": 44 } },
      "127": { "start": { "line": 128, "column": 0 }, "end": { "line": 128, "column": 0 } },
      "128": { "start": { "line": 129, "column": 0 }, "end": { "line": 129, "column": 34 } },
      "129": { "start": { "line": 130, "column": 0 }, "end": { "line": 130, "column": 34 } },
      "130": { "start": { "line": 131, "column": 0 }, "end": { "line": 131, "column": 68 } },
      "131": { "start": { "line": 132, "column": 0 }, "end": { "line": 132, "column": 64 } },
      "132": { "start": { "line": 133, "column": 0 }, "end": { "line": 133, "column": 58 } },
      "133": { "start": { "line": 134, "column": 0 }, "end": { "line": 134, "column": 37 } },
      "134": { "start": { "line": 135, "column": 0 }, "end": { "line": 135, "column": 0 } },
      "135": { "start": { "line": 136, "column": 0 }, "end": { "line": 136, "column": 46 } },
      "136": { "start": { "line": 137, "column": 0 }, "end": { "line": 137, "column": 0 } },
      "137": { "start": { "line": 138, "column": 0 }, "end": { "line": 138, "column": 26 } },
      "138": { "start": { "line": 139, "column": 0 }, "end": { "line": 139, "column": 50 } },
      "139": { "start": { "line": 140, "column": 0 }, "end": { "line": 140, "column": 35 } },
      "140": { "start": { "line": 141, "column": 0 }, "end": { "line": 141, "column": 24 } },
      "141": { "start": { "line": 142, "column": 0 }, "end": { "line": 142, "column": 0 } },
      "142": { "start": { "line": 143, "column": 0 }, "end": { "line": 143, "column": 53 } },
      "143": { "start": { "line": 144, "column": 0 }, "end": { "line": 144, "column": 38 } },
      "144": { "start": { "line": 145, "column": 0 }, "end": { "line": 145, "column": 9 } },
      "145": { "start": { "line": 146, "column": 0 }, "end": { "line": 146, "column": 0 } },
      "146": { "start": { "line": 147, "column": 0 }, "end": { "line": 147, "column": 50 } },
      "147": { "start": { "line": 148, "column": 0 }, "end": { "line": 148, "column": 35 } },
      "148": { "start": { "line": 149, "column": 0 }, "end": { "line": 149, "column": 9 } },
      "149": { "start": { "line": 150, "column": 0 }, "end": { "line": 150, "column": 0 } },
      "150": { "start": { "line": 151, "column": 0 }, "end": { "line": 151, "column": 30 } },
      "151": { "start": { "line": 152, "column": 0 }, "end": { "line": 152, "column": 30 } },
      "152": { "start": { "line": 153, "column": 0 }, "end": { "line": 153, "column": 11 } },
      "153": { "start": { "line": 154, "column": 0 }, "end": { "line": 154, "column": 80 } },
      "154": { "start": { "line": 155, "column": 0 }, "end": { "line": 155, "column": 12 } },
      "155": { "start": { "line": 156, "column": 0 }, "end": { "line": 156, "column": 56 } },
      "156": { "start": { "line": 157, "column": 0 }, "end": { "line": 157, "column": 33 } },
      "157": { "start": { "line": 158, "column": 0 }, "end": { "line": 158, "column": 48 } },
      "158": { "start": { "line": 159, "column": 0 }, "end": { "line": 159, "column": 27 } },
      "159": { "start": { "line": 160, "column": 0 }, "end": { "line": 160, "column": 28 } },
      "160": { "start": { "line": 161, "column": 0 }, "end": { "line": 161, "column": 10 } },
      "161": { "start": { "line": 162, "column": 0 }, "end": { "line": 162, "column": 39 } },
      "162": { "start": { "line": 163, "column": 0 }, "end": { "line": 163, "column": 58 } },
      "163": { "start": { "line": 164, "column": 0 }, "end": { "line": 164, "column": 60 } },
      "164": { "start": { "line": 165, "column": 0 }, "end": { "line": 165, "column": 15 } },
      "165": { "start": { "line": 166, "column": 0 }, "end": { "line": 166, "column": 91 } },
      "166": { "start": { "line": 167, "column": 0 }, "end": { "line": 167, "column": 14 } },
      "167": { "start": { "line": 168, "column": 0 }, "end": { "line": 168, "column": 12 } },
      "168": { "start": { "line": 169, "column": 0 }, "end": { "line": 169, "column": 6 } },
      "169": { "start": { "line": 170, "column": 0 }, "end": { "line": 170, "column": 7 } },
      "170": { "start": { "line": 171, "column": 0 }, "end": { "line": 171, "column": 4 } },
      "171": { "start": { "line": 172, "column": 0 }, "end": { "line": 172, "column": 0 } },
      "172": { "start": { "line": 173, "column": 0 }, "end": { "line": 173, "column": 10 } },
      "173": { "start": { "line": 174, "column": 0 }, "end": { "line": 174, "column": 6 } },
      "174": { "start": { "line": 175, "column": 0 }, "end": { "line": 175, "column": 88 } },
      "175": { "start": { "line": 176, "column": 0 }, "end": { "line": 176, "column": 55 } },
      "176": { "start": { "line": 177, "column": 0 }, "end": { "line": 177, "column": 50 } },
      "177": { "start": { "line": 178, "column": 0 }, "end": { "line": 178, "column": 51 } },
      "178": { "start": { "line": 179, "column": 0 }, "end": { "line": 179, "column": 25 } },
      "179": { "start": { "line": 180, "column": 0 }, "end": { "line": 180, "column": 48 } },
      "180": { "start": { "line": 181, "column": 0 }, "end": { "line": 181, "column": 16 } },
      "181": { "start": { "line": 182, "column": 0 }, "end": { "line": 182, "column": 0 } },
      "182": { "start": { "line": 183, "column": 0 }, "end": { "line": 183, "column": 44 } },
      "183": { "start": { "line": 184, "column": 0 }, "end": { "line": 184, "column": 47 } },
      "184": { "start": { "line": 185, "column": 0 }, "end": { "line": 185, "column": 24 } },
      "185": { "start": { "line": 186, "column": 0 }, "end": { "line": 186, "column": 16 } },
      "186": { "start": { "line": 187, "column": 0 }, "end": { "line": 187, "column": 0 } },
      "187": { "start": { "line": 188, "column": 0 }, "end": { "line": 188, "column": 52 } },
      "188": { "start": { "line": 189, "column": 0 }, "end": { "line": 189, "column": 44 } },
      "189": { "start": { "line": 190, "column": 0 }, "end": { "line": 190, "column": 26 } },
      "190": { "start": { "line": 191, "column": 0 }, "end": { "line": 191, "column": 41 } },
      "191": { "start": { "line": 192, "column": 0 }, "end": { "line": 192, "column": 53 } },
      "192": { "start": { "line": 193, "column": 0 }, "end": { "line": 193, "column": 41 } },
      "193": { "start": { "line": 194, "column": 0 }, "end": { "line": 194, "column": 59 } },
      "194": { "start": { "line": 195, "column": 0 }, "end": { "line": 195, "column": 47 } },
      "195": { "start": { "line": 196, "column": 0 }, "end": { "line": 196, "column": 14 } },
      "196": { "start": { "line": 197, "column": 0 }, "end": { "line": 197, "column": 16 } },
      "197": { "start": { "line": 198, "column": 0 }, "end": { "line": 198, "column": 14 } },
      "198": { "start": { "line": 199, "column": 0 }, "end": { "line": 199, "column": 15 } },
      "199": { "start": { "line": 200, "column": 0 }, "end": { "line": 200, "column": 0 } },
      "200": { "start": { "line": 201, "column": 0 }, "end": { "line": 201, "column": 36 } },
      "201": { "start": { "line": 202, "column": 0 }, "end": { "line": 202, "column": 27 } },
      "202": { "start": { "line": 203, "column": 0 }, "end": { "line": 203, "column": 24 } },
      "203": { "start": { "line": 204, "column": 0 }, "end": { "line": 204, "column": 34 } },
      "204": { "start": { "line": 205, "column": 0 }, "end": { "line": 205, "column": 51 } },
      "205": { "start": { "line": 206, "column": 0 }, "end": { "line": 206, "column": 47 } },
      "206": { "start": { "line": 207, "column": 0 }, "end": { "line": 207, "column": 10 } },
      "207": { "start": { "line": 208, "column": 0 }, "end": { "line": 208, "column": 8 } },
      "208": { "start": { "line": 209, "column": 0 }, "end": { "line": 209, "column": 24 } },
      "209": { "start": { "line": 210, "column": 0 }, "end": { "line": 210, "column": 95 } },
      "210": { "start": { "line": 211, "column": 0 }, "end": { "line": 211, "column": 8 } },
      "211": { "start": { "line": 212, "column": 0 }, "end": { "line": 212, "column": 7 } },
      "212": { "start": { "line": 213, "column": 0 }, "end": { "line": 213, "column": 4 } },
      "213": { "start": { "line": 214, "column": 0 }, "end": { "line": 214, "column": 3 } },
      "214": { "start": { "line": 215, "column": 0 }, "end": { "line": 215, "column": 0 } },
      "215": { "start": { "line": 216, "column": 0 }, "end": { "line": 216, "column": 30 } }
    },
    "s": {
      "0": 1,
      "1": 1,
      "2": 1,
      "3": 1,
      "4": 1,
      "5": 1,
      "6": 1,
      "7": 1,
      "8": 1,
      "9": 1,
      "10": 1,
      "11": 1,
      "12": 1,
      "13": 1,
      "14": 1,
      "15": 1,
      "16": 1,
      "17": 5,
      "18": 0,
      "19": 0,
      "20": 0,
      "21": 0,
      "22": 0,
      "23": 0,
      "24": 0,
      "25": 0,
      "26": 5,
      "27": 5,
      "28": 5,
      "29": 5,
      "30": 1,
      "31": 1,
      "32": 1,
      "33": 5,
      "34": 5,
      "35": 5,
      "36": 5,
      "37": 5,
      "38": 5,
      "39": 5,
      "40": 5,
      "41": 5,
      "42": 5,
      "43": 5,
      "44": 5,
      "45": 5,
      "46": 5,
      "47": 5,
      "48": 5,
      "49": 5,
      "50": 5,
      "51": 5,
      "52": 5,
      "53": 5,
      "54": 5,
      "55": 5,
      "56": 5,
      "57": 5,
      "58": 5,
      "59": 5,
      "60": 5,
      "61": 5,
      "62": 5,
      "63": 1,
      "64": 1,
      "65": 1,
      "66": 1,
      "67": 1,
      "68": 1,
      "69": 5,
      "70": 5,
      "71": 5,
      "72": 5,
      "73": 5,
      "74": 5,
      "75": 5,
      "76": 5,
      "77": 5,
      "78": 5,
      "79": 5,
      "80": 5,
      "81": 5,
      "82": 5,
      "83": 5,
      "84": 5,
      "85": 5,
      "86": 5,
      "87": 5,
      "88": 5,
      "89": 5,
      "90": 5,
      "91": 5,
      "92": 5,
      "93": 5,
      "94": 5,
      "95": 5,
      "96": 5,
      "97": 5,
      "98": 5,
      "99": 5,
      "100": 5,
      "101": 5,
      "102": 5,
      "103": 5,
      "104": 5,
      "105": 5,
      "106": 5,
      "107": 5,
      "108": 5,
      "109": 5,
      "110": 5,
      "111": 5,
      "112": 5,
      "113": 5,
      "114": 5,
      "115": 5,
      "116": 5,
      "117": 5,
      "118": 5,
      "119": 5,
      "120": 5,
      "121": 5,
      "122": 5,
      "123": 5,
      "124": 1,
      "125": 1,
      "126": 1,
      "127": 1,
      "128": 1,
      "129": 1,
      "130": 5,
      "131": 5,
      "132": 5,
      "133": 5,
      "134": 5,
      "135": 5,
      "136": 5,
      "137": 5,
      "138": 5,
      "139": 0,
      "140": 5,
      "141": 5,
      "142": 5,
      "143": 0,
      "144": 5,
      "145": 5,
      "146": 5,
      "147": 0,
      "148": 5,
      "149": 5,
      "150": 5,
      "151": 5,
      "152": 5,
      "153": 5,
      "154": 5,
      "155": 5,
      "156": 5,
      "157": 5,
      "158": 5,
      "159": 5,
      "160": 5,
      "161": 5,
      "162": 5,
      "163": 5,
      "164": 5,
      "165": 5,
      "166": 5,
      "167": 5,
      "168": 5,
      "169": 5,
      "170": 5,
      "171": 5,
      "172": 5,
      "173": 5,
      "174": 5,
      "175": 5,
      "176": 5,
      "177": 5,
      "178": 5,
      "179": 5,
      "180": 5,
      "181": 5,
      "182": 5,
      "183": 5,
      "184": 5,
      "185": 5,
      "186": 5,
      "187": 5,
      "188": 5,
      "189": 5,
      "190": 5,
      "191": 5,
      "192": 5,
      "193": 5,
      "194": 5,
      "195": 5,
      "196": 5,
      "197": 5,
      "198": 5,
      "199": 5,
      "200": 5,
      "201": 5,
      "202": 5,
      "203": 5,
      "204": 5,
      "205": 5,
      "206": 5,
      "207": 5,
      "208": 5,
      "209": 5,
      "210": 5,
      "211": 5,
      "212": 5,
      "213": 5,
      "214": 1,
      "215": 1
    },
    "branchMap": {
      "0": {
        "type": "branch",
        "line": 17,
        "loc": { "start": { "line": 17, "column": 23 }, "end": { "line": 30, "column": 2 } },
        "locations": [{ "start": { "line": 17, "column": 23 }, "end": { "line": 30, "column": 2 } }]
      },
      "1": {
        "type": "branch",
        "line": 33,
        "loc": { "start": { "line": 33, "column": 30 }, "end": { "line": 63, "column": 3 } },
        "locations": [{ "start": { "line": 33, "column": 30 }, "end": { "line": 63, "column": 3 } }]
      },
      "2": {
        "type": "branch",
        "line": 50,
        "loc": { "start": { "line": 50, "column": 26 }, "end": { "line": 50, "column": 60 } },
        "locations": [
          { "start": { "line": 50, "column": 26 }, "end": { "line": 50, "column": 60 } }
        ]
      },
      "3": {
        "type": "branch",
        "line": 56,
        "loc": { "start": { "line": 56, "column": 28 }, "end": { "line": 56, "column": 57 } },
        "locations": [
          { "start": { "line": 56, "column": 28 }, "end": { "line": 56, "column": 57 } }
        ]
      },
      "4": {
        "type": "branch",
        "line": 35,
        "loc": { "start": { "line": 35, "column": 4 }, "end": { "line": 35, "column": 66 } },
        "locations": [{ "start": { "line": 35, "column": 4 }, "end": { "line": 35, "column": 66 } }]
      },
      "5": {
        "type": "branch",
        "line": 35,
        "loc": { "start": { "line": 35, "column": 27 }, "end": { "line": 35, "column": 54 } },
        "locations": [
          { "start": { "line": 35, "column": 27 }, "end": { "line": 35, "column": 54 } }
        ]
      },
      "6": {
        "type": "branch",
        "line": 40,
        "loc": { "start": { "line": 40, "column": 4 }, "end": { "line": 40, "column": 72 } },
        "locations": [{ "start": { "line": 40, "column": 4 }, "end": { "line": 40, "column": 72 } }]
      },
      "7": {
        "type": "branch",
        "line": 40,
        "loc": { "start": { "line": 40, "column": 27 }, "end": { "line": 40, "column": 56 } },
        "locations": [
          { "start": { "line": 40, "column": 27 }, "end": { "line": 40, "column": 56 } }
        ]
      },
      "8": {
        "type": "branch",
        "line": 69,
        "loc": { "start": { "line": 69, "column": 2 }, "end": { "line": 124, "column": 4 } },
        "locations": [{ "start": { "line": 69, "column": 2 }, "end": { "line": 124, "column": 4 } }]
      },
      "9": {
        "type": "branch",
        "line": 92,
        "loc": { "start": { "line": 92, "column": 21 }, "end": { "line": 92, "column": 53 } },
        "locations": [
          { "start": { "line": 92, "column": 21 }, "end": { "line": 92, "column": 53 } }
        ]
      },
      "10": {
        "type": "branch",
        "line": 95,
        "loc": { "start": { "line": 95, "column": 42 }, "end": { "line": 95, "column": 83 } },
        "locations": [
          { "start": { "line": 95, "column": 42 }, "end": { "line": 95, "column": 83 } }
        ]
      },
      "11": {
        "type": "branch",
        "line": 115,
        "loc": { "start": { "line": 115, "column": 21 }, "end": { "line": 115, "column": 50 } },
        "locations": [
          { "start": { "line": 115, "column": 21 }, "end": { "line": 115, "column": 50 } }
        ]
      },
      "12": {
        "type": "branch",
        "line": 115,
        "loc": { "start": { "line": 115, "column": 36 }, "end": { "line": 115, "column": 58 } },
        "locations": [
          { "start": { "line": 115, "column": 36 }, "end": { "line": 115, "column": 58 } }
        ]
      },
      "13": {
        "type": "branch",
        "line": 118,
        "loc": { "start": { "line": 118, "column": 42 }, "end": { "line": 118, "column": 80 } },
        "locations": [
          { "start": { "line": 118, "column": 42 }, "end": { "line": 118, "column": 80 } }
        ]
      },
      "14": {
        "type": "branch",
        "line": 130,
        "loc": { "start": { "line": 130, "column": 27 }, "end": { "line": 214, "column": 3 } },
        "locations": [
          { "start": { "line": 130, "column": 27 }, "end": { "line": 214, "column": 3 } }
        ]
      },
      "15": {
        "type": "branch",
        "line": 153,
        "loc": { "start": { "line": 153, "column": 4 }, "end": { "line": 170, "column": 6 } },
        "locations": [
          { "start": { "line": 153, "column": 4 }, "end": { "line": 170, "column": 6 } }
        ]
      }
    },
    "b": {
      "0": [5],
      "1": [5],
      "2": [0],
      "3": [0],
      "4": [5],
      "5": [0],
      "6": [5],
      "7": [0],
      "8": [5],
      "9": [0],
      "10": [0],
      "11": [2],
      "12": [3],
      "13": [2],
      "14": [5],
      "15": [5]
    },
    "fnMap": {
      "0": {
        "name": "useTourControl",
        "decl": { "start": { "line": 17, "column": 23 }, "end": { "line": 30, "column": 2 } },
        "loc": { "start": { "line": 17, "column": 23 }, "end": { "line": 30, "column": 2 } },
        "line": 17
      },
      "1": {
        "name": "onClose",
        "decl": { "start": { "line": 205, "column": 19 }, "end": { "line": 205, "column": 51 } },
        "loc": { "start": { "line": 205, "column": 19 }, "end": { "line": 205, "column": 51 } },
        "line": 205
      },
      "2": {
        "name": "onClose",
        "decl": { "start": { "line": 210, "column": 63 }, "end": { "line": 210, "column": 95 } },
        "loc": { "start": { "line": 210, "column": 63 }, "end": { "line": 210, "column": 95 } },
        "line": 210
      }
    },
    "f": { "0": 5, "1": 0, "2": 0 }
  },
  "C:\\temp\\2025\\VonSim8\\app\\src\\components\\KeyboardShortcuts.tsx": {
    "path": "C:\\temp\\2025\\VonSim8\\app\\src\\components\\KeyboardShortcuts.tsx",
    "all": false,
    "statementMap": {
      "0": { "start": { "line": 1, "column": 0 }, "end": { "line": 1, "column": 60 } },
      "1": { "start": { "line": 2, "column": 0 }, "end": { "line": 2, "column": 65 } },
      "2": { "start": { "line": 3, "column": 0 }, "end": { "line": 3, "column": 72 } },
      "3": { "start": { "line": 4, "column": 0 }, "end": { "line": 4, "column": 0 } },
      "4": { "start": { "line": 5, "column": 0 }, "end": { "line": 5, "column": 48 } },
      "5": { "start": { "line": 6, "column": 0 }, "end": { "line": 6, "column": 0 } },
      "6": { "start": { "line": 7, "column": 0 }, "end": { "line": 7, "column": 17 } },
      "7": { "start": { "line": 8, "column": 0 }, "end": { "line": 8, "column": 14 } },
      "8": { "start": { "line": 9, "column": 0 }, "end": { "line": 9, "column": 22 } },
      "9": { "start": { "line": 10, "column": 0 }, "end": { "line": 10, "column": 19 } },
      "10": { "start": { "line": 11, "column": 0 }, "end": { "line": 11, "column": 2 } },
      "11": { "start": { "line": 12, "column": 0 }, "end": { "line": 12, "column": 0 } },
      "12": { "start": { "line": 13, "column": 0 }, "end": { "line": 13, "column": 58 } },
      "13": { "start": { "line": 14, "column": 0 }, "end": { "line": 14, "column": 39 } },
      "14": { "start": { "line": 15, "column": 0 }, "end": { "line": 15, "column": 28 } },
      "15": { "start": { "line": 16, "column": 0 }, "end": { "line": 16, "column": 74 } },
      "16": { "start": { "line": 17, "column": 0 }, "end": { "line": 17, "column": 90 } },
      "17": { "start": { "line": 18, "column": 0 }, "end": { "line": 18, "column": 75 } },
      "18": { "start": { "line": 19, "column": 0 }, "end": { "line": 19, "column": 76 } },
      "19": { "start": { "line": 20, "column": 0 }, "end": { "line": 20, "column": 3 } },
      "20": { "start": { "line": 21, "column": 0 }, "end": { "line": 21, "column": 19 } },
      "21": { "start": { "line": 22, "column": 0 }, "end": { "line": 22, "column": 60 } },
      "22": { "start": { "line": 23, "column": 0 }, "end": { "line": 23, "column": 27 } },
      "23": { "start": { "line": 24, "column": 0 }, "end": { "line": 24, "column": 4 } },
      "24": { "start": { "line": 25, "column": 0 }, "end": { "line": 25, "column": 0 } },
      "25": { "start": { "line": 26, "column": 0 }, "end": { "line": 26, "column": 11 } },
      "26": { "start": { "line": 27, "column": 0 }, "end": { "line": 27, "column": 72 } },
      "27": { "start": { "line": 28, "column": 0 }, "end": { "line": 28, "column": 70 } },
      "28": { "start": { "line": 29, "column": 0 }, "end": { "line": 29, "column": 70 } },
      "29": { "start": { "line": 30, "column": 0 }, "end": { "line": 30, "column": 65 } },
      "30": { "start": { "line": 31, "column": 0 }, "end": { "line": 31, "column": 64 } },
      "31": { "start": { "line": 32, "column": 0 }, "end": { "line": 32, "column": 63 } },
      "32": { "start": { "line": 33, "column": 0 }, "end": { "line": 33, "column": 67 } },
      "33": { "start": { "line": 34, "column": 0 }, "end": { "line": 34, "column": 62 } },
      "34": { "start": { "line": 35, "column": 0 }, "end": { "line": 35, "column": 71 } },
      "35": { "start": { "line": 36, "column": 0 }, "end": { "line": 36, "column": 0 } },
      "36": { "start": { "line": 37, "column": 0 }, "end": { "line": 37, "column": 15 } },
      "37": { "start": { "line": 38, "column": 0 }, "end": { "line": 38, "column": 82 } },
      "38": { "start": { "line": 39, "column": 0 }, "end": { "line": 39, "column": 76 } },
      "39": { "start": { "line": 40, "column": 0 }, "end": { "line": 40, "column": 76 } },
      "40": { "start": { "line": 41, "column": 0 }, "end": { "line": 41, "column": 74 } },
      "41": { "start": { "line": 42, "column": 0 }, "end": { "line": 42, "column": 79 } },
      "42": { "start": { "line": 43, "column": 0 }, "end": { "line": 43, "column": 0 } },
      "43": { "start": { "line": 44, "column": 0 }, "end": { "line": 44, "column": 13 } },
      "44": { "start": { "line": 45, "column": 0 }, "end": { "line": 45, "column": 74 } },
      "45": { "start": { "line": 46, "column": 0 }, "end": { "line": 46, "column": 83 } },
      "46": { "start": { "line": 47, "column": 0 }, "end": { "line": 47, "column": 88 } },
      "47": { "start": { "line": 48, "column": 0 }, "end": { "line": 48, "column": 83 } },
      "48": { "start": { "line": 49, "column": 0 }, "end": { "line": 49, "column": 0 } },
      "49": { "start": { "line": 50, "column": 0 }, "end": { "line": 50, "column": 17 } },
      "50": { "start": { "line": 51, "column": 0 }, "end": { "line": 51, "column": 63 } },
      "51": { "start": { "line": 52, "column": 0 }, "end": { "line": 52, "column": 64 } },
      "52": { "start": { "line": 53, "column": 0 }, "end": { "line": 53, "column": 69 } },
      "53": { "start": { "line": 54, "column": 0 }, "end": { "line": 54, "column": 81 } },
      "54": { "start": { "line": 55, "column": 0 }, "end": { "line": 55, "column": 0 } },
      "55": { "start": { "line": 56, "column": 0 }, "end": { "line": 56, "column": 15 } },
      "56": { "start": { "line": 57, "column": 0 }, "end": { "line": 57, "column": 87 } },
      "57": { "start": { "line": 58, "column": 0 }, "end": { "line": 58, "column": 88 } },
      "58": { "start": { "line": 59, "column": 0 }, "end": { "line": 59, "column": 87 } },
      "59": { "start": { "line": 60, "column": 0 }, "end": { "line": 60, "column": 74 } },
      "60": { "start": { "line": 61, "column": 0 }, "end": { "line": 61, "column": 78 } },
      "61": { "start": { "line": 62, "column": 0 }, "end": { "line": 62, "column": 2 } },
      "62": { "start": { "line": 63, "column": 0 }, "end": { "line": 63, "column": 0 } },
      "63": { "start": { "line": 64, "column": 0 }, "end": { "line": 64, "column": 54 } },
      "64": { "start": { "line": 65, "column": 0 }, "end": { "line": 65, "column": 41 } },
      "65": { "start": { "line": 66, "column": 0 }, "end": { "line": 66, "column": 46 } },
      "66": { "start": { "line": 67, "column": 0 }, "end": { "line": 67, "column": 0 } },
      "67": { "start": { "line": 68, "column": 0 }, "end": { "line": 68, "column": 39 } },
      "68": { "start": { "line": 69, "column": 0 }, "end": { "line": 69, "column": 20 } },
      "69": { "start": { "line": 70, "column": 0 }, "end": { "line": 70, "column": 9 } },
      "70": { "start": { "line": 71, "column": 0 }, "end": { "line": 71, "column": 0 } },
      "71": { "start": { "line": 72, "column": 0 }, "end": { "line": 72, "column": 40 } },
      "72": { "start": { "line": 73, "column": 0 }, "end": { "line": 73, "column": 21 } },
      "73": { "start": { "line": 74, "column": 0 }, "end": { "line": 74, "column": 9 } },
[...]
      "51": 0,
      "52": 0,
      "53": 0,
      "54": 0,
      "55": 0,
      "56": 0,
      "57": 0,
      "58": 0,
      "59": 0,
      "60": 0,
      "61": 0,
      "62": 0,
      "63": 0,
      "64": 0,
      "65": 0,
      "66": 0,
      "67": 0,
      "68": 0,
      "69": 0,
      "70": 0,
      "71": 0,
      "72": 0,
      "73": 0,
      "74": 0,
      "75": 0,
      "76": 0,
      "77": 0,
      "78": 0,
      "79": 0,
      "80": 0,
      "81": 0,
      "82": 0,
      "83": 0,
      "84": 0,
      "85": 0,
      "86": 0,
      "87": 0,
      "88": 0,
      "89": 0,
      "90": 0,
      "91": 0,
      "92": 0,
      "93": 0,
      "94": 0,
      "95": 0,
      "96": 0,
      "97": 0,
      "98": 0,
      "99": 1,
      "100": 1,
      "101": 1,
      "102": 1,
      "103": 1,
      "104": 1,
      "105": 1,
      "106": 1,
      "107": 1,
      "108": 1,
      "109": 1,
      "110": 1,
      "111": 1,
      "112": 1,
      "113": 1,
      "114": 1,
      "115": 1,
      "116": 1,
      "117": 1,
      "118": 1,
      "119": 1,
      "120": 1,
      "121": 1,
      "122": 1,
      "123": 1,
      "124": 1,
      "125": 1,
      "126": 1,
      "127": 1,
      "128": 0,
      "129": 0,
      "130": 0,
      "131": 0,
      "132": 0,
      "133": 0,
      "134": 0,
      "135": 0,
      "136": 0,
      "137": 0,
      "138": 0,
      "139": 0,
      "140": 0,
      "141": 0,
      "142": 0,
      "143": 0,
      "144": 0,
      "145": 0,
      "146": 0,
      "147": 1,
      "148": 1,
      "149": 1,
      "150": 1,
      "151": 1,
      "152": 1,
      "153": 1,
      "154": 1
    },
    "branchMap": {
      "0": {
        "type": "branch",
        "line": 153,
        "loc": { "start": { "line": 153, "column": 7 }, "end": { "line": 155, "column": 1 } },
        "locations": [
          { "start": { "line": 153, "column": 7 }, "end": { "line": 155, "column": 1 } }
        ]
      }
    },
    "b": { "0": [1] },
    "fnMap": {
      "0": {
        "name": "token",
        "decl": { "start": { "line": 48, "column": 9 }, "end": { "line": 99, "column": 4 } },
        "loc": { "start": { "line": 48, "column": 9 }, "end": { "line": 99, "column": 4 } },
        "line": 48
      },
      "1": {
        "name": "__vite_ssr_import_1__.linter.delay",
        "decl": { "start": { "line": 128, "column": 2 }, "end": { "line": 147, "column": 4 } },
        "loc": { "start": { "line": 128, "column": 2 }, "end": { "line": 147, "column": 4 } },
        "line": 128
      },
      "2": {
        "name": "VonSim",
        "decl": { "start": { "line": 153, "column": 7 }, "end": { "line": 155, "column": 1 } },
        "loc": { "start": { "line": 153, "column": 7 }, "end": { "line": 155, "column": 1 } },
        "line": 153
      }
    },
    "f": { "0": 0, "1": 0, "2": 1 }
  },
  "C:\\temp\\2025\\VonSim8\\app\\src\\lib\\jotai.tsx": {
    "path": "C:\\temp\\2025\\VonSim8\\app\\src\\lib\\jotai.tsx",
    "all": false,
    "statementMap": {
      "0": { "start": { "line": 1, "column": 0 }, "end": { "line": 1, "column": 46 } },
      "1": { "start": { "line": 2, "column": 0 }, "end": { "line": 2, "column": 0 } },
      "2": { "start": { "line": 3, "column": 0 }, "end": { "line": 3, "column": 61 } },
      "3": { "start": { "line": 4, "column": 0 }, "end": { "line": 4, "column": 62 } },
      "4": { "start": { "line": 5, "column": 0 }, "end": { "line": 5, "column": 52 } },
      "5": { "start": { "line": 6, "column": 0 }, "end": { "line": 6, "column": 0 } },
      "6": { "start": { "line": 7, "column": 0 }, "end": { "line": 7, "column": 35 } },
      "7": { "start": { "line": 8, "column": 0 }, "end": { "line": 8, "column": 0 } },
      "8": { "start": { "line": 9, "column": 0 }, "end": { "line": 9, "column": 63 } },
      "9": { "start": { "line": 10, "column": 0 }, "end": { "line": 10, "column": 61 } },
      "10": { "start": { "line": 11, "column": 0 }, "end": { "line": 11, "column": 1 } }
    },
    "s": {
      "0": 1,
      "1": 1,
      "2": 1,
      "3": 1,
      "4": 1,
      "5": 1,
      "6": 1,
      "7": 1,
      "8": 1,
      "9": 0,
      "10": 0
    },
    "branchMap": {},
    "b": {},
    "fnMap": {
      "0": {
        "name": "JotaiProvider",
        "decl": { "start": { "line": 9, "column": 7 }, "end": { "line": 11, "column": 1 } },
        "loc": { "start": { "line": 9, "column": 7 }, "end": { "line": 11, "column": 1 } },
        "line": 9
      }
    },
    "f": { "0": 0 }
  },
  "C:\\temp\\2025\\VonSim8\\app\\src\\lib\\tailwind.ts": {
    "path": "C:\\temp\\2025\\VonSim8\\app\\src\\lib\\tailwind.ts",
    "all": false,
    "statementMap": {
      "0": { "start": { "line": 1, "column": 0 }, "end": { "line": 1, "column": 3 } },
      "1": { "start": { "line": 2, "column": 0 }, "end": { "line": 2, "column": 16 } },
      "2": { "start": { "line": 3, "column": 0 }, "end": { "line": 3, "column": 2 } },
      "3": { "start": { "line": 4, "column": 0 }, "end": { "line": 4, "column": 47 } },
      "4": { "start": { "line": 5, "column": 0 }, "end": { "line": 5, "column": 2 } },
      "5": { "start": { "line": 6, "column": 0 }, "end": { "line": 6, "column": 76 } },
      "6": { "start": { "line": 7, "column": 0 }, "end": { "line": 7, "column": 78 } },
      "7": { "start": { "line": 8, "column": 0 }, "end": { "line": 8, "column": 82 } },
      "8": { "start": { "line": 9, "column": 0 }, "end": { "line": 9, "column": 3 } },
      "9": { "start": { "line": 10, "column": 0 }, "end": { "line": 10, "column": 0 } },
      "10": { "start": { "line": 11, "column": 0 }, "end": { "line": 11, "column": 23 } },
      "11": { "start": { "line": 12, "column": 0 }, "end": { "line": 12, "column": 9 } },
      "12": { "start": { "line": 13, "column": 0 }, "end": { "line": 13, "column": 19 } },
      "13": { "start": { "line": 14, "column": 0 }, "end": { "line": 14, "column": 4 } },
      "14": { "start": { "line": 15, "column": 0 }, "end": { "line": 15, "column": 11 } },
      "15": { "start": { "line": 16, "column": 0 }, "end": { "line": 16, "column": 19 } },
      "16": { "start": { "line": 17, "column": 0 }, "end": { "line": 17, "column": 4 } },
      "17": { "start": { "line": 18, "column": 0 }, "end": { "line": 18, "column": 8 } },
      "18": { "start": { "line": 19, "column": 0 }, "end": { "line": 19, "column": 19 } },
      "19": { "start": { "line": 20, "column": 0 }, "end": { "line": 20, "column": 4 } },
      "20": { "start": { "line": 21, "column": 0 }, "end": { "line": 21, "column": 10 } },
      "21": { "start": { "line": 22, "column": 0 }, "end": { "line": 22, "column": 19 } },
      "22": { "start": { "line": 23, "column": 0 }, "end": { "line": 23, "column": 19 } },
      "23": { "start": { "line": 24, "column": 0 }, "end": { "line": 24, "column": 19 } },
      "24": { "start": { "line": 25, "column": 0 }, "end": { "line": 25, "column": 4 } },
      "25": { "start": { "line": 26, "column": 0 }, "end": { "line": 26, "column": 19 } },
      "26": { "start": { "line": 27, "column": 0 }, "end": { "line": 27, "column": 2 } }
    },
    "s": {
      "0": 1,
      "1": 1,
      "2": 1,
      "3": 1,
      "4": 1,
      "5": 1,
      "6": 1,
      "7": 1,
      "8": 1,
      "9": 1,
      "10": 1,
      "11": 1,
      "12": 1,
      "13": 1,
      "14": 1,
      "15": 1,
      "16": 1,
      "17": 1,
      "18": 1,
      "19": 1,
      "20": 1,
      "21": 1,
      "22": 1,
      "23": 1,
      "24": 1,
      "25": 1,
      "26": 1
    },
    "branchMap": {},
    "b": {},
    "fnMap": {},
    "f": {}
  },
  "C:\\temp\\2025\\VonSim8\\app\\src\\lib\\settings\\consts.ts": {
    "path": "C:\\temp\\2025\\VonSim8\\app\\src\\lib\\settings\\consts.ts",
    "all": false,
    "statementMap": {
      "0": { "start": { "line": 1, "column": 0 }, "end": { "line": 1, "column": 48 } },
      "1": { "start": { "line": 2, "column": 0 }, "end": { "line": 2, "column": 0 } },
      "2": { "start": { "line": 3, "column": 0 }, "end": { "line": 3, "column": 80 } },
      "3": { "start": { "line": 4, "column": 0 }, "end": { "line": 4, "column": 0 } },
      "4": { "start": { "line": 5, "column": 0 }, "end": { "line": 5, "column": 81 } },
      "5": { "start": { "line": 6, "column": 0 }, "end": { "line": 6, "column": 66 } }
    },
    "s": { "0": 1, "1": 1, "2": 1, "3": 1, "4": 1, "5": 1 },
    "branchMap": {},
    "b": {},
    "fnMap": {},
    "f": {}
  },
  "C:\\temp\\2025\\VonSim8\\app\\src\\lib\\settings\\schema.ts": {
    "path": "C:\\temp\\2025\\VonSim8\\app\\src\\lib\\settings\\schema.ts",
    "all": false,
    "statementMap": {
      "0": { "start": { "line": 1, "column": 0 }, "end": { "line": 1, "column": 52 } },
      "1": { "start": { "line": 2, "column": 0 }, "end": { "line": 2, "column": 24 } },
      "2": { "start": { "line": 3, "column": 0 }, "end": { "line": 3, "column": 0 } },
      "3": { "start": { "line": 4, "column": 0 }, "end": { "line": 4, "column": 58 } },
      "4": { "start": { "line": 5, "column": 0 }, "end": { "line": 5, "column": 0 } },
      "5": { "start": { "line": 6, "column": 0 }, "end": { "line": 6, "column": 40 } },
      "6": { "start": { "line": 7, "column": 0 }, "end": { "line": 7, "column": 5 } },
      "7": { "start": { "line": 8, "column": 0 }, "end": { "line": 8, "column": 40 } },
      "8": { "start": { "line": 9, "column": 0 }, "end": { "line": 9, "column": 65 } },
      "9": { "start": { "line": 10, "column": 0 }, "end": { "line": 10, "column": 5 } },
      "10": { "start": { "line": 11, "column": 0 }, "end": { "line": 11, "column": 49 } },
      "11": { "start": { "line": 12, "column": 0 }, "end": { "line": 12, "column": 0 } },
      "12": { "start": { "line": 13, "column": 0 }, "end": { "line": 13, "column": 5 } },
      "13": { "start": { "line": 14, "column": 0 }, "end": { "line": 14, "column": 37 } },
      "14": { "start": { "line": 15, "column": 0 }, "end": { "line": 15, "column": 63 } },
      "15": { "start": { "line": 16, "column": 0 }, "end": { "line": 16, "column": 5 } },
      "16": { "start": { "line": 17, "column": 0 }, "end": { "line": 17, "column": 41 } },
      "17": { "start": { "line": 18, "column": 0 }, "end": { "line": 18, "column": 0 } },
      "18": { "start": { "line": 19, "column": 0 }, "end": { "line": 19, "column": 5 } },
      "19": { "start": { "line": 20, "column": 0 }, "end": { "line": 20, "column": 24 } },
      "20": { "start": { "line": 21, "column": 0 }, "end": { "line": 21, "column": 5 } },
      "21": { "start": { "line": 22, "column": 0 }, "end": { "line": 22, "column": 56 } },
      "22": { "start": { "line": 23, "column": 0 }, "end": { "line": 23, "column": 0 } },
      "23": { "start": { "line": 24, "column": 0 }, "end": { "line": 24, "column": 5 } },
      "24": { "start": { "line": 25, "column": 0 }, "end": { "line": 25, "column": 44 } },
      "25": { "start": { "line": 26, "column": 0 }, "end": { "line": 26, "column": 5 } },
      "26": { "start": { "line": 27, "column": 0 }, "end": { "line": 27, "column": 60 } },
      "27": { "start": { "line": 28, "column": 0 }, "end": { "line": 28, "column": 0 } },
      "28": { "start": { "line": 29, "column": 0 }, "end": { "line": 29, "column": 5 } },
      "29": { "start": { "line": 30, "column": 0 }, "end": { "line": 30, "column": 27 } },
      "30": { "start": { "line": 31, "column": 0 }, "end": { "line": 31, "column": 5 } },
      "31": { "start": { "line": 32, "column": 0 }, "end": { "line": 32, "column": 57 } },
      "32": { "start": { "line": 33, "column": 0 }, "end": { "line": 33, "column": 0 } },
      "33": { "start": { "line": 34, "column": 0 }, "end": { "line": 34, "column": 5 } },
      "34": { "start": { "line": 35, "column": 0 }, "end": { "line": 35, "column": 46 } },
      "35": { "start": { "line": 36, "column": 0 }, "end": { "line": 36, "column": 5 } },
      "36": { "start": { "line": 37, "column": 0 }, "end": { "line": 37, "column": 12 } },
      "37": { "start": { "line": 38, "column": 0 }, "end": { "line": 38, "column": 13 } },
      "38": { "start": { "line": 39, "column": 0 }, "end": { "line": 39, "column": 37 } },
      "39": { "start": { "line": 40, "column": 0 }, "end": { "line": 40, "column": 23 } },
      "40": { "start": { "line": 41, "column": 0 }, "end": { "line": 41, "column": 63 } },
      "41": { "start": { "line": 42, "column": 0 }, "end": { "line": 42, "column": 48 } },
      "42": { "start": { "line": 43, "column": 0 }, "end": { "line": 43, "column": 6 } },
      "43": { "start": { "line": 44, "column": 0 }, "end": { "line": 44, "column": 81 } },
      "44": { "start": { "line": 45, "column": 0 }, "end": { "line": 45, "column": 0 } },
      "45": { "start": { "line": 46, "column": 0 }, "end": { "line": 46, "column": 5 } },
      "46": { "start": { "line": 47, "column": 0 }, "end": { "line": 47, "column": 76 } },
      "47": { "start": { "line": 48, "column": 0 }, "end": { "line": 48, "column": 76 } },
      "48": { "start": { "line": 49, "column": 0 }, "end": { "line": 49, "column": 60 } },
      "49": { "start": { "line": 50, "column": 0 }, "end": { "line": 50, "column": 5 } },
      "50": { "start": { "line": 51, "column": 0 }, "end": { "line": 51, "column": 38 } },
      "51": { "start": { "line": 52, "column": 0 }, "end": { "line": 52, "column": 0 } },
      "52": { "start": { "line": 53, "column": 0 }, "end": { "line": 53, "column": 5 } },
      "53": { "start": { "line": 54, "column": 0 }, "end": { "line": 54, "column": 55 } },
      "54": { "start": { "line": 55, "column": 0 }, "end": { "line": 55, "column": 76 } },
      "55": { "start": { "line": 56, "column": 0 }, "end": { "line": 56, "column": 54 } },
      "56": { "start": { "line": 57, "column": 0 }, "end": { "line": 57, "column": 4 } },
      "57": { "start": { "line": 58, "column": 0 }, "end": { "line": 58, "column": 73 } },
      "58": { "start": { "line": 59, "column": 0 }, "end": { "line": 59, "column": 5 } },
      "59": { "start": { "line": 60, "column": 0 }, "end": { "line": 60, "column": 55 } },
      "60": { "start": { "line": 61, "column": 0 }, "end": { "line": 61, "column": 0 } },
      "61": { "start": { "line": 62, "column": 0 }, "end": { "line": 62, "column": 5 } },
      "62": { "start": { "line": 63, "column": 0 }, "end": { "line": 63, "column": 76 } },
      "63": { "start": { "line": 64, "column": 0 }, "end": { "line": 64, "column": 5 } },
      "64": { "start": { "line": 65, "column": 0 }, "end": { "line": 65, "column": 56 } },
      "65": { "start": { "line": 66, "column": 0 }, "end": { "line": 66, "column": 0 } },
      "66": { "start": { "line": 67, "column": 0 }, "end": { "line": 67, "column": 5 } },
      "67": { "start": { "line": 68, "column": 0 }, "end": { "line": 68, "column": 75 } },
      "68": { "start": { "line": 69, "column": 0 }, "end": { "line": 69, "column": 26 } },
      "69": { "start": { "line": 70, "column": 0 }, "end": { "line": 70, "column": 5 } },
      "70": { "start": { "line": 71, "column": 0 }, "end": { "line": 71, "column": 59 } },
      "71": { "start": { "line": 72, "column": 0 }, "end": { "line": 72, "column": 0 } },
      "72": { "start": { "line": 73, "column": 0 }, "end": { "line": 73, "column": 5 } },
      "73": { "start": { "line": 74, "column": 0 }, "end": { "line": 74, "column": 30 } },
      "74": { "start": { "line": 75, "column": 0 }, "end": { "line": 75, "column": 49 } },
      "75": { "start": { "line": 76, "column": 0 }, "end": { "line": 76, "column": 5 } },
      "76": { "start": { "line": 77, "column": 0 }, "end": { "line": 77, "column": 67 } },
      "77": { "start": { "line": 78, "column": 0 }, "end": { "line": 78, "column": 0 } },
      "78": { "start": { "line": 79, "column": 0 }, "end": { "line": 79, "column": 5 } },
      "79": { "start": { "line": 80, "column": 0 }, "end": { "line": 80, "column": 36 } },
      "80": { "start": { "line": 81, "column": 0 }, "end": { "line": 81, "column": 5 } },
      "81": { "start": { "line": 82, "column": 0 }, "end": { "line": 82, "column": 46 } },
      "82": { "start": { "line": 83, "column": 0 }, "end": { "line": 83, "column": 45 } },
      "83": { "start": { "line": 84, "column": 0 }, "end": { "line": 84, "column": 41 } },
      "84": { "start": { "line": 85, "column": 0 }, "end": { "line": 85, "column": 47 } },
      "85": { "start": { "line": 86, "column": 0 }, "end": { "line": 86, "column": 3 } },
      "86": { "start": { "line": 87, "column": 0 }, "end": { "line": 87, "column": 0 } },
      "87": { "start": { "line": 88, "column": 0 }, "end": { "line": 88, "column": 54 } },
      "88": { "start": { "line": 89, "column": 0 }, "end": { "line": 89, "column": 0 } },
      "89": { "start": { "line": 90, "column": 0 }, "end": { "line": 90, "column": 53 } },
      "90": { "start": { "line": 91, "column": 0 }, "end": { "line": 91, "column": 56 } },
      "91": { "start": { "line": 92, "column": 0 }, "end": { "line": 92, "column": 0 } },
      "92": { "start": { "line": 93, "column": 0 }, "end": { "line": 93, "column": 41 } },
      "93": { "start": { "line": 94, "column": 0 }, "end": { "line": 94, "column": 36 } },
      "94": { "start": { "line": 95, "column": 0 }, "end": { "line": 95, "column": 52 } },
      "95": { "start": { "line": 96, "column": 0 }, "end": { "line": 96, "column": 33 } },
      "96": { "start": { "line": 97, "column": 0 }, "end": { "line": 97, "column": 47 } },
      "97": { "start": { "line": 98, "column": 0 }, "end": { "line": 98, "column": 3 } },
      "98": { "start": { "line": 99, "column": 0 }, "end": { "line": 99, "column": 14 } },
      "99": { "start": { "line": 100, "column": 0 }, "end": { "line": 100, "column": 1 } }
    },
    "s": {
      "0": 1,
      "1": 1,
      "2": 1,
      "3": 1,
      "4": 1,
      "5": 1,
      "6": 1,
      "7": 1,
      "8": 1,
      "9": 1,
      "10": 1,
      "11": 1,
      "12": 1,
      "13": 1,
      "14": 1,
      "15": 1,
      "16": 1,
      "17": 1,
      "18": 1,
      "19": 1,
      "20": 1,
      "21": 1,
      "22": 1,
      "23": 1,
      "24": 1,
      "25": 1,
      "26": 1,
      "27": 1,
      "28": 1,
      "29": 1,
      "30": 1,
      "31": 1,
      "32": 1,
      "33": 1,
      "34": 1,
      "35": 1,
      "36": 1,
      "37": 1,
      "38": 1,
      "39": 1,
      "40": 1,
      "41": 1,
      "42": 1,
      "43": 1,
      "44": 1,
      "45": 1,
      "46": 1,
      "47": 1,
      "48": 1,
      "49": 1,
      "50": 1,
      "51": 1,
      "52": 1,
      "53": 1,
      "54": 1,
      "55": 1,
      "56": 1,
      "57": 1,
      "58": 1,
      "59": 1,
      "60": 1,
      "61": 1,
      "62": 1,
      "63": 1,
      "64": 1,
      "65": 1,
      "66": 1,
      "67": 1,
      "68": 1,
      "69": 1,
      "70": 1,
      "71": 1,
      "72": 1,
      "73": 1,
      "74": 1,
      "75": 1,
      "76": 1,
      "77": 1,
      "78": 1,
      "79": 1,
      "80": 1,
      "81": 1,
      "82": 1,
      "83": 1,
      "84": 1,
      "85": 1,
      "86": 1,
      "87": 1,
      "88": 1,
      "89": 1,
      "90": 1,
      "91": 1,
      "92": 4,
      "93": 4,
      "94": 4,
      "95": 4,
      "96": 4,
      "97": 4,
      "98": 0,
      "99": 0
    },
    "branchMap": {
      "0": {
        "type": "branch",
        "line": 93,
        "loc": { "start": { "line": 93, "column": 0 }, "end": { "line": 100, "column": 1 } },
        "locations": [{ "start": { "line": 93, "column": 0 }, "end": { "line": 100, "column": 1 } }]
      },
      "1": {
        "type": "branch",
        "line": 98,
        "loc": { "start": { "line": 98, "column": 2 }, "end": { "line": 100, "column": 1 } },
        "locations": [{ "start": { "line": 98, "column": 2 }, "end": { "line": 100, "column": 1 } }]
      }
    },
    "b": { "0": [4], "1": [0] },
    "fnMap": {
      "0": {
        "name": "getDefaultLanguage",
        "decl": { "start": { "line": 93, "column": 0 }, "end": { "line": 100, "column": 1 } },
        "loc": { "start": { "line": 93, "column": 0 }, "end": { "line": 100, "column": 1 } },
        "line": 93
      }
    },
    "f": { "0": 4 }
  }
}
